Log file open, 01/14/19 22:54:14
LogWindows: Failed to load 'aqProf.dll' (GetLastError=126)
LogWindows: File 'aqProf.dll' does not exist
LogWindows: Failed to load 'VSPerf140.dll' (GetLastError=126)
LogWindows: File 'VSPerf140.dll' does not exist
LogWindows: Failed to load 'VtuneApi.dll' (GetLastError=126)
LogWindows: File 'VtuneApi.dll' does not exist
LogWindows: Failed to load 'VtuneApi32e.dll' (GetLastError=126)
LogWindows: File 'VtuneApi32e.dll' does not exist
LogInit: Display: Running engine for game: JoeL_WBIC_sec2_AP
LogPlatformFile: Not using cached read wrapper
LogTaskGraph: Started task graph with 5 named threads and 47 total threads with 3 sets of task threads.
LogStats: Stats thread started at 0.537124
LogD3D11RHI: Loaded GFSDK_Aftermath_Lib.x64.dll
LogICUInternationalization: Display: ICU TimeZone Detection - Raw Offset: -7:00, Platform Override: ''
LogPluginManager: Mounting plugin Paper2D
LogPluginManager: Mounting plugin AISupport
LogPluginManager: Mounting plugin LightPropagationVolume
LogPluginManager: Mounting plugin CLionSourceCodeAccess
LogPluginManager: Mounting plugin CodeLiteSourceCodeAccess
LogPluginManager: Mounting plugin GitSourceControl
LogPluginManager: Mounting plugin KDevelopSourceCodeAccess
LogPluginManager: Mounting plugin NullSourceCodeAccess
LogPluginManager: Mounting plugin PerforceSourceControl
LogPluginManager: Mounting plugin SubversionSourceControl
LogPluginManager: Mounting plugin UObjectPlugin
LogPluginManager: Mounting plugin VisualStudioCodeSourceCodeAccess
LogPluginManager: Mounting plugin VisualStudioSourceCodeAccess
LogPluginManager: Mounting plugin XCodeSourceCodeAccess
LogPluginManager: Mounting plugin AssetManagerEditor
LogPluginManager: Mounting plugin CryptoKeys
LogPluginManager: Mounting plugin DataValidation
LogPluginManager: Mounting plugin FacialAnimation
LogPluginManager: Mounting plugin GameplayTagsEditor
LogPluginManager: Mounting plugin MacGraphicsSwitching
LogPluginManager: Mounting plugin MeshEditor
LogPluginManager: Mounting plugin MobileLauncherProfileWizard
LogPluginManager: Mounting plugin PluginBrowser
LogPluginManager: Mounting plugin SpeedTreeImporter
LogPluginManager: Mounting plugin DatasmithContent
LogPluginManager: Mounting plugin AlembicImporter
LogPluginManager: Mounting plugin AppleImageUtils
LogPluginManager: Mounting plugin AppleVision
LogPluginManager: Mounting plugin BackChannel
LogPluginManager: Mounting plugin CharacterAI
LogPluginManager: Mounting plugin GeometryCache
LogPluginManager: Mounting plugin HTML5Networking
LogPluginManager: Mounting plugin ProxyLODPlugin
LogPluginManager: Mounting plugin MagicLeap
LogPluginManager: Mounting plugin MagicLeapEmulator
LogPluginManager: Mounting plugin MagicLeapMedia
LogPluginManager: Mounting plugin AndroidMedia
LogPluginManager: Mounting plugin AvfMedia
LogPluginManager: Mounting plugin ImgMedia
LogPluginManager: Mounting plugin LinearTimecode
LogPluginManager: Mounting plugin MediaCompositing
LogPluginManager: Mounting plugin MediaPlayerEditor
LogPluginManager: Mounting plugin WmfMedia
LogPluginManager: Mounting plugin TcpMessaging
LogPluginManager: Mounting plugin UdpMessaging
LogPluginManager: Mounting plugin ActorSequence
LogPluginManager: Mounting plugin LevelSequenceEditor
LogPluginManager: Mounting plugin MatineeToLevelSequence
LogPluginManager: Mounting plugin NetcodeUnitTest
LogPluginManager: Mounting plugin NUTUnrealEngine4
LogPluginManager: Mounting plugin OnlineSubsystemGooglePlay
LogPluginManager: Mounting plugin OnlineSubsystemIOS
LogPluginManager: Mounting plugin OnlineSubsystem
LogPluginManager: Mounting plugin OnlineSubsystemNull
LogPluginManager: Mounting plugin OnlineSubsystemUtils
LogPluginManager: Mounting plugin LauncherChunkInstaller
LogPluginManager: Mounting plugin AndroidDeviceProfileSelector
LogPluginManager: Mounting plugin AndroidMoviePlayer
LogPluginManager: Mounting plugin AndroidPermission
LogPluginManager: Mounting plugin AppleMoviePlayer
LogPluginManager: Mounting plugin ArchVisCharacter
LogPluginManager: Mounting plugin AudioCapture
LogPluginManager: Mounting plugin CableComponent
LogPluginManager: Mounting plugin CustomMeshComponent
LogPluginManager: Mounting plugin EditableMesh
LogPluginManager: Mounting plugin ExampleDeviceProfileSelector
LogPluginManager: Mounting plugin GoogleCloudMessaging
LogPluginManager: Mounting plugin ImmediatePhysics
LogPluginManager: Mounting plugin IOSDeviceProfileSelector
LogPluginManager: Mounting plugin LinuxDeviceProfileSelector
LogPluginManager: Mounting plugin LocationServicesBPLibrary
LogPluginManager: Mounting plugin MobilePatchingUtils
LogPluginManager: Mounting plugin OculusVR
LogPluginManager: Plugin shader directory ../../../Engine/Plugins/Runtime/Oculus/OculusVR/Shaders found
LogPluginManager: Mapping shader source directory ../../../Engine/Plugins/Runtime/Oculus/OculusVR/Shaders to virtual directory /Plugin/OculusVR
LogPluginManager: Mounting plugin PhysXVehicles
LogPluginManager: Mounting plugin ProceduralMeshComponent
LogPluginManager: Mounting plugin RuntimePhysXCooking
LogPluginManager: Mounting plugin SteamVR
LogPluginManager: Mounting plugin WindowsMoviePlayer
LogStreaming: Display: Took  0.084s to configure plugins.
LogInit: Using libcurl 7.55.1-DEV
LogInit:  - built for x86_64-pc-win32
LogInit:  - supports SSL with OpenSSL/1.0.2h
LogInit:  - supports HTTP deflate (compression) using libz 1.2.8
LogInit:  - other features:
LogInit:      CURL_VERSION_SSL
LogInit:      CURL_VERSION_LIBZ
LogInit:      CURL_VERSION_IPV6
LogInit:      CURL_VERSION_ASYNCHDNS
LogInit:      CURL_VERSION_LARGEFILE
LogInit:      CURL_VERSION_IDN
LogInit:  CurlRequestOptions (configurable via config and command line):
LogInit:  - bVerifyPeer = false  - Libcurl will NOT verify peer certificate
LogInit:  - bUseHttpProxy = false  - Libcurl will NOT use HTTP proxy
LogInit:  - bDontReuseConnections = false  - Libcurl will reuse connections
LogInit:  - CertBundlePath = nullptr  - Libcurl will use whatever was configured at build time.
LogInit:  - MaxHostConnections = 16  - Libcurl will limit the number of connections to a host
LogInit:  - LocalHostAddr = Default
LogInit:  - BufferSize = 65536
LogInit: WinSock: version 1.1 (2.2), MaxSocks=32767, MaxUdp=65467
LogInit: Build: ++UE4+Release-4.20-CL-4369336
LogInit: Engine Version: 4.20.3-4369336+++UE4+Release-4.20
LogInit: Compatible Engine Version: 4.20.0-4212847+++UE4+Release-4.20
LogInit: Net CL: 4212847
LogInit: OS: Windows 10 (), CPU: AMD Ryzen 7 2700X Eight-Core Processor         , GPU: NVIDIA GeForce GTX 1070 Ti
LogInit: Compiled (64-bit): Sep 17 2018 12:26:19
LogInit: Compiled with Visual C++: 19.13.26129.00
LogInit: Build Configuration: Development
LogInit: Branch Name: ++UE4+Release-4.20
LogInit: Command Line: -EpicPortal  -epicusername="RememberJoe" -epicuserid=7d8407c65419443c9dc9be316c9ed383 -epiclocale=en-US
LogInit: Base Directory: D:/Epic Games/UE_4.20/Engine/Binaries/Win64/
LogInit: Installed Engine Build: 1
LogDevObjectVersion: Number of dev versions registered: 20
LogDevObjectVersion:   Dev-Blueprints (B0D832E4-1F89-4F0D-ACCF-7EB736FD4AA2): 10
LogDevObjectVersion:   Dev-Build (E1C64328-A22C-4D53-A36C-8E866417BD8C): 0
LogDevObjectVersion:   Dev-Core (375EC13C-06E4-48FB-B500-84F0262A717E): 2
LogDevObjectVersion:   Dev-Editor (E4B068ED-F494-42E9-A231-DA0B2E46BB41): 24
LogDevObjectVersion:   Dev-Framework (CFFC743F-43B0-4480-9391-14DF171D2073): 34
LogDevObjectVersion:   Dev-Mobile (B02B49B5-BB20-44E9-A304-32B752E40360): 2
LogDevObjectVersion:   Dev-Networking (A4E4105C-59A1-49B5-A7C5-40C4547EDFEE): 0
LogDevObjectVersion:   Dev-Online (39C831C9-5AE6-47DC-9A44-9C173E1C8E7C): 0
LogDevObjectVersion:   Dev-Physics (78F01B33-EBEA-4F98-B9B4-84EACCB95AA2): 0
LogDevObjectVersion:   Dev-Platform (6631380F-2D4D-43E0-8009-CF276956A95A): 0
LogDevObjectVersion:   Dev-Rendering (12F88B9F-8875-4AFC-A67C-D90C383ABD29): 26
LogDevObjectVersion:   Dev-Sequencer (7B5AE74C-D270-4C10-A958-57980B212A5A): 9
LogDevObjectVersion:   Dev-VR (D7296918-1DD6-4BDD-9DE2-64A83CC13884): 2
LogDevObjectVersion:   Dev-LoadTimes (C2A15278-BFE7-4AFE-6C17-90FF531DF755): 1
LogDevObjectVersion:   Private-Geometry (6EACA3D4-40EC-4CC1-B786-8BED09428FC5): 3
LogDevObjectVersion:   Dev-AnimPhys (29E575DD-E0A3-4627-9D10-D276232CDCEA): 17
LogDevObjectVersion:   Dev-ReflectionCapture (6B266CEC-1EC7-4B8F-A30B-E4D90942FC07): 1
LogDevObjectVersion:   Dev-Automation (0DF73D61-A23F-47EA-B727-89E90C41499A): 1
LogDevObjectVersion:   FortniteMain (601D1886-AC64-4F84-AA16-D3DE0DEAC7D6): 12
LogDevObjectVersion:   Dev-Enterprise (9DFFBCD6-494F-0158-E221-12823C92A888): 1
LogStreaming: Display: Took  0.000s to delete old logs.
LogInit: Presizing for max 8388607 objects, including 0 objects not considered by GC, pre-allocating 0 bytes for permanent pool.
LogInit: Object subsystem initialized
[2019.01.15-05.54.14:541][  0]LogInit: Selected Device Profile: [Windows]
[2019.01.15-05.54.14:541][  0]LogInit: Applying CVar settings loaded from the selected device profile: [Windows]
[2019.01.15-05.54.14:553][  0]LogHAL: Display: Platform has ~ 32 GB [34288173056 / 34359738368 / 32], which maps to Largest [LargestMinGB=32, LargerMinGB=12, DefaultMinGB=8, SmallerMinGB=6, SmallestMinGB=0)
[2019.01.15-05.54.14:553][  0]LogInit: Setting Device Profile CVar: [[r.Vulkan.UseRealUBs:1]]
[2019.01.15-05.54.14:554][  0]LogInit: Going up to parent DeviceProfile []
[2019.01.15-05.54.14:554][  0]LogInit: Computer: DESKTOP-K4PM0F2
[2019.01.15-05.54.14:554][  0]LogInit: User: JoeLiao
[2019.01.15-05.54.14:554][  0]LogInit: CPU Page size=4096, Cores=8
[2019.01.15-05.54.14:554][  0]LogInit: High frequency timer resolution =3.606510 MHz
[2019.01.15-05.54.14:554][  0]LogMemory: Memory total: Physical=31.9GB (32GB approx)
[2019.01.15-05.54.14:554][  0]LogMemory: Platform Memory Stats for Windows
[2019.01.15-05.54.14:554][  0]LogMemory: Process Physical Memory: 101.01 MB used, 101.01 MB peak
[2019.01.15-05.54.14:554][  0]LogMemory: Process Virtual Memory: 92.80 MB used, 92.80 MB peak
[2019.01.15-05.54.14:554][  0]LogMemory: Physical Memory: 7950.54 MB used,  24749.21 MB free, 32699.75 MB total
[2019.01.15-05.54.14:554][  0]LogMemory: Virtual Memory: 4680.11 MB used,  24749.21 MB free, 134217728.00 MB total
[2019.01.15-05.54.14:568][  0]LogInit: Using OS detected language (en-US).
[2019.01.15-05.54.14:568][  0]LogInit: Using OS detected locale (zh-CN).
[2019.01.15-05.54.14:569][  0]LogTextLocalizationManager: No specific localization for 'en-US' exists, so the 'en' localization will be used.
[2019.01.15-05.54.14:905][  0]LogStreaming: Display: Took  0.337s to InitEngineTextLocalization.
[2019.01.15-05.54.14:905][  0]LogInit: Setting process to per monitor DPI aware
[2019.01.15-05.54.14:939][  0]LogSlate: New Slate User Created.  User Index 0, Is Virtual User: 0
[2019.01.15-05.54.14:939][  0]LogSlate: Slate User Registered.  User Index 0, Is Virtual User: 0
[2019.01.15-05.54.15:110][  0]LogHMD: Failed to initialize OpenVR with code 110
[2019.01.15-05.54.15:110][  0]LogD3D11RHI: D3D11 adapters:
[2019.01.15-05.54.15:178][  0]LogD3D11RHI:    0. 'NVIDIA GeForce GTX 1070 Ti' (Feature Level 11_0)
[2019.01.15-05.54.15:178][  0]LogD3D11RHI:       8080/0/16349 MB DedicatedVideo/DedicatedSystem/SharedSystem, Outputs:2, VendorId:0x10de
[2019.01.15-05.54.15:180][  0]LogD3D11RHI:    1. 'Microsoft Basic Render Driver' (Feature Level 11_0)
[2019.01.15-05.54.15:180][  0]LogD3D11RHI:       0/0/16349 MB DedicatedVideo/DedicatedSystem/SharedSystem, Outputs:0, VendorId:0x1414
[2019.01.15-05.54.15:180][  0]LogD3D11RHI: Chosen D3D11 Adapter: 0
[2019.01.15-05.54.15:188][  0]LogD3D11RHI: Creating new Direct3DDevice
[2019.01.15-05.54.15:188][  0]LogD3D11RHI:     GPU DeviceId: 0x1b82 (for the marketing name, search the web for "GPU Device Id")
[2019.01.15-05.54.15:188][  0]LogWindows: EnumDisplayDevices:
[2019.01.15-05.54.15:188][  0]LogWindows:    0. 'NVIDIA GeForce GTX 1070 Ti' (P:1 D:1)
[2019.01.15-05.54.15:189][  0]LogWindows:    1. 'NVIDIA GeForce GTX 1070 Ti' (P:0 D:1)
[2019.01.15-05.54.15:189][  0]LogWindows:    2. 'NVIDIA GeForce GTX 1070 Ti' (P:0 D:0)
[2019.01.15-05.54.15:189][  0]LogWindows:    3. 'NVIDIA GeForce GTX 1070 Ti' (P:0 D:0)
[2019.01.15-05.54.15:189][  0]LogWindows: DebugString: FoundDriverCount:4 
[2019.01.15-05.54.15:189][  0]LogD3D11RHI:     Adapter Name: NVIDIA GeForce GTX 1070 Ti
[2019.01.15-05.54.15:189][  0]LogD3D11RHI:   Driver Version: 417.35 (internal:25.21.14.1735, unified:417.35)
[2019.01.15-05.54.15:189][  0]LogD3D11RHI:      Driver Date: 12-11-2018
[2019.01.15-05.54.15:189][  0]LogRHI: Texture pool is 5656 MB (70% of 8080 MB)
[2019.01.15-05.54.15:237][  0]LogD3D11RHI: Async texture creation enabled
[2019.01.15-05.54.15:259][  0]LogD3D11RHI: GPU Timing Frequency: 1000.000000 (Debug: 2 2)
[2019.01.15-05.54.15:351][  0]LogShaderCompilers: Guid format shader working directory is -25 characters bigger than the processId version (C:/Users/Joe Liao/Documents/GitHub/J.Liao-AssetPipeline/JoeL_WBIC_sec2_AP/Intermediate/Shaders/WorkingDirectory/20348/).
[2019.01.15-05.54.15:351][  0]LogShaderCompilers: Cleaned the shader compiler working directory 'C:/Users/Joe Liao/AppData/Local/Temp/UnrealShaderWorkingDir/2E2C18BA4F40679C0EB44DAD1B8BFF3E/'.
[2019.01.15-05.54.15:570][  0]LogTemp: Display: Loaded TP AllDesktopTargetPlatform
[2019.01.15-05.54.15:584][  0]LogTemp: Display: Loaded TP MacClientTargetPlatform
[2019.01.15-05.54.15:596][  0]LogTemp: Display: Loaded TP MacNoEditorTargetPlatform
[2019.01.15-05.54.15:609][  0]LogTemp: Display: Loaded TP MacServerTargetPlatform
[2019.01.15-05.54.15:626][  0]LogTemp: Display: Loaded TP MacTargetPlatform
[2019.01.15-05.54.15:642][  0]LogTemp: Display: Loaded TP WindowsClientTargetPlatform
[2019.01.15-05.54.15:655][  0]LogTemp: Display: Loaded TP WindowsNoEditorTargetPlatform
[2019.01.15-05.54.15:668][  0]LogTemp: Display: Loaded TP WindowsServerTargetPlatform
[2019.01.15-05.54.15:673][  0]LogTemp: Display: Loaded TP WindowsTargetPlatform
[2019.01.15-05.54.15:750][  0]LogTemp: Display: Loaded TP AndroidTargetPlatform
[2019.01.15-05.54.15:750][  0]LogTemp: Display: Loaded TP AndroidTargetPlatform
[2019.01.15-05.54.15:750][  0]LogTemp: Display: Loaded TP AndroidTargetPlatform
[2019.01.15-05.54.15:750][  0]LogTemp: Display: Loaded TP AndroidTargetPlatform
[2019.01.15-05.54.15:750][  0]LogTemp: Display: Loaded TP AndroidTargetPlatform
[2019.01.15-05.54.15:750][  0]LogTemp: Display: Loaded TP AndroidTargetPlatform
[2019.01.15-05.54.15:750][  0]LogTemp: Display: Loaded TP AndroidTargetPlatform
[2019.01.15-05.54.15:750][  0]LogTemp: Display: Loaded TP AndroidTargetPlatform
[2019.01.15-05.54.15:750][  0]LogTemp: Display: Loaded TP AndroidTargetPlatform
[2019.01.15-05.54.15:750][  0]LogTemp: Display: Loaded TP AndroidTargetPlatform
[2019.01.15-05.54.15:750][  0]LogTemp: Display: Loaded TP AndroidTargetPlatform
[2019.01.15-05.54.15:750][  0]LogTemp: Display: Loaded TP AndroidTargetPlatform
[2019.01.15-05.54.15:750][  0]LogTemp: Display: Loaded TP AndroidTargetPlatform
[2019.01.15-05.54.15:750][  0]LogTemp: Display: Loaded TP AndroidTargetPlatform
[2019.01.15-05.54.15:750][  0]LogTemp: Display: Loaded TP AndroidTargetPlatform
[2019.01.15-05.54.15:750][  0]LogTemp: Display: Loaded TP AndroidTargetPlatform
[2019.01.15-05.54.15:750][  0]LogTemp: Display: Loaded TP AndroidTargetPlatform
[2019.01.15-05.54.15:750][  0]LogTemp: Display: Loaded TP AndroidTargetPlatform
[2019.01.15-05.54.15:751][  0]LogTemp: Display: Loaded TP HTML5TargetPlatform
[2019.01.15-05.54.15:809][  0]LogTemp: Display: Loaded TP IOSTargetPlatform
[2019.01.15-05.54.15:809][  0]LogTemp: Display: Loaded TP IOSTargetPlatform
[2019.01.15-05.54.15:831][  0]LogTemp: Display: Loaded TP TVOSTargetPlatform
[2019.01.15-05.54.15:831][  0]LogTemp: Display: Loaded TP TVOSTargetPlatform
[2019.01.15-05.54.15:843][  0]LogTemp: Display: Loaded TP LinuxClientTargetPlatform
[2019.01.15-05.54.15:855][  0]LogTemp: Display: Loaded TP LinuxNoEditorTargetPlatform
[2019.01.15-05.54.15:866][  0]LogTemp: Display: Loaded TP LinuxServerTargetPlatform
[2019.01.15-05.54.15:879][  0]LogTemp: Display: Loaded TP LinuxTargetPlatform
[2019.01.15-05.54.15:887][  0]LogTemp: Display: Loaded TP LuminTargetPlatform
[2019.01.15-05.54.15:887][  0]LogTargetPlatformManager: Display: Building Assets For Windows
[2019.01.15-05.54.15:934][  0]LogXGEController: Cannot use XGE Controller as Incredibuild is not installed on this machine.
[2019.01.15-05.54.15:934][  0]LogShaderCompilers: Cannot use XGE Shader Compiler as Incredibuild is not installed on this machine.
[2019.01.15-05.54.15:934][  0]LogShaderCompilers: Display: Using Local Shader Compiler.
[2019.01.15-05.54.16:518][  0]LogDerivedDataCache: Display: Max Cache Size: 512 MB
[2019.01.15-05.54.16:570][  0]LogDerivedDataCache: Loaded boot cache 0.05s 87MB C:/Users/Joe Liao/AppData/Local/UnrealEngine/4.20/DerivedDataCache/Boot.ddc.
[2019.01.15-05.54.16:570][  0]LogDerivedDataCache: Display: Loaded Boot cache: C:/Users/Joe Liao/AppData/Local/UnrealEngine/4.20/DerivedDataCache/Boot.ddc
[2019.01.15-05.54.16:570][  0]LogDerivedDataCache: FDerivedDataBackendGraph:  Pak pak cache file C:/Users/Joe Liao/Documents/GitHub/J.Liao-AssetPipeline/JoeL_WBIC_sec2_AP/DerivedDataCache/DDC.ddp not found, will not use a pak cache.
[2019.01.15-05.54.16:570][  0]LogDerivedDataCache: Unable to find inner node Pak for hierarchical cache Hierarchy.
[2019.01.15-05.54.16:570][  0]LogDerivedDataCache: FDerivedDataBackendGraph:  CompressedPak pak cache file C:/Users/Joe Liao/Documents/GitHub/J.Liao-AssetPipeline/JoeL_WBIC_sec2_AP/DerivedDataCache/Compressed.ddp not found, will not use a pak cache.
[2019.01.15-05.54.16:570][  0]LogDerivedDataCache: Unable to find inner node CompressedPak for hierarchical cache Hierarchy.
[2019.01.15-05.54.16:581][  0]LogDerivedDataCache: Display: Pak cache opened for reading ../../../Engine/DerivedDataCache/Compressed.ddp.
[2019.01.15-05.54.16:593][  0]LogDerivedDataCache: Using Local data cache path C:/Users/Joe Liao/AppData/Local/UnrealEngine/Common/DerivedDataCache: Writable
[2019.01.15-05.54.16:593][  0]LogDerivedDataCache: Shared data cache path not found in *engine.ini, will not use an Shared cache.
[2019.01.15-05.54.16:593][  0]LogDerivedDataCache: Unable to find inner node Shared for hierarchical cache Hierarchy.
[2019.01.15-05.54.16:609][  0]LogMaterial: Verifying Global Shaders for PCD3D_SM5
[2019.01.15-05.54.16:610][  0]LogSlate: Using FreeType 2.6.0
[2019.01.15-05.54.16:611][  0]LogSlate: SlateFontServices - WITH_FREETYPE: 1, WITH_HARFBUZZ: 1
[2019.01.15-05.54.16:677][  0]LogAssetRegistry: FAssetRegistry took 0.0256 seconds to start up
[2019.01.15-05.54.16:998][  0]LogInit: Selected Device Profile: [Windows]
[2019.01.15-05.54.17:103][  0]LogSimplygon: Simplygon DLL not present - disabling.
[2019.01.15-05.54.17:105][  0]LogMeshReduction: Using SimplygonSwarm for distributed automatic mesh merging
[2019.01.15-05.54.17:105][  0]LogMeshReduction: Using ProxyLODMeshReduction for automatic mesh merging
[2019.01.15-05.54.17:105][  0]LogMeshReduction: Using QuadricMeshReduction for automatic static mesh reduction
[2019.01.15-05.54.17:105][  0]LogMeshReduction: No automatic skeletal mesh reduction module available
[2019.01.15-05.54.17:124][  0]LogNetVersion: JoeL_WBIC_sec2_AP 1.0.0, NetCL: 4212847, EngineNetVer: 5, GameNetVer: 0 (Checksum: 950050947)
[2019.01.15-05.54.17:537][  0]LogPackageLocalizationCache: Processed 11 localized package path(s) for 2 prioritized culture(s) in 0.095247 seconds
[2019.01.15-05.54.17:545][  0]LogUObjectArray: 38425 objects as part of root set at end of initial load.
[2019.01.15-05.54.17:545][  0]LogUObjectAllocator: 6690872 out of 0 bytes used by permanent object pool.
[2019.01.15-05.54.17:545][  0]LogUObjectArray: CloseDisregardForGC: 0/0 objects in disregard for GC pool
[2019.01.15-05.54.18:247][  0]LogTcpMessaging: Initializing TcpMessaging bridge
[2019.01.15-05.54.18:259][  0]LogUdpMessaging: Initializing bridge on interface 0.0.0.0:0 to multicast group 230.0.0.1:6666.
[2019.01.15-05.54.18:381][  0]SourceControl: Source control is disabled
[2019.01.15-05.54.18:381][  0]SourceControl: Source control is disabled
[2019.01.15-05.54.18:382][  0]SourceControl: Source control is disabled
[2019.01.15-05.54.18:383][  0]SourceControl: Source control is disabled
[2019.01.15-05.54.18:533][  0]LogAndroidPermission: UAndroidPermissionCallbackProxy::GetInstance
[2019.01.15-05.54.18:598][  0]LogOcInput: OculusInput pre-init called
[2019.01.15-05.54.18:650][  0]LogEngine: Initializing Engine...
[2019.01.15-05.54.18:650][  0]LogHMD: Failed to initialize OpenVR with code 110
[2019.01.15-05.54.18:651][  0]LogStats: UGameplayTagsManager::ConstructGameplayTagTree: ImportINI prefixes -  0.000 s
[2019.01.15-05.54.18:651][  0]LogStats: UGameplayTagsManager::ConstructGameplayTagTree: Construct from data asset -  0.000 s
[2019.01.15-05.54.18:651][  0]LogStats: UGameplayTagsManager::ConstructGameplayTagTree: ImportINI -  0.000 s
[2019.01.15-05.54.18:652][  0]LogStats: UGameplayTagsManager::ConstructGameplayTagTree: GameplayTagTreeChangedEvent.Broadcast -  0.000 s
[2019.01.15-05.54.18:808][  0]LogInit: Initializing FReadOnlyCVARCache
[2019.01.15-05.54.18:818][  0]LogAIModule: Creating AISystem for world Untitled
[2019.01.15-05.54.18:831][  0]LogInit: XAudio2 using 'Speakers (Logitech G633 Gaming Headset)' : 6 channels at 44.1 kHz using 16 bits per sample (channel mask 0x3f)
[2019.01.15-05.54.18:847][  0]LogInit: FAudioDevice initialized.
[2019.01.15-05.54.18:847][  0]LogNetVersion: Set ProjectVersion to 1.0.0.0. Version Checksum will be recalculated on next use.
[2019.01.15-05.54.18:904][  0]LogDerivedDataCache: Saved boot cache 0.06s 87MB C:/Users/Joe Liao/AppData/Local/UnrealEngine/4.20/DerivedDataCache/Boot.ddc.
[2019.01.15-05.54.18:913][  0]LogInit: Texture streaming: Enabled
[2019.01.15-05.54.18:929][  0]LogEngineSessionManager: EngineSessionManager initialized
[2019.01.15-05.54.18:946][  0]LogInit: Transaction tracking system initialized
[2019.01.15-05.54.18:965][  0]BlueprintLog: New page: Editor Load
[2019.01.15-05.54.19:027][  0]LocalizationService: Localization service is disabled
[2019.01.15-05.54.19:229][  0]LogCook: Display: Max memory allowance for cook 16384mb min free memory 0mb
[2019.01.15-05.54.19:229][  0]LogFileCache: Scanning file cache for directory 'C:/Users/Joe Liao/Documents/GitHub/J.Liao-AssetPipeline/JoeL_WBIC_sec2_AP/Content/' took 0.01s
[2019.01.15-05.54.19:229][  0]LogCook: Display: Mobile HDR setting 1
[2019.01.15-05.54.19:229][  0]LogGameplayTags: Display: UGameplayTagsManager::DoneAddingNativeTags. DelegateIsBound: 0
[2019.01.15-05.54.19:229][  0]LogStats: UGameplayTagsManager::ConstructGameplayTagTree: ImportINI prefixes -  0.000 s
[2019.01.15-05.54.19:229][  0]LogStats: UGameplayTagsManager::ConstructGameplayTagTree: Construct from data asset -  0.000 s
[2019.01.15-05.54.19:229][  0]LogStats: UGameplayTagsManager::ConstructGameplayTagTree: ImportINI -  0.000 s
[2019.01.15-05.54.19:229][  0]LogStats: UGameplayTagsManager::ConstructGameplayTagTree: GameplayTagTreeChangedEvent.Broadcast -  0.000 s
[2019.01.15-05.54.19:321][  0]SourceControl: Source control is disabled
[2019.01.15-05.54.19:321][  0]Cmd: MAP LOAD FILE="../../../Engine/Content/Maps/Templates/Template_Default.umap" TEMPLATE=1 SHOWPROGRESS=1 FEATURELEVEL=3
[2019.01.15-05.54.19:321][  0]LightingResults: New page: Lighting Build
[2019.01.15-05.54.19:324][  0]MapCheck: New page: Map Check
[2019.01.15-05.54.19:324][  0]LightingResults: New page: Lighting Build
[2019.01.15-05.54.19:524][  0]LogAIModule: Creating AISystem for world Untitled_1
[2019.01.15-05.54.19:530][  0]LogEditorServer: Finished looking for orphan Actors (0.000 secs)
[2019.01.15-05.54.19:557][  0]Cmd: MAP CHECKDEP NOCLEARLOG
[2019.01.15-05.54.19:596][  0]MapCheck: Map check complete: 0 Error(s), 0 Warning(s), took 38.93ms to complete.
[2019.01.15-05.54.19:596][  0]LogFileHelpers: Loading map 'Template_Default' took 0.275
[2019.01.15-05.54.19:860][  0]LogSlate: Updating window title bar state: overlay mode, drag disabled, window buttons hidden, title bar hidden
[2019.01.15-05.54.19:867][  0]LogSlate: Updating window title bar state: overlay mode, drag disabled, window buttons hidden, title bar hidden
[2019.01.15-05.54.19:873][  0]LogSlate: Updating window title bar state: overlay mode, drag disabled, window buttons hidden, title bar hidden
[2019.01.15-05.54.19:880][  0]LogSlate: Updating window title bar state: overlay mode, drag disabled, window buttons hidden, title bar hidden
[2019.01.15-05.54.19:900][  0]LogCollectionManager: Loaded 0 collections in 0.001102 seconds
[2019.01.15-05.54.19:949][  0]LogFileCache: Scanning file cache for directory 'C:/Users/Joe Liao/Documents/GitHub/J.Liao-AssetPipeline/JoeL_WBIC_sec2_AP/Saved/Collections/' took 0.01s
[2019.01.15-05.54.19:949][  0]LogFileCache: Scanning file cache for directory 'C:/Users/Joe Liao/Documents/GitHub/J.Liao-AssetPipeline/JoeL_WBIC_sec2_AP/Content/Developers/JoeLiao/Collections/' took 0.01s
[2019.01.15-05.54.19:949][  0]LogFileCache: Scanning file cache for directory 'C:/Users/Joe Liao/Documents/GitHub/J.Liao-AssetPipeline/JoeL_WBIC_sec2_AP/Content/Collections/' took 0.01s
[2019.01.15-05.54.19:949][  0]LogCollectionManager: Rebuilt the GUID cache for 0 collections in 0.000000 seconds
[2019.01.15-05.54.19:958][  0]LogContentBrowser: Native class hierarchy populated in 0.0087 seconds. Added 2572 classes and 603 folders.
[2019.01.15-05.54.19:964][  0]LogContentBrowser: Native class hierarchy updated for 'WidgetCarousel' in 0.0002 seconds. Added 0 classes and 0 folders.
[2019.01.15-05.54.20:773][  0]LogContentBrowser: Native class hierarchy updated for 'AddContentDialog' in 0.0003 seconds. Added 0 classes and 0 folders.
[2019.01.15-05.54.20:803][  0]LogContentBrowser: Native class hierarchy updated for 'SceneOutliner' in 0.0003 seconds. Added 1 classes and 2 folders.
[2019.01.15-05.54.20:817][  0]LogSlate: Took 0.000184 seconds to synchronously load lazily loaded font '../../../Engine/Content/Slate/Fonts/Roboto-Regular.ttf' (155K)
[2019.01.15-05.54.20:818][  0]LogSlate: Took 0.000156 seconds to synchronously load lazily loaded font '../../../Engine/Content/Slate/Fonts/Roboto-Bold.ttf' (160K)
[2019.01.15-05.54.20:835][  0]LogSlate: Took 0.012435 seconds to synchronously load lazily loaded font '../../../Engine/Content/Editor/Slate/Fonts/FontAwesome.ttf' (139K)
[2019.01.15-05.54.21:023][  0]LogRenderer: Reallocating scene render targets to support 1208x576 Format 10 NumSamples 1 (Frame:1).
[2019.01.15-05.54.21:117][  0]LogSlate: FSceneViewport::OnFocusLost() reason 2
[2019.01.15-05.54.21:217][  0]LogSlate: Window 'Tutorials' being destroyed
[2019.01.15-05.54.21:245][  0]LogContentBrowser: Native class hierarchy updated for 'HierarchicalLODOutliner' in 0.0003 seconds. Added 0 classes and 0 folders.
[2019.01.15-05.54.21:245][  0]LogLoad: (Engine Initialization) Total time: 8.55 seconds
[2019.01.15-05.54.21:245][  0]LogLoad: (Engine Initialization) Total Blueprint compile time: 0.00 seconds
[2019.01.15-05.54.21:255][  0]LogWindowsTextInputMethodSystem: Display: IME system now deactivated.
[2019.01.15-05.54.21:276][  0]LogContentStreaming: Texture pool size now 1000 MB
[2019.01.15-05.54.21:305][  0]LogSlate: Took 0.015163 seconds to synchronously load lazily loaded font '../../../Engine/Content/Slate/Fonts/Roboto-Light.ttf' (167K)
[2019.01.15-05.54.21:324][  1]LogAssetRegistry: Asset discovery search completed in 4.6689 seconds
[2019.01.15-05.54.21:325][  1]LogCollectionManager: Rebuilt the object cache for 0 collections in 0.000000 seconds (found 0 objects)
[2019.01.15-05.54.21:325][  1]LogCollectionManager: Fixed up redirectors for 0 collections in 0.000033 seconds (updated 0 objects)
[2019.01.15-05.54.24:136][332]LogSlate: FSceneViewport::OnFocusLost() reason 0
[2019.01.15-05.54.24:280][348]LogSlate: Took 0.000179 seconds to synchronously load lazily loaded font '../../../Engine/Content/Slate/Fonts/Roboto-Light.ttf' (167K)
[2019.01.15-05.54.24:327][348]LogMaterial: Display: Missing cached shader map for material M_Whitebox_JoeL, compiling. 
[2019.01.15-05.54.24:370][348]LogAIModule: Creating AISystem for world JoeL_WBStreet
[2019.01.15-05.54.24:374][348]LogShaderCompilers: Display: Shaders left to compile 22
[2019.01.15-05.54.24:374][348]LogShaderCompilers: Display: Shaders left to compile 12
[2019.01.15-05.54.24:374][348]LogShaderCompilers: Display: Shaders left to compile 2
[2019.01.15-05.54.24:376][348]LogAssetEditorManager: Opening Asset editor for World /Game/JoeL_WBStreet.JoeL_WBStreet
[2019.01.15-05.54.24:417][348]Cmd: MAP LOAD FILE="C:/Users/Joe Liao/Documents/GitHub/J.Liao-AssetPipeline/JoeL_WBIC_sec2_AP/Content/JoeL_WBStreet.umap" TEMPLATE=0 SHOWPROGRESS=1 FEATURELEVEL=3
[2019.01.15-05.54.24:417][348]LightingResults: New page: Lighting Build
[2019.01.15-05.54.24:418][348]LoadErrors: New page: Loading map: JoeL_WBStreet.umap
[2019.01.15-05.54.24:418][348]MapCheck: New page: Map Check
[2019.01.15-05.54.24:418][348]LightingResults: New page: Lighting Build
[2019.01.15-05.54.24:459][348]LogEditorServer: Finished looking for orphan Actors (0.000 secs)
[2019.01.15-05.54.24:510][348]Cmd: MAP CHECKDEP NOCLEARLOG
[2019.01.15-05.54.24:556][348]MapCheck: Map check complete: 0 Error(s), 0 Warning(s), took 46.454ms to complete.
[2019.01.15-05.54.24:556][348]LogFileHelpers: Loading map 'JoeL_WBStreet' took 0.140
[2019.01.15-05.54.29:555][920]LogEditorViewport: Clicking on Actor (LMB): BP_Sky_Sphere_C (Sky Sphere)
[2019.01.15-05.57.18:273][156]LogFactory: FactoryCreateFile: StaticMesh with FbxFactory (0 0 C:\Users\Joe Liao\Desktop\Studying makes me happy\U of U\4-19Spring\EAE 3010\02-In-Class White Box Level Design Assignment\mann.obj)
[2019.01.15-05.57.18:285][156]LogFbx: Loading FBX Scene from C:\Users\Joe Liao\Desktop\Studying makes me happy\U of U\4-19Spring\EAE 3010\02-In-Class White Box Level Design Assignment\mann.obj
[2019.01.15-05.57.18:376][156]LogFbx: FBX Scene Loaded Succesfully
[2019.01.15-05.57.18:397][156]LogSlate: FSceneViewport::OnFocusLost() reason 2
[2019.01.15-05.57.20:483][156]LogSlate: Window 'FBX Import Options' being destroyed
[2019.01.15-05.57.20:635][156]LogMaterial: Display: Missing cached shader map for material SM_hatMat, compiling. 
[2019.01.15-05.57.20:646][156]LogFbx: Warning: Triangulating static mesh SM_hat
[2019.01.15-05.57.20:958][156]LogShaderCompilers: Display: Shaders left to compile 22
[2019.01.15-05.57.20:958][156]LogShaderCompilers: Display: Shaders left to compile 12
[2019.01.15-05.57.20:958][156]LogShaderCompilers: Display: Shaders left to compile 2
[2019.01.15-05.57.20:999][156]LogStaticMesh: Building static mesh mann...
[2019.01.15-05.57.21:094][156]LogStaticMesh: Built static mesh [0.10s] /Game/mann.mann
[2019.01.15-05.57.22:379][294]LogAssetEditorManager: Opening Asset editor for StaticMesh /Game/mann.mann
[2019.01.15-05.57.23:186][294]LogSlate: Took 0.007584 seconds to synchronously load lazily loaded font '../../../Engine/Content/Slate/Fonts/Roboto-Italic.ttf' (157K)
[2019.01.15-05.57.25:629][581]LogSlate: Window 'mann*' being destroyed
[2019.01.15-05.57.25:632][581]LogSlate: Window 'mann*' being destroyed
[2019.01.15-05.57.45:526][382]LogEditorViewport: Clicking on Actor (LMB): BP_Sky_Sphere_C (Sky Sphere)
[2019.01.15-05.57.54:298][426]LogSlate: FSceneViewport::OnFocusLost() reason 0
[2019.01.15-05.58.27:257][354]LogAssetEditorManager: Opening Asset editor for World /Game/JoeL_WBStreet.JoeL_WBStreet
[2019.01.15-05.58.29:062][354]LogSlate: Window 'Save Content' being destroyed
[2019.01.15-05.58.44:315][166]Cmd: OBJ SAVEPACKAGE PACKAGE="/Game/JLiao_WBStreet_BuiltData" FILE="C:/Users/Joe Liao/Documents/GitHub/J.Liao-AssetPipeline/JoeL_WBIC_sec2_AP/Content/JLiao_WBStreet_BuiltData.uasset" SILENT=true
[2019.01.15-05.58.44:328][166]LogSavePackage: Moving 'C:/Users/Joe Liao/Documents/GitHub/J.Liao-AssetPipeline/JoeL_WBIC_sec2_AP/Saved/JLiao_WBStreet_BuiltData73D5C116418968E5965DAB9C4302CF01.tmp' to 'C:/Users/Joe Liao/Documents/GitHub/J.Liao-AssetPipeline/JoeL_WBIC_sec2_AP/Content/JLiao_WBStreet_BuiltData.uasset'
[2019.01.15-05.58.44:533][166]LogSavePackage: Moving 'C:/Users/Joe Liao/Documents/GitHub/J.Liao-AssetPipeline/JoeL_WBIC_sec2_AP/Saved/JLiao_WBStreet2C20E18D4AA2987BE5FE02B5936D8C69.tmp' to 'C:/Users/Joe Liao/Documents/GitHub/J.Liao-AssetPipeline/JoeL_WBIC_sec2_AP/Content/JLiao_WBStreet.umap'
[2019.01.15-05.58.44:561][166]LogFileHelpers: Saving map 'JLiao_WBStreet' took 0.226
[2019.01.15-05.58.50:245][809]LogAssetEditorManager: Opening Asset editor for Material /Game/M_Whitebox_JoeL.M_Whitebox_JoeL
[2019.01.15-05.58.50:247][809]LogMaterial: Display: Missing cached shader map for material M_Whitebox_JoeL, compiling. 
[2019.01.15-05.58.50:319][809]LogMaterial: Display: Missing cached shader map for material M_Whitebox_JoeL, compiling. 
[2019.01.15-05.58.50:331][809]LogMaterial: Display: Missing cached shader map for material M_Whitebox_JoeL, compiling. 
[2019.01.15-05.58.50:348][809]LogShaderCompilers: Display: Shaders left to compile 21
[2019.01.15-05.58.50:348][809]LogShaderCompilers: Display: Shaders left to compile 20
[2019.01.15-05.58.50:348][809]LogShaderCompilers: Display: Shaders left to compile 19
[2019.01.15-05.58.50:348][809]LogShaderCompilers: Display: Shaders left to compile 18
[2019.01.15-05.58.50:348][809]LogShaderCompilers: Display: Shaders left to compile 17
[2019.01.15-05.58.50:348][809]LogShaderCompilers: Display: Shaders left to compile 16
[2019.01.15-05.58.50:348][809]LogShaderCompilers: Display: Shaders left to compile 15
[2019.01.15-05.58.50:348][809]LogShaderCompilers: Display: Shaders left to compile 14
[2019.01.15-05.58.50:348][809]LogShaderCompilers: Display: Shaders left to compile 13
[2019.01.15-05.58.50:348][809]LogShaderCompilers: Display: Shaders left to compile 12
[2019.01.15-05.58.50:348][809]LogShaderCompilers: Display: Shaders left to compile 11
[2019.01.15-05.58.50:348][809]LogShaderCompilers: Display: Shaders left to compile 10
[2019.01.15-05.58.50:372][809]LogMaterial: Display: Missing cached shader map for material FMatExpressionPreview MaterialExpressionVectorParameter_0, compiling. 
[2019.01.15-05.58.50:417][809]LogSlate: Took 0.019354 seconds to synchronously load lazily loaded font '../../../Engine/Content/Slate/Fonts/Roboto-BoldCondensed.ttf' (158K)
[2019.01.15-05.58.51:092][861]LogShaderCompilers: Display: Shaders left to compile 11
[2019.01.15-05.58.51:114][863]LogShaderCompilers: Display: Shaders left to compile 10
[2019.01.15-05.58.51:133][865]LogShaderCompilers: Display: Shaders left to compile 9
[2019.01.15-05.58.51:133][865]LogShaderCompilers: Display: Shaders left to compile 8
[2019.01.15-05.58.51:133][865]LogShaderCompilers: Display: Shaders left to compile 7
[2019.01.15-05.58.51:165][868]LogShaderCompilers: Display: Shaders left to compile 6
[2019.01.15-05.58.51:165][868]LogShaderCompilers: Display: Shaders left to compile 5
[2019.01.15-05.58.51:185][870]LogShaderCompilers: Display: Shaders left to compile 4
[2019.01.15-05.58.51:195][871]LogShaderCompilers: Display: Shaders left to compile 3
[2019.01.15-05.58.51:195][871]LogShaderCompilers: Display: Shaders left to compile 2
[2019.01.15-05.58.51:355][889]LogShaderCompilers: Display: Shaders left to compile 1
[2019.01.15-05.58.51:652][920]MaterialEditorStats: Base pass shader: 101 instructions
[2019.01.15-05.58.51:652][920]MaterialEditorStats: Base pass shader with Volumetric Lightmap: 174 instructions
[2019.01.15-05.58.51:652][920]MaterialEditorStats: Base pass vertex shader: 32 instructions
[2019.01.15-05.58.51:652][920]MaterialEditorStats: Texture samplers: 3/16
[2019.01.15-05.59.05:118][514]LogAssetEditorManager: Opening Asset editor for Material /Game/M_Whitebox_JoeL.M_Whitebox_JoeL
[2019.01.15-05.59.05:120][514]LogMaterial: Display: Missing cached shader map for material PreviewMaterial_0, compiling. 
[2019.01.15-05.59.05:186][514]LogMaterial: Display: Missing cached shader map for material PreviewMaterial_0, compiling. 
[2019.01.15-05.59.05:198][514]LogMaterial: Display: Missing cached shader map for material PreviewMaterial_0, compiling. 
[2019.01.15-05.59.05:214][514]LogShaderCompilers: Display: Shaders left to compile 21
[2019.01.15-05.59.05:214][514]LogShaderCompilers: Display: Shaders left to compile 20
[2019.01.15-05.59.05:214][514]LogShaderCompilers: Display: Shaders left to compile 19
[2019.01.15-05.59.05:214][514]LogShaderCompilers: Display: Shaders left to compile 18
[2019.01.15-05.59.05:214][514]LogShaderCompilers: Display: Shaders left to compile 17
[2019.01.15-05.59.05:214][514]LogShaderCompilers: Display: Shaders left to compile 16
[2019.01.15-05.59.05:214][514]LogShaderCompilers: Display: Shaders left to compile 15
[2019.01.15-05.59.05:214][514]LogShaderCompilers: Display: Shaders left to compile 14
[2019.01.15-05.59.05:214][514]LogShaderCompilers: Display: Shaders left to compile 13
[2019.01.15-05.59.05:214][514]LogShaderCompilers: Display: Shaders left to compile 12
[2019.01.15-05.59.05:214][514]LogShaderCompilers: Display: Shaders left to compile 11
[2019.01.15-05.59.05:214][514]LogShaderCompilers: Display: Shaders left to compile 10
[2019.01.15-05.59.05:238][514]LogMaterial: Display: Missing cached shader map for material FMatExpressionPreview MaterialExpressionVectorParameter_0, compiling. 
[2019.01.15-05.59.05:401][516]LogShaderCompilers: Display: Shaders left to compile 11
[2019.01.15-05.59.05:401][516]LogShaderCompilers: Display: Shaders left to compile 10
[2019.01.15-05.59.05:410][517]LogShaderCompilers: Display: Shaders left to compile 9
[2019.01.15-05.59.05:426][519]LogShaderCompilers: Display: Shaders left to compile 8
[2019.01.15-05.59.05:442][521]LogShaderCompilers: Display: Shaders left to compile 7
[2019.01.15-05.59.05:451][522]LogShaderCompilers: Display: Shaders left to compile 6
[2019.01.15-05.59.05:451][522]LogShaderCompilers: Display: Shaders left to compile 5
[2019.01.15-05.59.05:451][522]LogShaderCompilers: Display: Shaders left to compile 4
[2019.01.15-05.59.05:483][526]LogShaderCompilers: Display: Shaders left to compile 3
[2019.01.15-05.59.05:508][529]LogShaderCompilers: Display: Shaders left to compile 2
[2019.01.15-05.59.05:629][543]LogShaderCompilers: Display: Shaders left to compile 1
[2019.01.15-05.59.05:889][573]MaterialEditorStats: Base pass shader: 101 instructions
[2019.01.15-05.59.05:889][573]MaterialEditorStats: Base pass shader with Volumetric Lightmap: 174 instructions
[2019.01.15-05.59.05:889][573]MaterialEditorStats: Base pass vertex shader: 32 instructions
[2019.01.15-05.59.05:889][573]MaterialEditorStats: Texture samplers: 3/16
[2019.01.15-05.59.12:127][303]Cmd: OBJ SAVEPACKAGE PACKAGE="/Game/M_Whitebox_JLiao" FILE="C:/Users/Joe Liao/Documents/GitHub/J.Liao-AssetPipeline/JoeL_WBIC_sec2_AP/Content/M_Whitebox_JLiao.uasset" SILENT=true
[2019.01.15-05.59.12:141][303]LogSavePackage: Moving 'C:/Users/Joe Liao/Documents/GitHub/J.Liao-AssetPipeline/JoeL_WBIC_sec2_AP/Saved/M_Whitebox_JLiao374A03BA421B562AD2D9A5890B0C9453.tmp' to 'C:/Users/Joe Liao/Documents/GitHub/J.Liao-AssetPipeline/JoeL_WBIC_sec2_AP/Content/M_Whitebox_JLiao.uasset'
[2019.01.15-05.59.12:325][303]Cmd: OBJ SAVEPACKAGE PACKAGE="/Game/MI_WhiteboxSidewalk_JoeL" FILE="C:/Users/Joe Liao/Documents/GitHub/J.Liao-AssetPipeline/JoeL_WBIC_sec2_AP/Content/MI_WhiteboxSidewalk_JoeL.uasset" SILENT=true
[2019.01.15-05.59.12:344][303]LogSavePackage: Moving 'C:/Users/Joe Liao/Documents/GitHub/J.Liao-AssetPipeline/JoeL_WBIC_sec2_AP/Saved/MI_WhiteboxSidewalk_JoeL45C317F74D0AAAA7E3085D9AA62CA3D5.tmp' to 'C:/Users/Joe Liao/Documents/GitHub/J.Liao-AssetPipeline/JoeL_WBIC_sec2_AP/Content/MI_WhiteboxSidewalk_JoeL.uasset'
[2019.01.15-05.59.12:355][303]Cmd: OBJ SAVEPACKAGE PACKAGE="/Game/MI_WhiteboxStreet_JoeL" FILE="C:/Users/Joe Liao/Documents/GitHub/J.Liao-AssetPipeline/JoeL_WBIC_sec2_AP/Content/MI_WhiteboxStreet_JoeL.uasset" SILENT=true
[2019.01.15-05.59.12:374][303]LogSavePackage: Moving 'C:/Users/Joe Liao/Documents/GitHub/J.Liao-AssetPipeline/JoeL_WBIC_sec2_AP/Saved/MI_WhiteboxStreet_JoeLCF8BFE2E49CB0F9CC8851C8A1CB87CB5.tmp' to 'C:/Users/Joe Liao/Documents/GitHub/J.Liao-AssetPipeline/JoeL_WBIC_sec2_AP/Content/MI_WhiteboxStreet_JoeL.uasset'
[2019.01.15-05.59.21:011][318]Cmd: OBJ SAVEPACKAGE PACKAGE="/Game/MI_WhiteboxGrass_JLiao" FILE="C:/Users/Joe Liao/Documents/GitHub/J.Liao-AssetPipeline/JoeL_WBIC_sec2_AP/Content/MI_WhiteboxGrass_JLiao.uasset" SILENT=true
[2019.01.15-05.59.21:024][318]LogSavePackage: Moving 'C:/Users/Joe Liao/Documents/GitHub/J.Liao-AssetPipeline/JoeL_WBIC_sec2_AP/Saved/MI_WhiteboxGrass_JLiaoECFDB1794844740979A479A79FA5FAFA.tmp' to 'C:/Users/Joe Liao/Documents/GitHub/J.Liao-AssetPipeline/JoeL_WBIC_sec2_AP/Content/MI_WhiteboxGrass_JLiao.uasset'
[2019.01.15-05.59.26:744][976]Cmd: OBJ SAVEPACKAGE PACKAGE="/Game/MI_WhiteboxSidewalk_JLiao" FILE="C:/Users/Joe Liao/Documents/GitHub/J.Liao-AssetPipeline/JoeL_WBIC_sec2_AP/Content/MI_WhiteboxSidewalk_JLiao.uasset" SILENT=true
[2019.01.15-05.59.26:758][976]LogSavePackage: Moving 'C:/Users/Joe Liao/Documents/GitHub/J.Liao-AssetPipeline/JoeL_WBIC_sec2_AP/Saved/MI_WhiteboxSidewalk_JLiao6633283D475012E1EE3522AB46E88D01.tmp' to 'C:/Users/Joe Liao/Documents/GitHub/J.Liao-AssetPipeline/JoeL_WBIC_sec2_AP/Content/MI_WhiteboxSidewalk_JLiao.uasset'
[2019.01.15-05.59.26:762][976]Cmd: OBJ SAVEPACKAGE PACKAGE="/Game/MI_WhiteboxSidewalk_JoeL" FILE="C:/Users/Joe Liao/Documents/GitHub/J.Liao-AssetPipeline/JoeL_WBIC_sec2_AP/Content/MI_WhiteboxSidewalk_JoeL.uasset" SILENT=true
[2019.01.15-05.59.26:768][976]LogSavePackage: Moving 'C:/Users/Joe Liao/Documents/GitHub/J.Liao-AssetPipeline/JoeL_WBIC_sec2_AP/Saved/MI_WhiteboxSidewalk_JoeL53EF180B4724354869E9A98DF70BBD1F.tmp' to 'C:/Users/Joe Liao/Documents/GitHub/J.Liao-AssetPipeline/JoeL_WBIC_sec2_AP/Content/MI_WhiteboxSidewalk_JoeL.uasset'
[2019.01.15-05.59.35:789][ 46]Cmd: OBJ SAVEPACKAGE PACKAGE="/Game/MI_WhiteboxStreet_JLiao" FILE="C:/Users/Joe Liao/Documents/GitHub/J.Liao-AssetPipeline/JoeL_WBIC_sec2_AP/Content/MI_WhiteboxStreet_JLiao.uasset" SILENT=true
[2019.01.15-05.59.35:803][ 46]LogSavePackage: Moving 'C:/Users/Joe Liao/Documents/GitHub/J.Liao-AssetPipeline/JoeL_WBIC_sec2_AP/Saved/MI_WhiteboxStreet_JLiao3383171F45EAF09792B48B9037B803F4.tmp' to 'C:/Users/Joe Liao/Documents/GitHub/J.Liao-AssetPipeline/JoeL_WBIC_sec2_AP/Content/MI_WhiteboxStreet_JLiao.uasset'
[2019.01.15-05.59.35:807][ 46]Cmd: OBJ SAVEPACKAGE PACKAGE="/Game/MI_WhiteboxStreet_JoeL" FILE="C:/Users/Joe Liao/Documents/GitHub/J.Liao-AssetPipeline/JoeL_WBIC_sec2_AP/Content/MI_WhiteboxStreet_JoeL.uasset" SILENT=true
[2019.01.15-05.59.35:813][ 46]LogSavePackage: Moving 'C:/Users/Joe Liao/Documents/GitHub/J.Liao-AssetPipeline/JoeL_WBIC_sec2_AP/Saved/MI_WhiteboxStreet_JoeLBF23917443AFE482379B0FA76B4BEF37.tmp' to 'C:/Users/Joe Liao/Documents/GitHub/J.Liao-AssetPipeline/JoeL_WBIC_sec2_AP/Content/MI_WhiteboxStreet_JoeL.uasset'
[2019.01.15-05.59.45:301][179]LogAssetEditorManager: Opening Asset editor for World /Game/JLiao_WBStreet.JLiao_WBStreet
[2019.01.15-05.59.46:594][179]LogSlate: Window 'Save Content' being destroyed
[2019.01.15-05.59.54:020][ 60]LogAssetEditorManager: Opening Asset editor for MaterialInstanceConstant /Game/MI_WhiteboxGrass_JLiao.MI_WhiteboxGrass_JLiao
[2019.01.15-06.00.02:962][ 89]LogSlate: Window 'Color Picker' being destroyed
[2019.01.15-06.00.04:381][253]Cmd: OBJ SAVEPACKAGE PACKAGE="/Game/MI_WhiteboxGrass_JLiao" FILE="C:/Users/Joe Liao/Documents/GitHub/J.Liao-AssetPipeline/JoeL_WBIC_sec2_AP/Content/MI_WhiteboxGrass_JLiao.uasset" SILENT=true
[2019.01.15-06.00.04:414][253]LogMaterial: Display: Missing cached shader map for material FDebugViewModeMaterialProxy MI_WhiteboxGrass_JLiao, compiling. 
[2019.01.15-06.00.04:980][253]LogShaderCompilers: Display: Shaders left to compile 1
[2019.01.15-06.00.04:980][253]TextureStreamingBuild: Display: Compiling optional shaders took 0.571 seconds.
[2019.01.15-06.00.05:026][253]LogSavePackage: Moving 'C:/Users/Joe Liao/Documents/GitHub/J.Liao-AssetPipeline/JoeL_WBIC_sec2_AP/Saved/MI_WhiteboxGrass_JLiao52C680EC4B423DEA2DC938B65F5084B3.tmp' to 'C:/Users/Joe Liao/Documents/GitHub/J.Liao-AssetPipeline/JoeL_WBIC_sec2_AP/Content/MI_WhiteboxGrass_JLiao.uasset'
[2019.01.15-06.00.05:980][367]LogSlate: Window 'MI_WhiteboxGrass_JLiao' being destroyed
[2019.01.15-06.00.05:983][367]LogSlate: Window 'MI_WhiteboxGrass_JLiao' being destroyed
[2019.01.15-06.00.11:587][ 31]Cmd: BRUSH ADD SELECTNEWBRUSH
[2019.01.15-06.00.13:716][283]LogSlate: FSceneViewport::OnFocusLost() reason 0
[2019.01.15-06.00.33:725][645]LogSlate: FSceneViewport::OnFocusLost() reason 0
[2019.01.15-06.00.43:014][740]LogSlate: FSceneViewport::OnFocusLost() reason 2
[2019.01.15-06.00.53:276][971]LogSlate: FSceneViewport::OnFocusLost() reason 2
[2019.01.15-06.01.31:070][658]LogSlate: FSceneViewport::OnFocusLost() reason 0
[2019.01.15-06.01.31:517][658]LogSavePackage: Moving 'C:/Users/Joe Liao/Documents/GitHub/J.Liao-AssetPipeline/JoeL_WBIC_sec2_AP/Saved/JLiao_WBStreetE2703D1A4860223552E2549B9BA7B221.tmp' to 'C:/Users/Joe Liao/Documents/GitHub/J.Liao-AssetPipeline/JoeL_WBIC_sec2_AP/Content/JLiao_WBStreet.umap'
[2019.01.15-06.01.31:544][658]Cmd: OBJ SAVEPACKAGE PACKAGE="/Game/JLiao_WBStreet_BuiltData" FILE="C:/Users/Joe Liao/Documents/GitHub/J.Liao-AssetPipeline/JoeL_WBIC_sec2_AP/Content/JLiao_WBStreet_BuiltData.uasset" SILENT=true
[2019.01.15-06.01.31:562][658]LogSavePackage: Moving 'C:/Users/Joe Liao/Documents/GitHub/J.Liao-AssetPipeline/JoeL_WBIC_sec2_AP/Saved/JLiao_WBStreet_BuiltData6FA3A2B14D108775139DC2ADC5910B4F.tmp' to 'C:/Users/Joe Liao/Documents/GitHub/J.Liao-AssetPipeline/JoeL_WBIC_sec2_AP/Content/JLiao_WBStreet_BuiltData.uasset'
[2019.01.15-06.01.33:515][871]LogSavePackage: Moving 'C:/Users/Joe Liao/Documents/GitHub/J.Liao-AssetPipeline/JoeL_WBIC_sec2_AP/Saved/JLiao_WBStreet788BF3CE4B2400A25D8DD98BF34A9EB7.tmp' to 'C:/Users/Joe Liao/Documents/GitHub/J.Liao-AssetPipeline/JoeL_WBIC_sec2_AP/Content/JLiao_WBStreet.umap'
[2019.01.15-06.01.33:539][871]Cmd: OBJ SAVEPACKAGE PACKAGE="/Game/JLiao_WBStreet_BuiltData" FILE="C:/Users/Joe Liao/Documents/GitHub/J.Liao-AssetPipeline/JoeL_WBIC_sec2_AP/Content/JLiao_WBStreet_BuiltData.uasset" SILENT=true
[2019.01.15-06.01.33:552][871]LogSavePackage: Moving 'C:/Users/Joe Liao/Documents/GitHub/J.Liao-AssetPipeline/JoeL_WBIC_sec2_AP/Saved/JLiao_WBStreet_BuiltData50D560D64E1F5050FED4C3B046FF6173.tmp' to 'C:/Users/Joe Liao/Documents/GitHub/J.Liao-AssetPipeline/JoeL_WBIC_sec2_AP/Content/JLiao_WBStreet_BuiltData.uasset'
[2019.01.15-06.01.36:359][998]LogSlate: Window 'Save Content' being destroyed
[2019.01.15-06.01.36:386][998]Cmd: OBJ SAVEPACKAGE PACKAGE="/Game/mann" FILE="C:/Users/Joe Liao/Documents/GitHub/J.Liao-AssetPipeline/JoeL_WBIC_sec2_AP/Content/mann.uasset" SILENT=true
[2019.01.15-06.01.36:401][998]LogSavePackage: Moving 'C:/Users/Joe Liao/Documents/GitHub/J.Liao-AssetPipeline/JoeL_WBIC_sec2_AP/Saved/mannCE9B5E2A4E4B7AFE64378C82CC35AA6D.tmp' to 'C:/Users/Joe Liao/Documents/GitHub/J.Liao-AssetPipeline/JoeL_WBIC_sec2_AP/Content/mann.uasset'
[2019.01.15-06.01.36:413][998]Cmd: OBJ SAVEPACKAGE PACKAGE="/Game/SM_hatMat" FILE="C:/Users/Joe Liao/Documents/GitHub/J.Liao-AssetPipeline/JoeL_WBIC_sec2_AP/Content/SM_hatMat.uasset" SILENT=true
[2019.01.15-06.01.36:428][998]LogSavePackage: Moving 'C:/Users/Joe Liao/Documents/GitHub/J.Liao-AssetPipeline/JoeL_WBIC_sec2_AP/Saved/SM_hatMat8DB0A1D7477BB1507372F797C01D5F70.tmp' to 'C:/Users/Joe Liao/Documents/GitHub/J.Liao-AssetPipeline/JoeL_WBIC_sec2_AP/Content/SM_hatMat.uasset'
[2019.01.15-06.01.36:492][998]LogSlate: Window 'JoeL_WBIC_sec2_AP - Unreal Editor' being destroyed
[2019.01.15-06.01.36:492][998]LogWindowsTextInputMethodSystem: Display: IME system now deactivated.
[2019.01.15-06.01.36:659][999]Cmd: QUIT_EDITOR
[2019.01.15-06.01.36:684][999]LogExit: Preparing to exit.
[2019.01.15-06.01.37:486][999]LogExit: Editor shut down
[2019.01.15-06.01.37:487][999]LogExit: Transaction tracking system shut down
[2019.01.15-06.01.37:790][999]LogExit: Object subsystem successfully closed.
[2019.01.15-06.01.37:809][999]LogShaderCompilers: Display: Shaders left to compile 0
[2019.01.15-06.01.37:811][999]LogD3D11RHI: Shutdown
[2019.01.15-06.01.37:811][999]LogD3D11RHI: CleanupD3DDevice
[2019.01.15-06.01.37:813][999]LogD3D11RHI: ~FD3D11DynamicRHI
[2019.01.15-06.01.37:824][999]LogModuleManager: Shutting down and abandoning module StaticMeshEditor (616)
[2019.01.15-06.01.37:824][999]LogModuleManager: Shutting down and abandoning module MeshBuilder (614)
[2019.01.15-06.01.37:824][999]LogModuleManager: Shutting down and abandoning module HierarchicalLODOutliner (612)
[2019.01.15-06.01.37:825][999]LogModuleManager: Shutting down and abandoning module SceneOutliner (610)
[2019.01.15-06.01.37:825][999]LogModuleManager: Shutting down and abandoning module AddContentDialog (608)
[2019.01.15-06.01.37:825][999]LogModuleManager: Shutting down and abandoning module WidgetCarousel (607)
[2019.01.15-06.01.37:825][999]LogModuleManager: Shutting down and abandoning module EditorWidgets (604)
[2019.01.15-06.01.37:825][999]LogModuleManager: Shutting down and abandoning module CollectionManager (602)
[2019.01.15-06.01.37:825][999]LogModuleManager: Shutting down and abandoning module HierarchicalLODUtilities (600)
[2019.01.15-06.01.37:825][999]LogModuleManager: Shutting down and abandoning module StatsViewer (598)
[2019.01.15-06.01.37:825][999]LogModuleManager: Shutting down and abandoning module FoliageEdit (596)
[2019.01.15-06.01.37:825][999]LogModuleManager: Shutting down and abandoning module LandscapeEditor (594)
[2019.01.15-06.01.37:825][999]LogModuleManager: Shutting down and abandoning module MeshPaintMode (592)
[2019.01.15-06.01.37:825][999]LogModuleManager: Shutting down and abandoning module SceneDepthPickerMode (590)
[2019.01.15-06.01.37:825][999]LogModuleManager: Shutting down and abandoning module ActorPickerMode (588)
[2019.01.15-06.01.37:825][999]LogModuleManager: Shutting down and abandoning module GeometryMode (586)
[2019.01.15-06.01.37:825][999]LogModuleManager: Shutting down and abandoning module TextureAlignMode (584)
[2019.01.15-06.01.37:825][999]LogModuleManager: Shutting down and abandoning module BspMode (582)
[2019.01.15-06.01.37:825][999]LogModuleManager: Shutting down and abandoning module PIEPreviewDeviceProfileSelector (580)
[2019.01.15-06.01.37:825][999]LogModuleManager: Shutting down and abandoning module SequenceRecorderSections (578)
[2019.01.15-06.01.37:825][999]LogModuleManager: Shutting down and abandoning module AutomationWorker (576)
[2019.01.15-06.01.37:825][999]LogModuleManager: Shutting down and abandoning module AudioCaptureEditor (574)
[2019.01.15-06.01.37:825][999]LogModuleManager: Shutting down and abandoning module SequenceRecorder (573)
[2019.01.15-06.01.37:825][999]LogModuleManager: Shutting down and abandoning module MatineeToLevelSequence (570)
[2019.01.15-06.01.37:825][999]LogModuleManager: Shutting down and abandoning module LevelSequenceEditor (568)
[2019.01.15-06.01.37:826][999]LogModuleManager: Shutting down and abandoning module PlacementMode (567)
[2019.01.15-06.01.37:826][999]LogModuleManager: Shutting down and abandoning module MaterialEditor (566)
[2019.01.15-06.01.37:826][999]LogModuleManager: Shutting down and abandoning module WmfMediaFactory (562)
[2019.01.15-06.01.37:826][999]LogModuleManager: Shutting down and abandoning module WmfMediaEditor (560)
[2019.01.15-06.01.37:826][999]LogModuleManager: Shutting down and abandoning module MediaPlayerEditor (558)
[2019.01.15-06.01.37:826][999]LogModuleManager: Shutting down and abandoning module OpenExrWrapper (556)
[2019.01.15-06.01.37:826][999]LogModuleManager: Shutting down and abandoning module ImgMediaFactory (554)
[2019.01.15-06.01.37:826][999]LogModuleManager: Shutting down and abandoning module ImgMediaEditor (552)
[2019.01.15-06.01.37:826][999]LogModuleManager: Shutting down and abandoning module AvfMediaFactory (550)
[2019.01.15-06.01.37:826][999]LogModuleManager: Shutting down and abandoning module AvfMediaEditor (548)
[2019.01.15-06.01.37:826][999]LogModuleManager: Shutting down and abandoning module AndroidMediaFactory (546)
[2019.01.15-06.01.37:826][999]LogModuleManager: Shutting down and abandoning module AndroidMediaEditor (544)
[2019.01.15-06.01.37:826][999]LogModuleManager: Shutting down and abandoning module MagicLeapCameraPreviewFactory (542)
[2019.01.15-06.01.37:826][999]LogModuleManager: Shutting down and abandoning module MagicLeapMediaFactory (540)
[2019.01.15-06.01.37:826][999]LogModuleManager: Shutting down and abandoning module MagicLeapMediaEditor (538)
[2019.01.15-06.01.37:826][999]LogModuleManager: Shutting down and abandoning module CharacterAI (536)
[2019.01.15-06.01.37:826][999]LogModuleManager: Shutting down and abandoning module SmartSnapping (534)
[2019.01.15-06.01.37:826][999]LogModuleManager: Shutting down and abandoning module SessionServices (532)
[2019.01.15-06.01.37:826][999]LogModuleManager: Shutting down and abandoning module ViewportSnapping (530)
[2019.01.15-06.01.37:826][999]LogModuleManager: Shutting down and abandoning module ViewportInteraction (528)
[2019.01.15-06.01.37:826][999]LogModuleManager: Shutting down and abandoning module ClothPainter (526)
[2019.01.15-06.01.37:826][999]LogModuleManager: Shutting down and abandoning module SkeletalMeshEditor (525)
[2019.01.15-06.01.37:826][999]LogModuleManager: Shutting down and abandoning module LogVisualizer (522)
[2019.01.15-06.01.37:826][999]LogModuleManager: Shutting down and abandoning module IntroTutorials (520)
[2019.01.15-06.01.37:826][999]LogModuleManager: Shutting down and abandoning module GameProjectGeneration (519)
[2019.01.15-06.01.37:826][999]LogModuleManager: Shutting down and abandoning module LuminPlatformEditor (516)
[2019.01.15-06.01.37:826][999]LogModuleManager: Shutting down and abandoning module IOSPlatformEditor (514)
[2019.01.15-06.01.37:826][999]LogModuleManager: Shutting down and abandoning module HTML5PlatformEditor (512)
[2019.01.15-06.01.37:826][999]LogModuleManager: Shutting down and abandoning module AndroidPlatformEditor (510)
[2019.01.15-06.01.37:826][999]LogModuleManager: Shutting down and abandoning module AndroidDeviceDetection (509)
[2019.01.15-06.01.38:264][999]LogModuleManager: Shutting down and abandoning module WindowsPlatformEditor (506)
[2019.01.15-06.01.38:264][999]LogModuleManager: Shutting down and abandoning module LuminRuntimeSettings (504)
[2019.01.15-06.01.38:264][999]LogModuleManager: Shutting down and abandoning module IOSRuntimeSettings (502)
[2019.01.15-06.01.38:264][999]LogModuleManager: Shutting down and abandoning module AndroidRuntimeSettings (500)
[2019.01.15-06.01.38:264][999]LogModuleManager: Shutting down and abandoning module InputBindingEditor (498)
[2019.01.15-06.01.38:264][999]LogModuleManager: Shutting down and abandoning module MergeActors (496)
[2019.01.15-06.01.38:264][999]LogModuleManager: Shutting down and abandoning module LocalizationDashboard (494)
[2019.01.15-06.01.38:264][999]LogModuleManager: Shutting down and abandoning module LocalizationService (493)
[2019.01.15-06.01.38:264][999]LogModuleManager: Shutting down and abandoning module HardwareTargeting (490)
[2019.01.15-06.01.38:264][999]LogModuleManager: Shutting down and abandoning module DeviceProfileEditor (488)
[2019.01.15-06.01.38:264][999]LogModuleManager: Shutting down and abandoning module UndoHistory (486)
[2019.01.15-06.01.38:264][999]LogModuleManager: Shutting down and abandoning module XmlParser (484)
[2019.01.15-06.01.38:264][999]LogModuleManager: Shutting down and abandoning module Blutility (482)
[2019.01.15-06.01.38:264][999]LogModuleManager: Shutting down and abandoning module ProjectSettingsViewer (480)
[2019.01.15-06.01.38:264][999]LogModuleManager: Shutting down and abandoning module ProjectTargetPlatformEditor (479)
[2019.01.15-06.01.38:264][999]LogModuleManager: Shutting down and abandoning module EditorSettingsViewer (476)
[2019.01.15-06.01.38:265][999]LogModuleManager: Shutting down and abandoning module SettingsEditor (474)
[2019.01.15-06.01.38:265][999]LogModuleManager: Shutting down and abandoning module ProjectLauncher (472)
[2019.01.15-06.01.38:265][999]LogModuleManager: Shutting down and abandoning module SessionFrontend (470)
[2019.01.15-06.01.38:265][999]LogModuleManager: Shutting down and abandoning module ProfilerClient (468)
[2019.01.15-06.01.38:265][999]LogModuleManager: Shutting down and abandoning module DeviceManager (466)
[2019.01.15-06.01.38:265][999]LogModuleManager: Shutting down and abandoning module TargetDeviceServices (465)
[2019.01.15-06.01.38:320][999]LogModuleManager: Shutting down and abandoning module AutomationController (462)
[2019.01.15-06.01.38:320][999]LogModuleManager: Shutting down and abandoning module AutomationWindow (460)
[2019.01.15-06.01.38:320][999]LogModuleManager: Shutting down and abandoning module Layers (458)
[2019.01.15-06.01.38:320][999]LogModuleManager: Shutting down and abandoning module ComponentVisualizers (456)
[2019.01.15-06.01.38:320][999]LogModuleManager: Shutting down and abandoning module DetailCustomizations (454)
[2019.01.15-06.01.38:320][999]LogModuleManager: Shutting down and abandoning module PackagesDialog (452)
[2019.01.15-06.01.38:320][999]LogModuleManager: Shutting down and abandoning module Persona (450)
[2019.01.15-06.01.38:320][999]LogModuleManager: Shutting down and abandoning module AdvancedPreviewScene (449)
[2019.01.15-06.01.38:320][999]LogModuleManager: Shutting down and abandoning module AnimGraph (447)
[2019.01.15-06.01.38:320][999]LogModuleManager: Shutting down and abandoning module Kismet (444)
[2019.01.15-06.01.38:320][999]LogModuleManager: Shutting down and abandoning module GraphEditor (442)
[2019.01.15-06.01.38:320][999]LogModuleManager: Shutting down and abandoning module ClassViewer (440)
[2019.01.15-06.01.38:320][999]LogModuleManager: Shutting down and abandoning module Toolbox (438)
[2019.01.15-06.01.38:320][999]LogModuleManager: Shutting down and abandoning module ModuleUI (436)
[2019.01.15-06.01.38:320][999]LogModuleManager: Shutting down and abandoning module MovieSceneTools (434)
[2019.01.15-06.01.38:320][999]LogModuleManager: Shutting down and abandoning module OutputLog (432)
[2019.01.15-06.01.38:320][999]LogModuleManager: Shutting down and abandoning module GammaUI (430)
[2019.01.15-06.01.38:320][999]LogModuleManager: Shutting down and abandoning module Documentation (428)
[2019.01.15-06.01.38:320][999]LogModuleManager: Shutting down and abandoning module MovieSceneTracks (426)
[2019.01.15-06.01.38:320][999]LogModuleManager: Shutting down and abandoning module MovieScene (424)
[2019.01.15-06.01.38:320][999]LogModuleManager: Shutting down and abandoning module StreamingPauseRendering (422)
[2019.01.15-06.01.38:320][999]LogModuleManager: Shutting down and abandoning module LauncherPlatform (420)
[2019.01.15-06.01.38:320][999]LogModuleManager: Shutting down and abandoning module AnalyticsET (418)
[2019.01.15-06.01.38:320][999]LogModuleManager: Shutting down and abandoning module PortalServices (416)
[2019.01.15-06.01.38:320][999]LogModuleManager: Shutting down and abandoning module PortalRpc (414)
[2019.01.15-06.01.38:320][999]LogModuleManager: Shutting down and abandoning module MessagingRpc (412)
[2019.01.15-06.01.38:320][999]LogModuleManager: Shutting down and abandoning module AIModule (410)
[2019.01.15-06.01.38:320][999]LogModuleManager: Shutting down and abandoning module GameplayDebugger (409)
[2019.01.15-06.01.38:321][999]LogModuleManager: Shutting down and abandoning module AITestSuite (407)
[2019.01.15-06.01.38:321][999]LogModuleManager: Shutting down and abandoning module NavigationSystem (405)
[2019.01.15-06.01.38:321][999]LogModuleManager: Shutting down and abandoning module DesktopPlatform (402)
[2019.01.15-06.01.38:321][999]LogModuleManager: Shutting down and abandoning module ProfilerService (400)
[2019.01.15-06.01.38:379][999]LogModuleManager: Shutting down and abandoning module TaskGraph (398)
[2019.01.15-06.01.38:379][999]LogModuleManager: Shutting down and abandoning module SteamVRController (396)
[2019.01.15-06.01.38:379][999]LogModuleManager: Shutting down and abandoning module ProceduralMeshComponentEditor (394)
[2019.01.15-06.01.38:379][999]LogModuleManager: Shutting down and abandoning module ProceduralMeshComponent (392)
[2019.01.15-06.01.38:379][999]LogModuleManager: Shutting down and abandoning module OculusInput (390)
[2019.01.15-06.01.38:379][999]LogModuleManager: Shutting down and abandoning module MobilePatchingUtils (388)
[2019.01.15-06.01.38:379][999]LogModuleManager: Shutting down and abandoning module EditableMesh (386)
[2019.01.15-06.01.38:379][999]LogModuleManager: Shutting down and abandoning module CustomMeshComponent (384)
[2019.01.15-06.01.38:379][999]LogModuleManager: Shutting down and abandoning module CableComponent (382)
[2019.01.15-06.01.38:379][999]LogModuleManager: Shutting down and abandoning module AudioCapture (380)
[2019.01.15-06.01.38:379][999]LogModuleManager: Shutting down and abandoning module ArchVisCharacter (378)
[2019.01.15-06.01.38:379][999]LogModuleManager: Shutting down and abandoning module AndroidPermission (376)
[2019.01.15-06.01.38:379][999]LogModuleManager: Shutting down and abandoning module NUTUnrealEngine4 (374)
[2019.01.15-06.01.38:379][999]LogModuleManager: Shutting down and abandoning module NetcodeUnitTest (372)
[2019.01.15-06.01.38:379][999]LogModuleManager: Shutting down and abandoning module MediaCompositingEditor (370)
[2019.01.15-06.01.38:379][999]LogModuleManager: Shutting down and abandoning module MediaCompositing (368)
[2019.01.15-06.01.38:379][999]LogModuleManager: Shutting down and abandoning module LinearTimecode (366)
[2019.01.15-06.01.38:379][999]LogModuleManager: Shutting down and abandoning module ImgMedia (364)
[2019.01.15-06.01.38:382][999]LogModuleManager: Shutting down and abandoning module HTML5Networking (362)
[2019.01.15-06.01.38:382][999]LogModuleManager: Shutting down and abandoning module GeometryCacheTracks (360)
[2019.01.15-06.01.38:382][999]LogModuleManager: Shutting down and abandoning module GeometryCacheSequencer (358)
[2019.01.15-06.01.38:382][999]LogModuleManager: Shutting down and abandoning module BackChannel (356)
[2019.01.15-06.01.38:382][999]LogModuleManager: Shutting down and abandoning module AppleVision (354)
[2019.01.15-06.01.38:382][999]LogModuleManager: Shutting down and abandoning module AppleImageUtils (352)
[2019.01.15-06.01.38:382][999]LogModuleManager: Shutting down and abandoning module AlembicImporter (350)
[2019.01.15-06.01.38:382][999]LogModuleManager: Shutting down and abandoning module AlembicLibrary (349)
[2019.01.15-06.01.38:382][999]LogModuleManager: Shutting down and abandoning module GeometryCache (348)
[2019.01.15-06.01.38:382][999]LogModuleManager: Shutting down and abandoning module GeometryCacheEd (347)
[2019.01.15-06.01.38:382][999]LogModuleManager: Shutting down and abandoning module DatasmithContentEditor (342)
[2019.01.15-06.01.38:382][999]LogModuleManager: Shutting down and abandoning module DatasmithContent (340)
[2019.01.15-06.01.38:383][999]LogModuleManager: Shutting down and abandoning module SpeedTreeImporter (338)
[2019.01.15-06.01.38:383][999]LogModuleManager: Shutting down and abandoning module PluginBrowser (336)
[2019.01.15-06.01.38:383][999]LogModuleManager: Shutting down and abandoning module MobileLauncherProfileWizard (334)
[2019.01.15-06.01.38:383][999]LogModuleManager: Shutting down and abandoning module PolygonModeling (332)
[2019.01.15-06.01.38:383][999]LogModuleManager: Shutting down and abandoning module MeshEditor (330)
[2019.01.15-06.01.38:383][999]LogModuleManager: Shutting down and abandoning module CryptoKeysOpenSSL (328)
[2019.01.15-06.01.38:383][999]LogModuleManager: Shutting down and abandoning module CryptoKeys (326)
[2019.01.15-06.01.38:383][999]LogModuleManager: Shutting down and abandoning module VisualStudioSourceCodeAccess (324)
[2019.01.15-06.01.38:383][999]LogModuleManager: Shutting down and abandoning module VisualStudioCodeSourceCodeAccess (322)
[2019.01.15-06.01.38:383][999]LogModuleManager: Shutting down and abandoning module UObjectPlugin (320)
[2019.01.15-06.01.38:383][999]LogModuleManager: Shutting down and abandoning module SubversionSourceControl (318)
[2019.01.15-06.01.38:383][999]LogModuleManager: Shutting down and abandoning module PerforceSourceControl (316)
[2019.01.15-06.01.38:383][999]LogModuleManager: Shutting down and abandoning module GitSourceControl (314)
[2019.01.15-06.01.38:383][999]LogModuleManager: Shutting down and abandoning module SourceControl (313)
[2019.01.15-06.01.38:383][999]LogModuleManager: Shutting down and abandoning module CLionSourceCodeAccess (310)
[2019.01.15-06.01.38:383][999]LogModuleManager: Shutting down and abandoning module LightPropagationVolumeEditor (308)
[2019.01.15-06.01.38:383][999]LogModuleManager: Shutting down and abandoning module PaperTiledImporter (306)
[2019.01.15-06.01.38:383][999]LogModuleManager: Shutting down and abandoning module PaperSpriteSheetImporter (304)
[2019.01.15-06.01.38:383][999]LogModuleManager: Shutting down and abandoning module Paper2DEditor (302)
[2019.01.15-06.01.38:383][999]LogModuleManager: Shutting down and abandoning module MeshPaint (301)
[2019.01.15-06.01.38:383][999]LogModuleManager: Shutting down and abandoning module RuntimePhysXCooking (298)
[2019.01.15-06.01.38:383][999]LogModuleManager: Shutting down and abandoning module PhysXVehiclesEditor (296)
[2019.01.15-06.01.38:383][999]LogModuleManager: Shutting down and abandoning module PhysXVehicles (294)
[2019.01.15-06.01.38:383][999]LogModuleManager: Shutting down and abandoning module OculusEditor (292)
[2019.01.15-06.01.38:383][999]LogModuleManager: Shutting down and abandoning module LocationServicesBPLibrary (290)
[2019.01.15-06.01.38:383][999]LogModuleManager: Shutting down and abandoning module ImmediatePhysicsEditor (288)
[2019.01.15-06.01.38:383][999]LogModuleManager: Shutting down and abandoning module ImmediatePhysics (286)
[2019.01.15-06.01.38:383][999]LogModuleManager: Shutting down and abandoning module ActorSequence (284)
[2019.01.15-06.01.38:383][999]LogModuleManager: Shutting down and abandoning module UdpMessaging (282)
[2019.01.15-06.01.38:484][999]LogModuleManager: Shutting down and abandoning module TcpMessaging (280)
[2019.01.15-06.01.38:585][999]LogModuleManager: Shutting down and abandoning module MagicLeapAudio (278)
[2019.01.15-06.01.38:585][999]LogModuleManager: Shutting down and abandoning module GameplayTagsEditor (276)
[2019.01.15-06.01.38:585][999]LogModuleManager: Shutting down and abandoning module FacialAnimationEditor (274)
[2019.01.15-06.01.38:585][999]LogModuleManager: Shutting down and abandoning module FacialAnimation (272)
[2019.01.15-06.01.38:585][999]LogModuleManager: Shutting down and abandoning module DataValidation (270)
[2019.01.15-06.01.38:585][999]LogModuleManager: Shutting down and abandoning module AssetManagerEditor (268)
[2019.01.15-06.01.38:585][999]LogModuleManager: Shutting down and abandoning module LevelEditor (267)
[2019.01.15-06.01.38:585][999]LogModuleManager: Shutting down and abandoning module PixelInspectorModule (266)
[2019.01.15-06.01.38:585][999]LogModuleManager: Shutting down and abandoning module CommonMenuExtensions (264)
[2019.01.15-06.01.38:585][999]LogModuleManager: Shutting down and abandoning module MainFrame (262)
[2019.01.15-06.01.38:585][999]LogModuleManager: Shutting down and abandoning module HotReload (261)
[2019.01.15-06.01.38:586][999]LogModuleManager: Shutting down and abandoning module ContentBrowser (257)
[2019.01.15-06.01.38:586][999]LogModuleManager: Shutting down and abandoning module TreeMap (255)
[2019.01.15-06.01.38:586][999]LogModuleManager: Shutting down and abandoning module LightPropagationVolumeRuntime (252)
[2019.01.15-06.01.38:586][999]LogModuleManager: Shutting down and abandoning module AISupportModule (250)
[2019.01.15-06.01.38:586][999]LogModuleManager: Shutting down and abandoning module Paper2D (248)
[2019.01.15-06.01.38:586][999]LogModuleManager: Shutting down and abandoning module WindowsMoviePlayer (246)
[2019.01.15-06.01.38:586][999]LogModuleManager: Shutting down and abandoning module WmfMedia (244)
[2019.01.15-06.01.38:588][999]LogModuleManager: Shutting down and abandoning module Media (243)
[2019.01.15-06.01.38:594][999]LogModuleManager: Shutting down and abandoning module PacketHandler (240)
[2019.01.15-06.01.38:594][999]LogModuleManager: Shutting down and abandoning module ClothingSystemEditor (238)
[2019.01.15-06.01.38:594][999]LogModuleManager: Shutting down and abandoning module ClothingSystemRuntime (236)
[2019.01.15-06.01.38:594][999]LogModuleManager: Shutting down and abandoning module MediaAssets (234)
[2019.01.15-06.01.38:594][999]LogModuleManager: Shutting down and abandoning module Overlay (232)
[2019.01.15-06.01.38:594][999]LogModuleManager: Shutting down and abandoning module OverlayEditor (231)
[2019.01.15-06.01.38:594][999]LogModuleManager: Shutting down and abandoning module VREditor (228)
[2019.01.15-06.01.38:594][999]LogModuleManager: Shutting down and abandoning module StringTableEditor (226)
[2019.01.15-06.01.38:594][999]LogModuleManager: Shutting down and abandoning module GameplayTasksEditor (224)
[2019.01.15-06.01.38:594][999]LogModuleManager: Shutting down and abandoning module BehaviorTreeEditor (222)
[2019.01.15-06.01.38:594][999]LogModuleManager: Shutting down and abandoning module FunctionalTesting (220)
[2019.01.15-06.01.38:594][999]LogModuleManager: Shutting down and abandoning module CollisionAnalyzer (218)
[2019.01.15-06.01.38:594][999]LogModuleManager: Shutting down and abandoning module WorkspaceMenuStructure (217)
[2019.01.15-06.01.38:594][999]LogModuleManager: Shutting down and abandoning module UMG (214)
[2019.01.15-06.01.38:594][999]LogModuleManager: Shutting down and abandoning module UMGEditor (213)
[2019.01.15-06.01.38:594][999]LogModuleManager: Shutting down and abandoning module Sequencer (212)
[2019.01.15-06.01.38:594][999]LogModuleManager: Shutting down and abandoning module MessageLog (209)
[2019.01.15-06.01.38:594][999]LogModuleManager: Shutting down and abandoning module SlateReflector (204)
[2019.01.15-06.01.38:594][999]LogModuleManager: Shutting down and abandoning module Slate (202)
[2019.01.15-06.01.38:594][999]LogModuleManager: Shutting down and abandoning module EditorStyle (200)
[2019.01.15-06.01.38:596][999]LogModuleManager: Shutting down and abandoning module MRMesh (198)
[2019.01.15-06.01.38:596][999]LogModuleManager: Shutting down and abandoning module SourceCodeAccess (196)
[2019.01.15-06.01.38:596][999]LogModuleManager: Shutting down and abandoning module HeadMountedDisplay (194)
[2019.01.15-06.01.38:596][999]LogModuleManager: Shutting down and abandoning module XAudio2 (192)
[2019.01.15-06.01.38:596][999]LogModuleManager: Shutting down and abandoning module Networking (190)
[2019.01.15-06.01.38:596][999]LogModuleManager: Shutting down and abandoning module Core (188)
[2019.01.15-06.01.38:596][999]LogModuleManager: Shutting down and abandoning module LevelSequence (186)
[2019.01.15-06.01.38:596][999]LogModuleManager: Shutting down and abandoning module KismetCompiler (184)
[2019.01.15-06.01.38:596][999]LogModuleManager: Shutting down and abandoning module MeshUtilities (182)
[2019.01.15-06.01.38:596][999]LogModuleManager: Shutting down and abandoning module MeshMergeUtilities (181)
[2019.01.15-06.01.38:596][999]LogModuleManager: Shutting down and abandoning module MeshReductionInterface (180)
[2019.01.15-06.01.38:596][999]LogModuleManager: Shutting down and abandoning module SimplygonSwarm (179)
[2019.01.15-06.01.38:596][999]LogModuleManager: Shutting down and abandoning module ProxyLODMeshReduction (177)
[2019.01.15-06.01.38:596][999]LogModuleManager: Shutting down and abandoning module SimplygonMeshReduction (175)
[2019.01.15-06.01.38:596][999]LogModuleManager: Shutting down and abandoning module QuadricMeshReduction (173)
[2019.01.15-06.01.38:596][999]LogModuleManager: Shutting down and abandoning module MaterialBaking (169)
[2019.01.15-06.01.38:596][999]LogModuleManager: Shutting down and abandoning module DirectoryWatcher (165)
[2019.01.15-06.01.38:596][999]LogModuleManager: Shutting down and abandoning module DerivedDataCache (162)
[2019.01.15-06.01.38:668][999]LogDerivedDataCache: Shutdown
[2019.01.15-06.01.38:668][999]LogModuleManager: Shutting down and abandoning module XGEController (160)
[2019.01.15-06.01.38:668][999]LogModuleManager: Shutting down and abandoning module TargetPlatform (158)
[2019.01.15-06.01.38:668][999]LogModuleManager: Shutting down and abandoning module VulkanShaderFormat (157)
[2019.01.15-06.01.38:668][999]LogModuleManager: Shutting down and abandoning module ShaderFormatVectorVM (155)
[2019.01.15-06.01.38:668][999]LogModuleManager: Shutting down and abandoning module ShaderFormatOpenGL (153)
[2019.01.15-06.01.38:668][999]LogModuleManager: Shutting down and abandoning module ShaderFormatD3D (151)
[2019.01.15-06.01.38:668][999]LogModuleManager: Shutting down and abandoning module MetalShaderFormat (149)
[2019.01.15-06.01.38:668][999]LogModuleManager: Shutting down and abandoning module TextureFormatUncompressed (147)
[2019.01.15-06.01.38:668][999]LogModuleManager: Shutting down and abandoning module TextureFormatPVR (145)
[2019.01.15-06.01.38:668][999]LogModuleManager: Shutting down and abandoning module TextureFormatDXT (143)
[2019.01.15-06.01.38:668][999]LogModuleManager: Shutting down and abandoning module TextureFormatIntelISPCTexComp (141)
[2019.01.15-06.01.38:668][999]LogModuleManager: Shutting down and abandoning module TextureFormatASTC (139)
[2019.01.15-06.01.38:668][999]LogModuleManager: Shutting down and abandoning module ImageWrapper (138)
[2019.01.15-06.01.38:668][999]LogModuleManager: Shutting down and abandoning module TextureFormatAndroid (135)
[2019.01.15-06.01.38:668][999]LogModuleManager: Shutting down and abandoning module AudioFormatOpus (133)
[2019.01.15-06.01.38:668][999]LogModuleManager: Shutting down and abandoning module AudioFormatOgg (131)
[2019.01.15-06.01.38:668][999]LogModuleManager: Shutting down and abandoning module AudioFormatADPCM (129)
[2019.01.15-06.01.38:668][999]LogModuleManager: Shutting down and abandoning module LuminTargetPlatform (127)
[2019.01.15-06.01.38:668][999]LogModuleManager: Shutting down and abandoning module LinuxTargetPlatform (125)
[2019.01.15-06.01.38:668][999]LogModuleManager: Shutting down and abandoning module LinuxServerTargetPlatform (123)
[2019.01.15-06.01.38:668][999]LogModuleManager: Shutting down and abandoning module LinuxNoEditorTargetPlatform (121)
[2019.01.15-06.01.38:668][999]LogModuleManager: Shutting down and abandoning module LinuxClientTargetPlatform (119)
[2019.01.15-06.01.38:668][999]LogModuleManager: Shutting down and abandoning module TVOSTargetPlatform (117)
[2019.01.15-06.01.38:669][999]LogModuleManager: Shutting down and abandoning module Messaging (115)
[2019.01.15-06.01.38:669][999]LogModuleManager: Shutting down and abandoning module IOSTargetPlatform (113)
[2019.01.15-06.01.38:669][999]LogModuleManager: Shutting down and abandoning module HTML5TargetPlatform (111)
[2019.01.15-06.01.38:669][999]LogModuleManager: Shutting down and abandoning module AndroidTargetPlatform (109)
[2019.01.15-06.01.38:673][999]LogModuleManager: Shutting down and abandoning module WindowsTargetPlatform (107)
[2019.01.15-06.01.38:673][999]LogModuleManager: Shutting down and abandoning module WindowsServerTargetPlatform (105)
[2019.01.15-06.01.38:673][999]LogModuleManager: Shutting down and abandoning module WindowsNoEditorTargetPlatform (103)
[2019.01.15-06.01.38:673][999]LogModuleManager: Shutting down and abandoning module WindowsClientTargetPlatform (101)
[2019.01.15-06.01.38:673][999]LogModuleManager: Shutting down and abandoning module MacTargetPlatform (99)
[2019.01.15-06.01.38:673][999]LogModuleManager: Shutting down and abandoning module MacServerTargetPlatform (97)
[2019.01.15-06.01.38:673][999]LogModuleManager: Shutting down and abandoning module MacNoEditorTargetPlatform (95)
[2019.01.15-06.01.38:673][999]LogModuleManager: Shutting down and abandoning module MacClientTargetPlatform (93)
[2019.01.15-06.01.38:673][999]LogModuleManager: Shutting down and abandoning module AllDesktopTargetPlatform (91)
[2019.01.15-06.01.38:673][999]LogModuleManager: Shutting down and abandoning module InputCore (88)
[2019.01.15-06.01.38:673][999]LogModuleManager: Shutting down and abandoning module Settings (86)
[2019.01.15-06.01.38:673][999]LogModuleManager: Shutting down and abandoning module PhysXCooking (84)
[2019.01.15-06.01.38:673][999]LogModuleManager: Shutting down and abandoning module SteamVR (82)
[2019.01.15-06.01.38:673][999]LogModuleManager: Shutting down and abandoning module OculusHMD (80)
[2019.01.15-06.01.38:673][999]LogModuleManager: Shutting down and abandoning module ExampleDeviceProfileSelector (78)
[2019.01.15-06.01.38:673][999]LogModuleManager: Shutting down and abandoning module LauncherChunkInstaller (76)
[2019.01.15-06.01.38:673][999]LogModuleManager: Shutting down and abandoning module OnlineBlueprintSupport (74)
[2019.01.15-06.01.38:673][999]LogModuleManager: Shutting down and abandoning module OnlineSubsystem (70)
[2019.01.15-06.01.38:674][999]LogModuleManager: Shutting down and abandoning module XMPP (65)
[2019.01.15-06.01.38:674][999]LogModuleManager: Shutting down and abandoning module WebSockets (64)
[2019.01.15-06.01.38:685][999]LogModuleManager: Shutting down and abandoning module HTTP (61)
[2019.01.15-06.01.38:685][999]LogHttp: Display: Http module shutting down, but needs to wait on 1 outstanding Http requests:
[2019.01.15-06.01.38:685][999]LogHttp: Display: 	verb=[POST] url=[https://datarouter.ol.epicgames.com/datarouter/api/v1/public/data?SessionID=%7BEC995E41-4895-62CE-DA72-FE96A63F0A1A%7D&AppID=UEEditor.Rocket.Release&AppVersion=4.20.3-4369336%2B%2B%2BUE4%2BRelease-4.20&UserID=9aa908a74d054b931ee3b98936d04141%7C7d8407c65419443c9dc9be316c9ed383%7C0bb19323-bec0-45a9-b908-bc3fac520e07&AppEnvironment=datacollector-binary&UploadType=eteventstream] status=Processing
[2019.01.15-06.01.38:711][999]LogModuleManager: Shutting down and abandoning module SSL (60)
[2019.01.15-06.01.38:712][999]LogModuleManager: Shutting down and abandoning module MagicLeapEmulator (56)
[2019.01.15-06.01.38:712][999]LogModuleManager: Shutting down and abandoning module MagicLeapPrivileges (54)
[2019.01.15-06.01.38:712][999]LogModuleManager: Shutting down and abandoning module MagicLeapIdentity (52)
[2019.01.15-06.01.38:712][999]LogModuleManager: Shutting down and abandoning module MagicLeapHelperVulkan (50)
[2019.01.15-06.01.38:712][999]LogModuleManager: Shutting down and abandoning module MagicLeapHelperOpenGL (48)
[2019.01.15-06.01.38:712][999]LogModuleManager: Shutting down and abandoning module MagicLeapSecureStorage (46)
[2019.01.15-06.01.38:712][999]LogModuleManager: Shutting down and abandoning module MagicLeapGestures (44)
[2019.01.15-06.01.38:712][999]LogModuleManager: Shutting down and abandoning module MagicLeapEyeTracker (42)
[2019.01.15-06.01.38:712][999]LogModuleManager: Shutting down and abandoning module MagicLeapController (40)
[2019.01.15-06.01.38:713][999]LogSlate: Slate User Destroyed.  User Index 0, Is Virtual User: 0
[2019.01.15-06.01.38:713][999]LogModuleManager: Shutting down and abandoning module MagicLeap (38)
[2019.01.15-06.01.38:713][999]LogModuleManager: Shutting down and abandoning module AnimationModifiers (36)
[2019.01.15-06.01.38:713][999]LogModuleManager: Shutting down and abandoning module PropertyEditor (35)
[2019.01.15-06.01.38:713][999]LogModuleManager: Shutting down and abandoning module AudioEditor (32)
[2019.01.15-06.01.38:713][999]LogModuleManager: Shutting down and abandoning module TextureCompressor (30)
[2019.01.15-06.01.38:713][999]LogModuleManager: Shutting down and abandoning module ShaderCore (28)
[2019.01.15-06.01.38:713][999]LogModuleManager: Shutting down and abandoning module Landscape (26)
[2019.01.15-06.01.38:713][999]LogModuleManager: Shutting down and abandoning module SlateRHIRenderer (24)
[2019.01.15-06.01.38:713][999]LogModuleManager: Shutting down and abandoning module OpenGLDrv (22)
[2019.01.15-06.01.38:713][999]LogModuleManager: Shutting down and abandoning module D3D11RHI (20)
[2019.01.15-06.01.38:713][999]LogModuleManager: Shutting down and abandoning module AnimGraphRuntime (18)
[2019.01.15-06.01.38:713][999]LogModuleManager: Shutting down and abandoning module Renderer (16)
[2019.01.15-06.01.38:713][999]LogModuleManager: Shutting down and abandoning module Engine (14)
[2019.01.15-06.01.38:713][999]LogModuleManager: Shutting down and abandoning module CoreUObject (12)
[2019.01.15-06.01.38:713][999]LogModuleManager: Shutting down and abandoning module NetworkFile (10)
[2019.01.15-06.01.38:713][999]LogModuleManager: Shutting down and abandoning module CookedIterativeFile (8)
[2019.01.15-06.01.38:713][999]LogModuleManager: Shutting down and abandoning module StreamingFile (6)
[2019.01.15-06.01.38:713][999]LogModuleManager: Shutting down and abandoning module SandboxFile (4)
[2019.01.15-06.01.38:713][999]LogModuleManager: Shutting down and abandoning module PakFile (2)
[2019.01.15-06.01.38:736][999]LogExit: Exiting.
[2019.01.15-06.01.38:751][999]Log file closed, 01/14/19 23:01:38
