Log file open, 01/16/19 13:28:38
LogWindows: Failed to load 'aqProf.dll' (GetLastError=126)
LogWindows: File 'aqProf.dll' does not exist
LogWindows: Failed to load 'VtuneApi.dll' (GetLastError=126)
LogWindows: File 'VtuneApi.dll' does not exist
LogWindows: Failed to load 'VtuneApi32e.dll' (GetLastError=126)
LogWindows: File 'VtuneApi32e.dll' does not exist
LogInit: Display: Running engine for game: JoeL_WBIC_sec2_AP
LogPlatformFile: Not using cached read wrapper
LogTaskGraph: Started task graph with 5 named threads and 23 total threads with 3 sets of task threads.
LogStats: Stats thread started at 0.274870
LogD3D11RHI: Loaded GFSDK_Aftermath_Lib.x64.dll
LogICUInternationalization: Display: ICU TimeZone Detection - Raw Offset: -7:00, Platform Override: ''
LogPluginManager: Mounting plugin Paper2D
LogPluginManager: Mounting plugin AISupport
LogPluginManager: Mounting plugin LightPropagationVolume
LogPluginManager: Mounting plugin CLionSourceCodeAccess
LogPluginManager: Mounting plugin CodeLiteSourceCodeAccess
LogPluginManager: Mounting plugin GitSourceControl
LogPluginManager: Mounting plugin KDevelopSourceCodeAccess
LogPluginManager: Mounting plugin NullSourceCodeAccess
LogPluginManager: Mounting plugin PerforceSourceControl
LogPluginManager: Mounting plugin SubversionSourceControl
LogPluginManager: Mounting plugin UObjectPlugin
LogPluginManager: Mounting plugin VisualStudioCodeSourceCodeAccess
LogPluginManager: Mounting plugin VisualStudioSourceCodeAccess
LogPluginManager: Mounting plugin XCodeSourceCodeAccess
LogPluginManager: Mounting plugin AssetManagerEditor
LogPluginManager: Mounting plugin CryptoKeys
LogPluginManager: Mounting plugin DataValidation
LogPluginManager: Mounting plugin FacialAnimation
LogPluginManager: Mounting plugin GameplayTagsEditor
LogPluginManager: Mounting plugin MacGraphicsSwitching
LogPluginManager: Mounting plugin MeshEditor
LogPluginManager: Mounting plugin MobileLauncherProfileWizard
LogPluginManager: Mounting plugin PluginBrowser
LogPluginManager: Mounting plugin SpeedTreeImporter
LogPluginManager: Mounting plugin DatasmithContent
LogPluginManager: Mounting plugin AlembicImporter
LogPluginManager: Mounting plugin AppleImageUtils
LogPluginManager: Mounting plugin AppleVision
LogPluginManager: Mounting plugin BackChannel
LogPluginManager: Mounting plugin CharacterAI
LogPluginManager: Mounting plugin GeometryCache
LogPluginManager: Mounting plugin HTML5Networking
LogPluginManager: Mounting plugin ProxyLODPlugin
LogPluginManager: Mounting plugin MagicLeap
LogPluginManager: Mounting plugin MagicLeapEmulator
LogPluginManager: Mounting plugin MagicLeapMedia
LogPluginManager: Mounting plugin AndroidMedia
LogPluginManager: Mounting plugin AvfMedia
LogPluginManager: Mounting plugin ImgMedia
LogPluginManager: Mounting plugin LinearTimecode
LogPluginManager: Mounting plugin MediaCompositing
LogPluginManager: Mounting plugin MediaPlayerEditor
LogPluginManager: Mounting plugin WmfMedia
LogPluginManager: Mounting plugin TcpMessaging
LogPluginManager: Mounting plugin UdpMessaging
LogPluginManager: Mounting plugin ActorSequence
LogPluginManager: Mounting plugin LevelSequenceEditor
LogPluginManager: Mounting plugin MatineeToLevelSequence
LogPluginManager: Mounting plugin NetcodeUnitTest
LogPluginManager: Mounting plugin NUTUnrealEngine4
LogPluginManager: Mounting plugin OnlineSubsystemGooglePlay
LogPluginManager: Mounting plugin OnlineSubsystemIOS
LogPluginManager: Mounting plugin OnlineSubsystem
LogPluginManager: Mounting plugin OnlineSubsystemNull
LogPluginManager: Mounting plugin OnlineSubsystemUtils
LogPluginManager: Mounting plugin LauncherChunkInstaller
LogPluginManager: Mounting plugin AndroidDeviceProfileSelector
LogPluginManager: Mounting plugin AndroidMoviePlayer
LogPluginManager: Mounting plugin AndroidPermission
LogPluginManager: Mounting plugin AppleMoviePlayer
LogPluginManager: Mounting plugin ArchVisCharacter
LogPluginManager: Mounting plugin AudioCapture
LogPluginManager: Mounting plugin CableComponent
LogPluginManager: Mounting plugin CustomMeshComponent
LogPluginManager: Mounting plugin EditableMesh
LogPluginManager: Mounting plugin ExampleDeviceProfileSelector
LogPluginManager: Mounting plugin GoogleCloudMessaging
LogPluginManager: Mounting plugin ImmediatePhysics
LogPluginManager: Mounting plugin IOSDeviceProfileSelector
LogPluginManager: Mounting plugin LinuxDeviceProfileSelector
LogPluginManager: Mounting plugin LocationServicesBPLibrary
LogPluginManager: Mounting plugin MobilePatchingUtils
LogPluginManager: Mounting plugin OculusVR
LogPluginManager: Plugin shader directory ../../../Engine/Plugins/Runtime/Oculus/OculusVR/Shaders found
LogPluginManager: Mapping shader source directory ../../../Engine/Plugins/Runtime/Oculus/OculusVR/Shaders to virtual directory /Plugin/OculusVR
LogPluginManager: Mounting plugin PhysXVehicles
LogPluginManager: Mounting plugin ProceduralMeshComponent
LogPluginManager: Mounting plugin RuntimePhysXCooking
LogPluginManager: Mounting plugin SteamVR
LogPluginManager: Mounting plugin WindowsMoviePlayer
LogStreaming: Display: Took  0.087s to configure plugins.
LogInit: Using libcurl 7.55.1-DEV
LogInit:  - built for x86_64-pc-win32
LogInit:  - supports SSL with OpenSSL/1.0.2h
LogInit:  - supports HTTP deflate (compression) using libz 1.2.8
LogInit:  - other features:
LogInit:      CURL_VERSION_SSL
LogInit:      CURL_VERSION_LIBZ
LogInit:      CURL_VERSION_IPV6
LogInit:      CURL_VERSION_ASYNCHDNS
LogInit:      CURL_VERSION_LARGEFILE
LogInit:      CURL_VERSION_IDN
LogInit:  CurlRequestOptions (configurable via config and command line):
LogInit:  - bVerifyPeer = false  - Libcurl will NOT verify peer certificate
LogInit:  - bUseHttpProxy = false  - Libcurl will NOT use HTTP proxy
LogInit:  - bDontReuseConnections = false  - Libcurl will reuse connections
LogInit:  - CertBundlePath = nullptr  - Libcurl will use whatever was configured at build time.
LogInit:  - MaxHostConnections = 16  - Libcurl will limit the number of connections to a host
LogInit:  - LocalHostAddr = Default
LogInit:  - BufferSize = 65536
LogInit: WinSock: version 1.1 (2.2), MaxSocks=32767, MaxUdp=65467
LogInit: Build: ++UE4+Release-4.20-CL-4369336
LogInit: Engine Version: 4.20.3-4369336+++UE4+Release-4.20
LogInit: Compatible Engine Version: 4.20.0-4212847+++UE4+Release-4.20
LogInit: Net CL: 4212847
LogInit: OS: Windows 10 (), CPU: Intel(R) Core(TM) i7-8809G CPU @ 3.10GHz, GPU: Radeon RX Vega M GH Graphics
LogInit: Compiled (64-bit): Sep 17 2018 12:26:19
LogInit: Compiled with Visual C++: 19.13.26129.00
LogInit: Build Configuration: Development
LogInit: Branch Name: ++UE4+Release-4.20
LogInit: Command Line: -EpicPortal  -epicusername="RememberJoe" -epicuserid=7d8407c65419443c9dc9be316c9ed383 -epiclocale=en-US
LogInit: Base Directory: C:/Program Files/Epic Games/UE_4.20/Engine/Binaries/Win64/
LogInit: Installed Engine Build: 1
LogDevObjectVersion: Number of dev versions registered: 20
LogDevObjectVersion:   Dev-Blueprints (B0D832E4-1F89-4F0D-ACCF-7EB736FD4AA2): 10
LogDevObjectVersion:   Dev-Build (E1C64328-A22C-4D53-A36C-8E866417BD8C): 0
LogDevObjectVersion:   Dev-Core (375EC13C-06E4-48FB-B500-84F0262A717E): 2
LogDevObjectVersion:   Dev-Editor (E4B068ED-F494-42E9-A231-DA0B2E46BB41): 24
LogDevObjectVersion:   Dev-Framework (CFFC743F-43B0-4480-9391-14DF171D2073): 34
LogDevObjectVersion:   Dev-Mobile (B02B49B5-BB20-44E9-A304-32B752E40360): 2
LogDevObjectVersion:   Dev-Networking (A4E4105C-59A1-49B5-A7C5-40C4547EDFEE): 0
LogDevObjectVersion:   Dev-Online (39C831C9-5AE6-47DC-9A44-9C173E1C8E7C): 0
LogDevObjectVersion:   Dev-Physics (78F01B33-EBEA-4F98-B9B4-84EACCB95AA2): 0
LogDevObjectVersion:   Dev-Platform (6631380F-2D4D-43E0-8009-CF276956A95A): 0
LogDevObjectVersion:   Dev-Rendering (12F88B9F-8875-4AFC-A67C-D90C383ABD29): 26
LogDevObjectVersion:   Dev-Sequencer (7B5AE74C-D270-4C10-A958-57980B212A5A): 9
LogDevObjectVersion:   Dev-VR (D7296918-1DD6-4BDD-9DE2-64A83CC13884): 2
LogDevObjectVersion:   Dev-LoadTimes (C2A15278-BFE7-4AFE-6C17-90FF531DF755): 1
LogDevObjectVersion:   Private-Geometry (6EACA3D4-40EC-4CC1-B786-8BED09428FC5): 3
LogDevObjectVersion:   Dev-AnimPhys (29E575DD-E0A3-4627-9D10-D276232CDCEA): 17
LogDevObjectVersion:   Dev-ReflectionCapture (6B266CEC-1EC7-4B8F-A30B-E4D90942FC07): 1
LogDevObjectVersion:   Dev-Automation (0DF73D61-A23F-47EA-B727-89E90C41499A): 1
LogDevObjectVersion:   FortniteMain (601D1886-AC64-4F84-AA16-D3DE0DEAC7D6): 12
LogDevObjectVersion:   Dev-Enterprise (9DFFBCD6-494F-0158-E221-12823C92A888): 1
LogStreaming: Display: Took  0.001s to delete old logs.
LogInit: Presizing for max 8388607 objects, including 0 objects not considered by GC, pre-allocating 0 bytes for permanent pool.
LogInit: Object subsystem initialized
[2019.01.16-20.28.38:304][  0]LogInit: Selected Device Profile: [Windows]
[2019.01.16-20.28.38:304][  0]LogInit: Applying CVar settings loaded from the selected device profile: [Windows]
[2019.01.16-20.28.38:316][  0]LogHAL: Display: Platform has ~ 16 GB [17095299072 / 17179869184 / 16], which maps to Larger [LargestMinGB=32, LargerMinGB=12, DefaultMinGB=8, SmallerMinGB=6, SmallestMinGB=0)
[2019.01.16-20.28.38:316][  0]LogInit: Setting Device Profile CVar: [[r.Vulkan.UseRealUBs:1]]
[2019.01.16-20.28.38:316][  0]LogInit: Going up to parent DeviceProfile []
[2019.01.16-20.28.38:316][  0]LogInit: Computer: eae-n-009
[2019.01.16-20.28.38:316][  0]LogInit: User: u1195071
[2019.01.16-20.28.38:316][  0]LogInit: CPU Page size=4096, Cores=4
[2019.01.16-20.28.38:316][  0]LogInit: High frequency timer resolution =3.023438 MHz
[2019.01.16-20.28.38:317][  0]LogMemory: Memory total: Physical=15.9GB (16GB approx)
[2019.01.16-20.28.38:317][  0]LogMemory: Platform Memory Stats for Windows
[2019.01.16-20.28.38:317][  0]LogMemory: Process Physical Memory: 99.70 MB used, 99.70 MB peak
[2019.01.16-20.28.38:317][  0]LogMemory: Process Virtual Memory: 91.04 MB used, 91.04 MB peak
[2019.01.16-20.28.38:317][  0]LogMemory: Physical Memory: 4829.51 MB used,  11473.84 MB free, 16303.35 MB total
[2019.01.16-20.28.38:317][  0]LogMemory: Virtual Memory: 4640.71 MB used,  11473.84 MB free, 134217728.00 MB total
[2019.01.16-20.28.38:332][  0]LogInit: Using OS detected language (en-US).
[2019.01.16-20.28.38:332][  0]LogInit: Using OS detected locale (en-US).
[2019.01.16-20.28.38:333][  0]LogTextLocalizationManager: No specific localization for 'en-US' exists, so the 'en' localization will be used.
[2019.01.16-20.28.38:670][  0]LogStreaming: Display: Took  0.338s to InitEngineTextLocalization.
[2019.01.16-20.28.38:670][  0]LogInit: Setting process to per monitor DPI aware
[2019.01.16-20.28.38:704][  0]LogSlate: New Slate User Created.  User Index 0, Is Virtual User: 0
[2019.01.16-20.28.38:705][  0]LogSlate: Slate User Registered.  User Index 0, Is Virtual User: 0
[2019.01.16-20.28.38:887][  0]LogHMD: Failed to initialize OpenVR with code 110
[2019.01.16-20.28.38:887][  0]LogD3D11RHI: D3D11 adapters:
[2019.01.16-20.28.38:928][  0]LogD3D11RHI:    0. 'Radeon RX Vega M GH Graphics' (Feature Level 11_0)
[2019.01.16-20.28.38:928][  0]LogD3D11RHI:       4042/0/8151 MB DedicatedVideo/DedicatedSystem/SharedSystem, Outputs:1, VendorId:0x1002
[2019.01.16-20.28.38:939][  0]LogD3D11RHI:    1. 'Intel(R) HD Graphics 630' (Feature Level 11_0)
[2019.01.16-20.28.38:939][  0]LogD3D11RHI:       128/0/8151 MB DedicatedVideo/DedicatedSystem/SharedSystem, Outputs:0, VendorId:0x8086
[2019.01.16-20.28.38:940][  0]LogD3D11RHI:    2. 'Microsoft Basic Render Driver' (Feature Level 11_0)
[2019.01.16-20.28.38:940][  0]LogD3D11RHI:       0/0/8151 MB DedicatedVideo/DedicatedSystem/SharedSystem, Outputs:0, VendorId:0x1414
[2019.01.16-20.28.38:940][  0]LogD3D11RHI: Chosen D3D11 Adapter: 0
[2019.01.16-20.28.38:946][  0]LogD3D11RHI: Creating new Direct3DDevice
[2019.01.16-20.28.38:946][  0]LogD3D11RHI:     GPU DeviceId: 0x694c (for the marketing name, search the web for "GPU Device Id")
[2019.01.16-20.28.38:946][  0]LogWindows: EnumDisplayDevices:
[2019.01.16-20.28.38:946][  0]LogWindows:    0. 'Radeon RX Vega M GH Graphics' (P:1 D:1)
[2019.01.16-20.28.38:947][  0]LogWindows:    1. 'Radeon RX Vega M GH Graphics' (P:0 D:0)
[2019.01.16-20.28.38:947][  0]LogWindows:    2. 'Radeon RX Vega M GH Graphics' (P:0 D:0)
[2019.01.16-20.28.38:947][  0]LogWindows:    3. 'Radeon RX Vega M GH Graphics' (P:0 D:0)
[2019.01.16-20.28.38:948][  0]LogWindows:    4. 'Radeon RX Vega M GH Graphics' (P:0 D:0)
[2019.01.16-20.28.38:948][  0]LogWindows:    5. 'Radeon RX Vega M GH Graphics' (P:0 D:0)
[2019.01.16-20.28.38:948][  0]LogWindows:    6. 'Radeon RX Vega M GH Graphics' (P:0 D:0)
[2019.01.16-20.28.38:948][  0]LogWindows:    7. 'Intel(R) HD Graphics 630' (P:0 D:0)
[2019.01.16-20.28.38:949][  0]LogWindows:    8. 'Intel(R) HD Graphics 630' (P:0 D:0)
[2019.01.16-20.28.38:949][  0]LogWindows: DebugString: PrimaryIsNotTheChoosenAdapter PrimaryIsNotTheChoosenAdapter FoundDriverCount:7 
[2019.01.16-20.28.38:949][  0]LogD3D11RHI:     Adapter Name: Radeon RX Vega M GH Graphics
[2019.01.16-20.28.38:949][  0]LogD3D11RHI:   Driver Version: Adrenalin 18.9.1 (internal:24.20.11026.2001, unified:24.20.11026.2001)
[2019.01.16-20.28.38:949][  0]LogD3D11RHI:      Driver Date: 8-30-2018
[2019.01.16-20.28.38:949][  0]LogRHI: Texture pool is 2829 MB (70% of 4042 MB)
[2019.01.16-20.28.39:010][  0]LogD3D11RHI: Async texture creation enabled
[2019.01.16-20.28.39:021][  0]LogD3D11RHI: GPU Timing Frequency: 25.000000 (Debug: 2 1)
[2019.01.16-20.28.39:024][  0]LogShaderCompilers: Guid format shader working directory is -40 characters bigger than the processId version (../../../../../../Users/u1195071/Documents/GitHub/J.Liao-AssetPipeline/JoeL_WBIC_sec2_AP/Intermediate/Shaders/WorkingDirectory/12028/).
[2019.01.16-20.28.39:024][  0]LogShaderCompilers: Cleaned the shader compiler working directory 'C:/Users/u1195071/AppData/Local/Temp/UnrealShaderWorkingDir/7F5406E247C7DA84552D91A50A7E2C4A/'.
[2019.01.16-20.28.39:259][  0]LogTemp: Display: Loaded TP AllDesktopTargetPlatform
[2019.01.16-20.28.39:270][  0]LogTemp: Display: Loaded TP MacClientTargetPlatform
[2019.01.16-20.28.39:282][  0]LogTemp: Display: Loaded TP MacNoEditorTargetPlatform
[2019.01.16-20.28.39:293][  0]LogTemp: Display: Loaded TP MacServerTargetPlatform
[2019.01.16-20.28.39:305][  0]LogTemp: Display: Loaded TP MacTargetPlatform
[2019.01.16-20.28.39:316][  0]LogTemp: Display: Loaded TP WindowsClientTargetPlatform
[2019.01.16-20.28.39:327][  0]LogTemp: Display: Loaded TP WindowsNoEditorTargetPlatform
[2019.01.16-20.28.39:339][  0]LogTemp: Display: Loaded TP WindowsServerTargetPlatform
[2019.01.16-20.28.39:345][  0]LogTemp: Display: Loaded TP WindowsTargetPlatform
[2019.01.16-20.28.39:409][  0]LogTemp: Display: Loaded TP AndroidTargetPlatform
[2019.01.16-20.28.39:409][  0]LogTemp: Display: Loaded TP AndroidTargetPlatform
[2019.01.16-20.28.39:409][  0]LogTemp: Display: Loaded TP AndroidTargetPlatform
[2019.01.16-20.28.39:409][  0]LogTemp: Display: Loaded TP AndroidTargetPlatform
[2019.01.16-20.28.39:409][  0]LogTemp: Display: Loaded TP AndroidTargetPlatform
[2019.01.16-20.28.39:409][  0]LogTemp: Display: Loaded TP AndroidTargetPlatform
[2019.01.16-20.28.39:409][  0]LogTemp: Display: Loaded TP AndroidTargetPlatform
[2019.01.16-20.28.39:409][  0]LogTemp: Display: Loaded TP AndroidTargetPlatform
[2019.01.16-20.28.39:409][  0]LogTemp: Display: Loaded TP AndroidTargetPlatform
[2019.01.16-20.28.39:409][  0]LogTemp: Display: Loaded TP AndroidTargetPlatform
[2019.01.16-20.28.39:409][  0]LogTemp: Display: Loaded TP AndroidTargetPlatform
[2019.01.16-20.28.39:409][  0]LogTemp: Display: Loaded TP AndroidTargetPlatform
[2019.01.16-20.28.39:409][  0]LogTemp: Display: Loaded TP AndroidTargetPlatform
[2019.01.16-20.28.39:409][  0]LogTemp: Display: Loaded TP AndroidTargetPlatform
[2019.01.16-20.28.39:409][  0]LogTemp: Display: Loaded TP AndroidTargetPlatform
[2019.01.16-20.28.39:409][  0]LogTemp: Display: Loaded TP AndroidTargetPlatform
[2019.01.16-20.28.39:409][  0]LogTemp: Display: Loaded TP AndroidTargetPlatform
[2019.01.16-20.28.39:409][  0]LogTemp: Display: Loaded TP AndroidTargetPlatform
[2019.01.16-20.28.39:410][  0]LogTemp: Display: Loaded TP HTML5TargetPlatform
[2019.01.16-20.28.39:465][  0]LogTemp: Display: Loaded TP IOSTargetPlatform
[2019.01.16-20.28.39:465][  0]LogTemp: Display: Loaded TP IOSTargetPlatform
[2019.01.16-20.28.39:484][  0]LogTemp: Display: Loaded TP TVOSTargetPlatform
[2019.01.16-20.28.39:485][  0]LogTemp: Display: Loaded TP TVOSTargetPlatform
[2019.01.16-20.28.39:495][  0]LogTemp: Display: Loaded TP LinuxClientTargetPlatform
[2019.01.16-20.28.39:505][  0]LogTemp: Display: Loaded TP LinuxNoEditorTargetPlatform
[2019.01.16-20.28.39:515][  0]LogTemp: Display: Loaded TP LinuxServerTargetPlatform
[2019.01.16-20.28.39:525][  0]LogTemp: Display: Loaded TP LinuxTargetPlatform
[2019.01.16-20.28.39:533][  0]LogTemp: Display: Loaded TP LuminTargetPlatform
[2019.01.16-20.28.39:533][  0]LogTargetPlatformManager: Display: Building Assets For Windows
[2019.01.16-20.28.39:586][  0]LogXGEController: Cannot use XGE Controller as Incredibuild is not installed on this machine.
[2019.01.16-20.28.39:586][  0]LogShaderCompilers: Cannot use XGE Shader Compiler as Incredibuild is not installed on this machine.
[2019.01.16-20.28.39:586][  0]LogShaderCompilers: Display: Using Local Shader Compiler.
[2019.01.16-20.28.40:206][  0]LogDerivedDataCache: Display: Max Cache Size: 512 MB
[2019.01.16-20.28.40:261][  0]LogDerivedDataCache: Loaded boot cache 0.05s 71MB C:/Users/u1195071/AppData/Local/UnrealEngine/4.20/DerivedDataCache/Boot.ddc.
[2019.01.16-20.28.40:262][  0]LogDerivedDataCache: Display: Loaded Boot cache: C:/Users/u1195071/AppData/Local/UnrealEngine/4.20/DerivedDataCache/Boot.ddc
[2019.01.16-20.28.40:262][  0]LogDerivedDataCache: FDerivedDataBackendGraph:  Pak pak cache file ../../../../../../Users/u1195071/Documents/GitHub/J.Liao-AssetPipeline/JoeL_WBIC_sec2_AP/DerivedDataCache/DDC.ddp not found, will not use a pak cache.
[2019.01.16-20.28.40:262][  0]LogDerivedDataCache: Unable to find inner node Pak for hierarchical cache Hierarchy.
[2019.01.16-20.28.40:262][  0]LogDerivedDataCache: FDerivedDataBackendGraph:  CompressedPak pak cache file ../../../../../../Users/u1195071/Documents/GitHub/J.Liao-AssetPipeline/JoeL_WBIC_sec2_AP/DerivedDataCache/Compressed.ddp not found, will not use a pak cache.
[2019.01.16-20.28.40:262][  0]LogDerivedDataCache: Unable to find inner node CompressedPak for hierarchical cache Hierarchy.
[2019.01.16-20.28.40:273][  0]LogDerivedDataCache: Display: Pak cache opened for reading ../../../Engine/DerivedDataCache/Compressed.ddp.
[2019.01.16-20.28.40:284][  0]LogDerivedDataCache: Using Local data cache path C:/Users/u1195071/AppData/Local/UnrealEngine/Common/DerivedDataCache: Writable
[2019.01.16-20.28.40:284][  0]LogDerivedDataCache: Shared data cache path not found in *engine.ini, will not use an Shared cache.
[2019.01.16-20.28.40:284][  0]LogDerivedDataCache: Unable to find inner node Shared for hierarchical cache Hierarchy.
[2019.01.16-20.28.40:300][  0]LogMaterial: Verifying Global Shaders for PCD3D_SM5
[2019.01.16-20.28.40:301][  0]LogSlate: Using FreeType 2.6.0
[2019.01.16-20.28.40:301][  0]LogSlate: SlateFontServices - WITH_FREETYPE: 1, WITH_HARFBUZZ: 1
[2019.01.16-20.28.40:366][  0]LogAssetRegistry: FAssetRegistry took 0.0252 seconds to start up
[2019.01.16-20.28.40:638][  0]LogInit: Selected Device Profile: [Windows]
[2019.01.16-20.28.40:752][  0]LogSimplygon: Simplygon DLL not present - disabling.
[2019.01.16-20.28.40:756][  0]LogMeshReduction: Using SimplygonSwarm for distributed automatic mesh merging
[2019.01.16-20.28.40:756][  0]LogMeshReduction: Using ProxyLODMeshReduction for automatic mesh merging
[2019.01.16-20.28.40:756][  0]LogMeshReduction: Using QuadricMeshReduction for automatic static mesh reduction
[2019.01.16-20.28.40:756][  0]LogMeshReduction: No automatic skeletal mesh reduction module available
[2019.01.16-20.28.40:770][  0]LogNetVersion: JoeL_WBIC_sec2_AP 1.0.0, NetCL: 4212847, EngineNetVer: 5, GameNetVer: 0 (Checksum: 950050947)
[2019.01.16-20.28.41:222][  0]LogPackageLocalizationCache: Processed 11 localized package path(s) for 2 prioritized culture(s) in 0.085867 seconds
[2019.01.16-20.28.41:227][  0]LogUObjectArray: 38425 objects as part of root set at end of initial load.
[2019.01.16-20.28.41:227][  0]LogUObjectAllocator: 6690872 out of 0 bytes used by permanent object pool.
[2019.01.16-20.28.41:227][  0]LogUObjectArray: CloseDisregardForGC: 0/0 objects in disregard for GC pool
[2019.01.16-20.28.41:957][  0]LogTcpMessaging: Initializing TcpMessaging bridge
[2019.01.16-20.28.41:970][  0]LogUdpMessaging: Initializing bridge on interface 0.0.0.0:0 to multicast group 230.0.0.1:6666.
[2019.01.16-20.28.42:108][  0]SourceControl: Source control is disabled
[2019.01.16-20.28.42:108][  0]SourceControl: Source control is disabled
[2019.01.16-20.28.42:109][  0]SourceControl: Source control is disabled
[2019.01.16-20.28.42:110][  0]SourceControl: Source control is disabled
[2019.01.16-20.28.42:262][  0]LogAndroidPermission: UAndroidPermissionCallbackProxy::GetInstance
[2019.01.16-20.28.42:332][  0]LogOcInput: OculusInput pre-init called
[2019.01.16-20.28.42:384][  0]LogEngine: Initializing Engine...
[2019.01.16-20.28.42:385][  0]LogHMD: Failed to initialize OpenVR with code 110
[2019.01.16-20.28.42:386][  0]LogStats: UGameplayTagsManager::ConstructGameplayTagTree: ImportINI prefixes -  0.000 s
[2019.01.16-20.28.42:386][  0]LogStats: UGameplayTagsManager::ConstructGameplayTagTree: Construct from data asset -  0.000 s
[2019.01.16-20.28.42:386][  0]LogStats: UGameplayTagsManager::ConstructGameplayTagTree: ImportINI -  0.000 s
[2019.01.16-20.28.42:386][  0]LogStats: UGameplayTagsManager::ConstructGameplayTagTree: GameplayTagTreeChangedEvent.Broadcast -  0.000 s
[2019.01.16-20.28.42:561][  0]LogInit: Initializing FReadOnlyCVARCache
[2019.01.16-20.28.42:574][  0]LogAIModule: Creating AISystem for world Untitled
[2019.01.16-20.28.42:608][  0]LogInit: XAudio2 using '1 - CintiqPro24P (AMD High Definition Audio Device)' : 2 channels at 48 kHz using 16 bits per sample (channel mask 0x3)
[2019.01.16-20.28.42:633][  0]LogInit: FAudioDevice initialized.
[2019.01.16-20.28.42:633][  0]LogNetVersion: Set ProjectVersion to 1.0.0.0. Version Checksum will be recalculated on next use.
[2019.01.16-20.28.42:708][  0]LogDerivedDataCache: Saved boot cache 0.07s 71MB C:/Users/u1195071/AppData/Local/UnrealEngine/4.20/DerivedDataCache/Boot.ddc.
[2019.01.16-20.28.42:740][  0]LogInit: Texture streaming: Enabled
[2019.01.16-20.28.42:755][  0]LogEngineSessionManager: EngineSessionManager initialized
[2019.01.16-20.28.42:767][  0]LogInit: Transaction tracking system initialized
[2019.01.16-20.28.42:788][  0]BlueprintLog: New page: Editor Load
[2019.01.16-20.28.42:861][  0]LocalizationService: Localization service is disabled
[2019.01.16-20.28.43:081][  0]LogCook: Display: Max memory allowance for cook 16384mb min free memory 0mb
[2019.01.16-20.28.43:081][  0]LogCook: Display: Mobile HDR setting 1
[2019.01.16-20.28.43:081][  0]LogGameplayTags: Display: UGameplayTagsManager::DoneAddingNativeTags. DelegateIsBound: 0
[2019.01.16-20.28.43:081][  0]LogStats: UGameplayTagsManager::ConstructGameplayTagTree: ImportINI prefixes -  0.000 s
[2019.01.16-20.28.43:081][  0]LogStats: UGameplayTagsManager::ConstructGameplayTagTree: Construct from data asset -  0.000 s
[2019.01.16-20.28.43:081][  0]LogStats: UGameplayTagsManager::ConstructGameplayTagTree: ImportINI -  0.000 s
[2019.01.16-20.28.43:081][  0]LogStats: UGameplayTagsManager::ConstructGameplayTagTree: GameplayTagTreeChangedEvent.Broadcast -  0.000 s
[2019.01.16-20.28.43:191][  0]LogFileCache: Scanning file cache for directory 'C:/Users/u1195071/Documents/GitHub/J.Liao-AssetPipeline/JoeL_WBIC_sec2_AP/Content/' took 0.01s
[2019.01.16-20.28.43:191][  0]SourceControl: Source control is disabled
[2019.01.16-20.28.43:191][  0]Cmd: MAP LOAD FILE="../../../Engine/Content/Maps/Templates/Template_Default.umap" TEMPLATE=1 SHOWPROGRESS=1 FEATURELEVEL=3
[2019.01.16-20.28.43:191][  0]LightingResults: New page: Lighting Build
[2019.01.16-20.28.43:194][  0]MapCheck: New page: Map Check
[2019.01.16-20.28.43:194][  0]LightingResults: New page: Lighting Build
[2019.01.16-20.28.43:372][  0]LogAIModule: Creating AISystem for world Untitled_1
[2019.01.16-20.28.43:379][  0]LogEditorServer: Finished looking for orphan Actors (0.000 secs)
[2019.01.16-20.28.43:398][  0]Cmd: MAP CHECKDEP NOCLEARLOG
[2019.01.16-20.28.43:458][  0]MapCheck: Map check complete: 0 Error(s), 0 Warning(s), took 60.007ms to complete.
[2019.01.16-20.28.43:458][  0]LogFileHelpers: Loading map 'Template_Default' took 0.267
[2019.01.16-20.28.43:537][  0]LogSlate: Updating window title bar state: overlay mode, drag disabled, window buttons hidden, title bar hidden
[2019.01.16-20.28.43:543][  0]LogSlate: Updating window title bar state: overlay mode, drag disabled, window buttons hidden, title bar hidden
[2019.01.16-20.28.43:549][  0]LogSlate: Updating window title bar state: overlay mode, drag disabled, window buttons hidden, title bar hidden
[2019.01.16-20.28.43:556][  0]LogSlate: Updating window title bar state: overlay mode, drag disabled, window buttons hidden, title bar hidden
[2019.01.16-20.28.43:561][  0]LogCollectionManager: Loaded 0 collections in 0.001676 seconds
[2019.01.16-20.28.43:601][  0]LogFileCache: Scanning file cache for directory 'C:/Users/u1195071/Documents/GitHub/J.Liao-AssetPipeline/JoeL_WBIC_sec2_AP/Saved/Collections/' took 0.01s
[2019.01.16-20.28.43:601][  0]LogFileCache: Scanning file cache for directory 'C:/Users/u1195071/Documents/GitHub/J.Liao-AssetPipeline/JoeL_WBIC_sec2_AP/Content/Developers/u1195071/Collections/' took 0.01s
[2019.01.16-20.28.43:601][  0]LogFileCache: Scanning file cache for directory 'C:/Users/u1195071/Documents/GitHub/J.Liao-AssetPipeline/JoeL_WBIC_sec2_AP/Content/Collections/' took 0.01s
[2019.01.16-20.28.43:601][  0]LogCollectionManager: Rebuilt the GUID cache for 0 collections in 0.000000 seconds
[2019.01.16-20.28.43:609][  0]LogContentBrowser: Native class hierarchy populated in 0.0076 seconds. Added 2572 classes and 603 folders.
[2019.01.16-20.28.43:615][  0]LogContentBrowser: Native class hierarchy updated for 'WidgetCarousel' in 0.0002 seconds. Added 0 classes and 0 folders.
[2019.01.16-20.28.43:658][  0]LogContentBrowser: Native class hierarchy updated for 'AddContentDialog' in 0.0003 seconds. Added 0 classes and 0 folders.
[2019.01.16-20.28.43:662][  0]LogContentBrowser: Native class hierarchy updated for 'SceneOutliner' in 0.0002 seconds. Added 1 classes and 2 folders.
[2019.01.16-20.28.43:674][  0]LogSlate: Took 0.000197 seconds to synchronously load lazily loaded font '../../../Engine/Content/Slate/Fonts/Roboto-Regular.ttf' (155K)
[2019.01.16-20.28.43:676][  0]LogSlate: Took 0.000166 seconds to synchronously load lazily loaded font '../../../Engine/Content/Slate/Fonts/Roboto-Bold.ttf' (160K)
[2019.01.16-20.28.43:680][  0]LogSlate: Took 0.000344 seconds to synchronously load lazily loaded font '../../../Engine/Content/Editor/Slate/Fonts/FontAwesome.ttf' (139K)
[2019.01.16-20.28.43:745][  0]LogRenderer: Reallocating scene render targets to support 1208x576 Format 10 NumSamples 1 (Frame:1).
[2019.01.16-20.28.43:883][  0]LogContentBrowser: Native class hierarchy updated for 'HierarchicalLODOutliner' in 0.0002 seconds. Added 0 classes and 0 folders.
[2019.01.16-20.28.43:883][  0]LogLoad: (Engine Initialization) Total time: 7.25 seconds
[2019.01.16-20.28.43:883][  0]LogLoad: (Engine Initialization) Total Blueprint compile time: 0.00 seconds
[2019.01.16-20.28.43:894][  0]LogWindowsTextInputMethodSystem: Display: IME system now deactivated.
[2019.01.16-20.28.43:911][  0]LogAssetRegistry: Asset discovery search completed in 3.5669 seconds
[2019.01.16-20.28.43:913][  0]LogCollectionManager: Rebuilt the object cache for 0 collections in 0.000000 seconds (found 0 objects)
[2019.01.16-20.28.43:913][  0]LogCollectionManager: Fixed up redirectors for 0 collections in 0.000057 seconds (updated 0 objects)
[2019.01.16-20.28.43:914][  0]LogContentStreaming: Texture pool size now 1000 MB
[2019.01.16-20.28.46:336][278]LogSlate: FSceneViewport::OnFocusLost() reason 0
[2019.01.16-20.28.46:490][296]LogSlate: Took 0.000166 seconds to synchronously load lazily loaded font '../../../Engine/Content/Slate/Fonts/Roboto-Light.ttf' (167K)
[2019.01.16-20.28.46:678][296]LogAIModule: Creating AISystem for world JLiao_WBStreet
[2019.01.16-20.28.46:738][296]LogAssetEditorManager: Opening Asset editor for World /Game/JLiao_WBStreet.JLiao_WBStreet
[2019.01.16-20.28.46:762][296]Cmd: MAP LOAD FILE="../../../../../../Users/u1195071/Documents/GitHub/J.Liao-AssetPipeline/JoeL_WBIC_sec2_AP/Content/JLiao_WBStreet.umap" TEMPLATE=0 SHOWPROGRESS=1 FEATURELEVEL=3
[2019.01.16-20.28.46:762][296]LightingResults: New page: Lighting Build
[2019.01.16-20.28.46:763][296]LoadErrors: New page: Loading map: JLiao_WBStreet.umap
[2019.01.16-20.28.46:763][296]MapCheck: New page: Map Check
[2019.01.16-20.28.46:763][296]LightingResults: New page: Lighting Build
[2019.01.16-20.28.46:799][296]LogEditorServer: Finished looking for orphan Actors (0.000 secs)
[2019.01.16-20.28.46:875][296]Cmd: MAP CHECKDEP NOCLEARLOG
[2019.01.16-20.28.46:938][296]MapCheck: Map check complete: 0 Error(s), 0 Warning(s), took 62.07ms to complete.
[2019.01.16-20.28.46:939][296]LogFileHelpers: Loading map 'JLiao_WBStreet' took 0.178
[2019.01.16-20.28.59:756][778]LogAssetEditorManager: Opening Asset editor for MaterialInstanceConstant /Game/MI_WhiteboxGrass_JLiao.MI_WhiteboxGrass_JLiao
[2019.01.16-20.29.05:486][264]LogSlate: Window 'Color Picker' being destroyed
[2019.01.16-20.29.07:868][496]LogMaterial: Display: Missing cached shader map for material FDebugViewModeMaterialProxy MI_WhiteboxGrass_JLiao, compiling. 
[2019.01.16-20.29.08:464][496]LogShaderCompilers: Display: Shaders left to compile 1
[2019.01.16-20.29.08:502][496]TextureStreamingBuild: Display: Compiling optional shaders took 0.641 seconds.
[2019.01.16-20.29.08:550][496]LogSavePackage: Moving '../../../../../../Users/u1195071/Documents/GitHub/J.Liao-AssetPipeline/JoeL_WBIC_sec2_AP/Saved/MI_WhiteboxGrass_JLiaoF6DD3B9944EE7107106A55AE32199A41.tmp' to '../../../../../../Users/u1195071/Documents/GitHub/J.Liao-AssetPipeline/JoeL_WBIC_sec2_AP/Content/MI_WhiteboxGrass_JLiao.uasset'
[2019.01.16-20.29.09:546][609]LogSlate: Window 'MI_WhiteboxGrass_JLiao' being destroyed
[2019.01.16-20.29.09:549][609]LogSlate: Window 'MI_WhiteboxGrass_JLiao' being destroyed
[2019.01.16-20.35.12:745][212]LogAIModule: Creating AISystem for world JLiao_WBStreet1
[2019.01.16-20.35.14:295][307]LogAssetEditorManager: Opening Asset editor for World /Game/JLiao_WBStreet1.JLiao_WBStreet1
[2019.01.16-20.35.15:801][307]LogSlate: Window 'Save Content' being destroyed
[2019.01.16-20.35.24:637][ 18]LogSavePackage: Moving '../../../../../../Users/u1195071/Documents/GitHub/J.Liao-AssetPipeline/JoeL_WBIC_sec2_AP/Saved/JLiao_WBCityBlock_BuiltData66B1FDF544894EE295ECD39CB0169D18.tmp' to '../../../../../../Users/u1195071/Documents/GitHub/J.Liao-AssetPipeline/JoeL_WBIC_sec2_AP/Content/JLiao_WBCityBlock_BuiltData.uasset'
[2019.01.16-20.35.25:526][ 18]LogSavePackage: Moving '../../../../../../Users/u1195071/Documents/GitHub/J.Liao-AssetPipeline/JoeL_WBIC_sec2_AP/Saved/JLiao_WBCityBlockBFEA283A414269431C8A54B46217AB88.tmp' to '../../../../../../Users/u1195071/Documents/GitHub/J.Liao-AssetPipeline/JoeL_WBIC_sec2_AP/Content/JLiao_WBCityBlock.umap'
[2019.01.16-20.35.25:601][ 18]LogFileHelpers: Saving map 'JLiao_WBCityBlock' took 0.960
[2019.01.16-20.43.37:055][987]Cmd: TRANSACTION UNDO
[2019.01.16-20.43.37:055][987]LogEditorTransaction: Undo Clicking on Actors
[2019.01.16-20.43.37:365][ 21]Cmd: TRANSACTION UNDO
[2019.01.16-20.43.37:365][ 21]LogEditorTransaction: Undo Edit None
[2019.01.16-20.43.39:980][286]Cmd: TRANSACTION REDO
[2019.01.16-20.43.39:980][286]LogEditorTransaction: Redo Edit None
[2019.01.16-20.43.40:574][337]Cmd: TRANSACTION REDO
[2019.01.16-20.43.40:574][337]LogEditorTransaction: Redo Clicking on Actors
[2019.01.16-20.44.54:134][787]LogEditorViewport: Clicking Background
[2019.01.16-20.45.05:530][  5]LogSlate: FSceneViewport::OnFocusLost() reason 0
[2019.01.16-20.45.42:615][384]Cmd: TRANSACTION UNDO
[2019.01.16-20.45.42:615][384]LogEditorTransaction: Undo Modifier [Pen]
[2019.01.16-20.45.43:109][436]Cmd: TRANSACTION UNDO
[2019.01.16-20.45.43:109][436]LogEditorTransaction: Undo Brush Set
[2019.01.16-20.45.43:276][436]LogActorComponent: ~FComponentReregisterContext: (/Game/JLiao_WBStreet.JLiao_WBStreet:PersistentLevel.BrushSt_94.BrushComponent0) Component already registered.
[2019.01.16-20.45.43:276][436]LogActorComponent: ~FComponentReregisterContext: (/Game/JLiao_WBStreet.JLiao_WBStreet:PersistentLevel.Brush_Swr_31.BrushComponent0) Component already registered.
[2019.01.16-20.45.43:277][436]LogActorComponent: ~FComponentReregisterContext: (/Game/JLiao_WBStreet.JLiao_WBStreet:PersistentLevel.BrushSt_98.BrushComponent0) Component already registered.
[2019.01.16-20.45.43:278][436]LogActorComponent: ~FComponentReregisterContext: (/Game/JLiao_WBStreet.JLiao_WBStreet:PersistentLevel.BrushSt_102.BrushComponent0) Component already registered.
[2019.01.16-20.45.43:286][436]LogActorComponent: ~FComponentReregisterContext: (/Game/JLiao_WBStreet.JLiao_WBStreet:PersistentLevel.BrushGrass_60.BrushComponent0) Component already registered.
[2019.01.16-20.45.43:300][436]LogActorComponent: ~FComponentReregisterContext: (/Game/JLiao_WBStreet.JLiao_WBStreet:PersistentLevel.BrushSt_41.BrushComponent0) Component already registered.
[2019.01.16-20.45.43:301][436]LogActorComponent: ~FComponentReregisterContext: (/Game/JLiao_WBStreet.JLiao_WBStreet:PersistentLevel.BrushGrass_5.BrushComponent0) Component already registered.
[2019.01.16-20.45.43:301][436]LogActorComponent: ~FComponentReregisterContext: (/Game/JLiao_WBStreet.JLiao_WBStreet:PersistentLevel.BrushGrass_64.BrushComponent0) Component already registered.
[2019.01.16-20.45.43:302][436]LogActorComponent: ~FComponentReregisterContext: (/Game/JLiao_WBStreet.JLiao_WBStreet:PersistentLevel.BrushSt_69.BrushComponent0) Component already registered.
[2019.01.16-20.45.43:302][436]LogActorComponent: ~FComponentReregisterContext: (/Game/JLiao_WBStreet.JLiao_WBStreet:PersistentLevel.Brush_Swr_12.BrushComponent0) Component already registered.
[2019.01.16-20.45.43:302][436]LogActorComponent: ~FComponentReregisterContext: (/Game/JLiao_WBStreet.JLiao_WBStreet:PersistentLevel.BrushGrass_189.BrushComponent0) Component already registered.
[2019.01.16-20.45.43:302][436]LogActorComponent: ~FComponentReregisterContext: (/Game/JLiao_WBStreet.JLiao_WBStreet:PersistentLevel.BrushGrass_193.BrushComponent0) Component already registered.
[2019.01.16-20.45.43:303][436]LogActorComponent: ~FComponentReregisterContext: (/Game/JLiao_WBStreet.JLiao_WBStreet:PersistentLevel.BrushGrass_197.BrushComponent0) Component already registered.
[2019.01.16-20.45.43:303][436]LogActorComponent: ~FComponentReregisterContext: (/Game/JLiao_WBStreet.JLiao_WBStreet:PersistentLevel.BrushSt_165.BrushComponent0) Component already registered.
[2019.01.16-20.45.43:306][436]LogActorComponent: ~FComponentReregisterContext: (/Game/JLiao_WBStreet.JLiao_WBStreet:PersistentLevel.BrushGrass_584.BrushComponent0) Component already registered.
[2019.01.16-20.45.43:311][436]LogActorComponent: ~FComponentReregisterContext: (/Game/JLiao_WBStreet.JLiao_WBStreet:PersistentLevel.BrushGrass_68.BrushComponent0) Component already registered.
[2019.01.16-20.45.43:311][436]LogActorComponent: ~FComponentReregisterContext: (/Game/JLiao_WBStreet.JLiao_WBStreet:PersistentLevel.BrushGrass_72.BrushComponent0) Component already registered.
[2019.01.16-20.45.43:314][436]LogActorComponent: ~FComponentReregisterContext: (/Game/JLiao_WBStreet.JLiao_WBStreet:PersistentLevel.BrushGrass_120.BrushComponent0) Component already registered.
[2019.01.16-20.45.43:314][436]LogActorComponent: ~FComponentReregisterContext: (/Game/JLiao_WBStreet.JLiao_WBStreet:PersistentLevel.BrushGrass_124.BrushComponent0) Component already registered.
[2019.01.16-20.45.43:315][436]LogActorComponent: ~FComponentReregisterContext: (/Game/JLiao_WBStreet.JLiao_WBStreet:PersistentLevel.BrushSt_423.BrushComponent0) Component already registered.
[2019.01.16-20.45.43:315][436]LogActorComponent: ~FComponentReregisterContext: (/Game/JLiao_WBStreet.JLiao_WBStreet:PersistentLevel.Brush_Swr_51.BrushComponent0) Component already registered.
[2019.01.16-20.45.43:424][436]LogActorComponent: RegisterComponentWithWorld: (/Game/JLiao_WBStreet.JLiao_WBStreet:PersistentLevel.Brush_0.BrushComponent0) Trying to register component with IsPendingKill() == true. Aborting.
[2019.01.16-20.45.44:545][560]Cmd: TRANSACTION UNDO
[2019.01.16-20.45.44:545][560]LogEditorTransaction: Undo Clicking Background
[2019.01.16-20.45.45:960][725]Cmd: TRANSACTION UNDO
[2019.01.16-20.45.45:961][725]LogEditorTransaction: Undo Marquee Select
[2019.01.16-20.45.52:407][387]LogSlate: FSceneViewport::OnFocusLost() reason 0
[2019.01.16-20.46.00:209][268]LogEditorViewport: Clicking Background
[2019.01.16-20.46.01:556][417]LogEditorViewport: Clicking Background
[2019.01.16-20.46.04:612][736]LogEditorViewport: Clicking Background
[2019.01.16-20.46.05:693][851]LogEditorViewport: Clicking Background
[2019.01.16-20.46.10:793][407]LogSlate: FSceneViewport::OnFocusLost() reason 2
[2019.01.16-20.46.14:523][849]LogSlate: FSceneViewport::OnFocusLost() reason 0
[2019.01.16-20.46.26:490][190]LogSlate: FSceneViewport::OnFocusLost() reason 0
[2019.01.16-20.46.34:740][126]Cmd: TRANSACTION UNDO
[2019.01.16-20.46.34:740][126]LogEditorTransaction: Undo Move Actors
[2019.01.16-20.46.34:904][126]LogActorComponent: ~FComponentReregisterContext: (/Game/JLiao_WBStreet.JLiao_WBStreet:PersistentLevel.Brush_Swr_23.BrushComponent0) Component already registered.
[2019.01.16-20.46.34:904][126]LogActorComponent: ~FComponentReregisterContext: (/Game/JLiao_WBStreet.JLiao_WBStreet:PersistentLevel.BrushSt_78.BrushComponent0) Component already registered.
[2019.01.16-20.46.34:905][126]LogActorComponent: ~FComponentReregisterContext: (/Game/JLiao_WBStreet.JLiao_WBStreet:PersistentLevel.BrushSt_145.BrushComponent0) Component already registered.
[2019.01.16-20.46.34:906][126]LogActorComponent: ~FComponentReregisterContext: (/Game/JLiao_WBStreet.JLiao_WBStreet:PersistentLevel.BrushGrass_22.BrushComponent0) Component already registered.
[2019.01.16-20.46.34:906][126]LogActorComponent: ~FComponentReregisterContext: (/Game/JLiao_WBStreet.JLiao_WBStreet:PersistentLevel.BrushGrass_51.BrushComponent0) Component already registered.
[2019.01.16-20.46.34:906][126]LogActorComponent: ~FComponentReregisterContext: (/Game/JLiao_WBStreet.JLiao_WBStreet:PersistentLevel.BrushSt_318.BrushComponent0) Component already registered.
[2019.01.16-20.46.34:907][126]LogActorComponent: ~FComponentReregisterContext: (/Game/JLiao_WBStreet.JLiao_WBStreet:PersistentLevel.BrushSt_127.BrushComponent0) Component already registered.
[2019.01.16-20.46.34:907][126]LogActorComponent: ~FComponentReregisterContext: (/Game/JLiao_WBStreet.JLiao_WBStreet:PersistentLevel.BrushGrass_322.BrushComponent0) Component already registered.
[2019.01.16-20.46.34:909][126]LogActorComponent: ~FComponentReregisterContext: (/Game/JLiao_WBStreet.JLiao_WBStreet:PersistentLevel.BrushSt_33.BrushComponent0) Component already registered.
[2019.01.16-20.46.34:909][126]LogActorComponent: ~FComponentReregisterContext: (/Game/JLiao_WBStreet.JLiao_WBStreet:PersistentLevel.BrushSt_37.BrushComponent0) Component already registered.
[2019.01.16-20.46.34:911][126]LogActorComponent: ~FComponentReregisterContext: (/Game/JLiao_WBStreet.JLiao_WBStreet:PersistentLevel.Brush_Sw_4.BrushComponent0) Component already registered.
[2019.01.16-20.46.34:911][126]LogActorComponent: ~FComponentReregisterContext: (/Game/JLiao_WBStreet.JLiao_WBStreet:PersistentLevel.Brush_Sw_Substrctive_4.BrushComponent0) Component already registered.
[2019.01.16-20.46.34:923][126]LogActorComponent: ~FComponentReregisterContext: (/Game/JLiao_WBStreet.JLiao_WBStreet:PersistentLevel.BrushGrass_181.BrushComponent0) Component already registered.
[2019.01.16-20.46.34:923][126]LogActorComponent: ~FComponentReregisterContext: (/Game/JLiao_WBStreet.JLiao_WBStreet:PersistentLevel.BrushGrass_185.BrushComponent0) Component already registered.
[2019.01.16-20.46.34:925][126]LogActorComponent: ~FComponentReregisterContext: (/Game/JLiao_WBStreet.JLiao_WBStreet:PersistentLevel.BrushGrass_180.BrushComponent0) Component already registered.
[2019.01.16-20.46.34:927][126]LogActorComponent: ~FComponentReregisterContext: (/Game/JLiao_WBStreet.JLiao_WBStreet:PersistentLevel.BrushGrass_584.BrushComponent0) Component already registered.
[2019.01.16-20.46.34:931][126]LogActorComponent: ~FComponentReregisterContext: (/Game/JLiao_WBStreet.JLiao_WBStreet:PersistentLevel.BrushSt_140.BrushComponent0) Component already registered.
[2019.01.16-20.46.34:933][126]LogActorComponent: ~FComponentReregisterContext: (/Game/JLiao_WBStreet.JLiao_WBStreet:PersistentLevel.Brush_Swr_50.BrushComponent0) Component already registered.
[2019.01.16-20.46.34:935][126]LogActorComponent: ~FComponentReregisterContext: (/Game/JLiao_WBStreet.JLiao_WBStreet:PersistentLevel.BrushGrass_112.BrushComponent0) Component already registered.
[2019.01.16-20.46.34:936][126]LogActorComponent: ~FComponentReregisterContext: (/Game/JLiao_WBStreet.JLiao_WBStreet:PersistentLevel.BrushGrass_116.BrushComponent0) Component already registered.
[2019.01.16-20.46.35:031][126]LogGeometryMode: Warning: Unable to find 1 Poly(s) in new BSP
[2019.01.16-20.46.35:031][126]LogGeometryMode: Warning: Unable to resolve BoxBrush Brush in new BSP, see above
[2019.01.16-20.46.35:031][126]LogGeometryMode: Warning: Unable to find all previously selected geometry data, resetting selection
[2019.01.16-20.46.35:790][198]Cmd: TRANSACTION UNDO
[2019.01.16-20.46.35:790][198]LogEditorTransaction: Undo Modifier [Pen]
[2019.01.16-20.46.36:327][252]Cmd: TRANSACTION UNDO
[2019.01.16-20.46.36:327][252]LogEditorTransaction: Undo Modifier [Pen]
[2019.01.16-20.46.36:722][291]Cmd: TRANSACTION UNDO
[2019.01.16-20.46.36:722][291]LogEditorTransaction: Undo Modifier [Pen]
[2019.01.16-20.46.36:898][291]LogActorComponent: ~FComponentReregisterContext: (/Game/JLiao_WBStreet.JLiao_WBStreet:PersistentLevel.BrushSt_90.BrushComponent0) Component already registered.
[2019.01.16-20.46.36:898][291]LogActorComponent: ~FComponentReregisterContext: (/Game/JLiao_WBStreet.JLiao_WBStreet:PersistentLevel.Brush_Swr_30.BrushComponent0) Component already registered.
[2019.01.16-20.46.36:900][291]LogActorComponent: ~FComponentReregisterContext: (/Game/JLiao_WBStreet.JLiao_WBStreet:PersistentLevel.BrushSt_86.BrushComponent0) Component already registered.
[2019.01.16-20.46.36:903][291]LogActorComponent: ~FComponentReregisterContext: (/Game/JLiao_WBStreet.JLiao_WBStreet:PersistentLevel.BrushGrass_60.BrushComponent0) Component already registered.
[2019.01.16-20.46.36:907][291]LogActorComponent: ~FComponentReregisterContext: (/Game/JLiao_WBStreet.JLiao_WBStreet:PersistentLevel.BrushGrass_64.BrushComponent0) Component already registered.
[2019.01.16-20.46.36:928][291]LogActorComponent: ~FComponentReregisterContext: (/Game/JLiao_WBStreet.JLiao_WBStreet:PersistentLevel.BrushSt_41.BrushComponent0) Component already registered.
[2019.01.16-20.46.36:928][291]LogActorComponent: ~FComponentReregisterContext: (/Game/JLiao_WBStreet.JLiao_WBStreet:PersistentLevel.BrushGrass_5.BrushComponent0) Component already registered.
[2019.01.16-20.46.36:930][291]LogActorComponent: ~FComponentReregisterContext: (/Game/JLiao_WBStreet.JLiao_WBStreet:PersistentLevel.BrushSt_69.BrushComponent0) Component already registered.
[2019.01.16-20.46.36:931][291]LogActorComponent: ~FComponentReregisterContext: (/Game/JLiao_WBStreet.JLiao_WBStreet:PersistentLevel.Brush_Swr_12.BrushComponent0) Component already registered.
[2019.01.16-20.46.36:932][291]LogActorComponent: ~FComponentReregisterContext: (/Game/JLiao_WBStreet.JLiao_WBStreet:PersistentLevel.BrushGrass_181.BrushComponent0) Component already registered.
[2019.01.16-20.46.36:932][291]LogActorComponent: ~FComponentReregisterContext: (/Game/JLiao_WBStreet.JLiao_WBStreet:PersistentLevel.BrushGrass_185.BrushComponent0) Component already registered.
[2019.01.16-20.46.36:936][291]LogActorComponent: ~FComponentReregisterContext: (/Game/JLiao_WBStreet.JLiao_WBStreet:PersistentLevel.BrushGrass_180.BrushComponent0) Component already registered.
[2019.01.16-20.46.36:939][291]LogActorComponent: ~FComponentReregisterContext: (/Game/JLiao_WBStreet.JLiao_WBStreet:PersistentLevel.BrushGrass_584.BrushComponent0) Component already registered.
[2019.01.16-20.46.36:950][291]LogActorComponent: ~FComponentReregisterContext: (/Game/JLiao_WBStreet.JLiao_WBStreet:PersistentLevel.BrushGrass_120.BrushComponent0) Component already registered.
[2019.01.16-20.46.36:950][291]LogActorComponent: ~FComponentReregisterContext: (/Game/JLiao_WBStreet.JLiao_WBStreet:PersistentLevel.BrushGrass_124.BrushComponent0) Component already registered.
[2019.01.16-20.46.36:951][291]LogActorComponent: ~FComponentReregisterContext: (/Game/JLiao_WBStreet.JLiao_WBStreet:PersistentLevel.BrushSt_423.BrushComponent0) Component already registered.
[2019.01.16-20.46.36:951][291]LogActorComponent: ~FComponentReregisterContext: (/Game/JLiao_WBStreet.JLiao_WBStreet:PersistentLevel.Brush_Swr_51.BrushComponent0) Component already registered.
[2019.01.16-20.46.37:007][291]LogActorComponent: RegisterComponentWithWorld: (/Game/JLiao_WBStreet.JLiao_WBStreet:PersistentLevel.Brush_2.BrushComponent0) Trying to register component with IsPendingKill() == true. Aborting.
[2019.01.16-20.46.37:778][374]LogEditorViewport: Clicking on Actor (LMB): BP_Sky_Sphere_C (Sky Sphere)
[2019.01.16-20.46.40:476][653]LogSlate: FSceneViewport::OnFocusLost() reason 0
[2019.01.16-20.46.41:331][665]LogSavePackage: Moving '../../../../../../Users/u1195071/Documents/GitHub/J.Liao-AssetPipeline/JoeL_WBIC_sec2_AP/Saved/JLiao_WBStreet4F27A163481FC1863DE5DE963C4E1D8F.tmp' to '../../../../../../Users/u1195071/Documents/GitHub/J.Liao-AssetPipeline/JoeL_WBIC_sec2_AP/Content/JLiao_WBStreet.umap'
[2019.01.16-20.46.41:384][665]LogSavePackage: Moving '../../../../../../Users/u1195071/Documents/GitHub/J.Liao-AssetPipeline/JoeL_WBIC_sec2_AP/Saved/JLiao_WBStreet_BuiltDataC4FC8B8B4E761A7A13BC528928A147D2.tmp' to '../../../../../../Users/u1195071/Documents/GitHub/J.Liao-AssetPipeline/JoeL_WBIC_sec2_AP/Content/JLiao_WBStreet_BuiltData.uasset'
[2019.01.16-20.47.11:178][180]LogSlate: FSceneViewport::OnFocusLost() reason 0
[2019.01.16-20.47.13:108][406]LogSlate: Took 0.017393 seconds to synchronously load lazily loaded font '../../../Engine/Content/Slate/Fonts/Roboto-Italic.ttf' (157K)
[2019.01.16-20.47.13:237][421]LogSlate: FSceneViewport::OnFocusLost() reason 0
[2019.01.16-20.47.28:708][193]LogSlate: FSceneViewport::OnFocusLost() reason 2
[2019.01.16-20.48.13:748][435]LogStaticMesh: Building static mesh mann...
[2019.01.16-20.48.13:871][435]LogStaticMesh: Built static mesh [0.12s] /Game/mann.mann
[2019.01.16-20.48.13:896][435]LogMaterial: Display: Missing cached shader map for material SM_hatMat, compiling. 
[2019.01.16-20.48.13:940][435]LogShaderCompilers: Display: Shaders left to compile 22
[2019.01.16-20.48.13:940][435]LogShaderCompilers: Display: Shaders left to compile 12
[2019.01.16-20.48.13:940][435]LogShaderCompilers: Display: Shaders left to compile 2
[2019.01.16-20.48.13:996][435]LogActorFactory: Actor Factory created mann
[2019.01.16-20.48.15:382][579]LogActorFactory: Actor Factory created mann
[2019.01.16-20.48.17:533][772]LogSlate: FSceneViewport::OnFocusLost() reason 2
[2019.01.16-20.48.31:037][334]LogSlate: FSceneViewport::OnFocusLost() reason 0
[2019.01.16-20.48.38:056][166]LogEditorViewport: Clicking on Actor (LMB): BP_Sky_Sphere_C (Sky Sphere)
[2019.01.16-20.49.00:482][791]LogSlate: FSceneViewport::OnFocusLost() reason 0
[2019.01.16-20.49.02:533][ 26]LogEditorViewport: Clicking on Actor (LMB): StaticMeshActor (mann)
[2019.01.16-20.49.10:737][991]LogSlate: FSceneViewport::OnFocusLost() reason 0
[2019.01.16-20.49.10:847][  4]LogTemp: Repeating last play command: Selected Viewport
[2019.01.16-20.49.10:873][  4]LogPlayLevel: PlayLevel: No blueprints needed recompiling
[2019.01.16-20.49.10:889][  4]PIE: New page: PIE session: JLiao_WBStreet (Jan 16, 2019, 6:49:10 AM)
[2019.01.16-20.49.10:889][  4]LogPlayLevel: Creating play world package: /Game/UEDPIE_0_JLiao_WBStreet
[2019.01.16-20.49.10:948][  4]LogPlayLevel: PIE: StaticDuplicateObject took: (0.058739s)
[2019.01.16-20.49.10:948][  4]LogAIModule: Creating AISystem for world JLiao_WBStreet
[2019.01.16-20.49.10:948][  4]LogPlayLevel: PIE: World Init took: (0.000723s)
[2019.01.16-20.49.10:949][  4]LogPlayLevel: PIE: Created PIE world by copying editor world from /Game/JLiao_WBStreet.JLiao_WBStreet to /Game/UEDPIE_0_JLiao_WBStreet.JLiao_WBStreet (0.059769s)
[2019.01.16-20.49.10:981][  4]LogInit: XAudio2 using '1 - CintiqPro24P (AMD High Definition Audio Device)' : 2 channels at 48 kHz using 16 bits per sample (channel mask 0x3)
[2019.01.16-20.49.10:990][  4]LogInit: FAudioDevice initialized.
[2019.01.16-20.49.11:035][  4]LogLoad: Game class is 'GameModeBase'
[2019.01.16-20.49.11:049][  4]LogWorld: Bringing World /Game/UEDPIE_0_JLiao_WBStreet.JLiao_WBStreet up for play (max tick rate 0) at 2019.01.16-13.49.11
[2019.01.16-20.49.11:050][  4]LogWorld: Bringing up level for play took: 0.003708
[2019.01.16-20.49.11:079][  4]LogContentBrowser: Native class hierarchy updated for 'MovieSceneCapture' in 0.0004 seconds. Added 10 classes and 0 folders.
[2019.01.16-20.49.11:083][  4]PIE: Play in editor start time for /Game/UEDPIE_0_JLiao_WBStreet 0.426
[2019.01.16-20.49.24:653][626]LogSlate: Updating window title bar state: overlay mode, drag disabled, window buttons hidden, title bar hidden
[2019.01.16-20.49.24:693][626]LogPlayLevel: Display: Shutting down PIE online subsystems
[2019.01.16-20.49.24:715][626]LogSlate: Updating window title bar state: overlay mode, drag disabled, window buttons hidden, title bar hidden
[2019.01.16-20.49.24:755][628]LogPlayLevel: Display: Destroying online subsystem :Context_4
[2019.01.16-20.49.26:014][778]LogEditorViewport: Clicking on Actor (LMB): StaticMeshActor (mann)
[2019.01.16-20.49.41:367][575]LogSlate: FSceneViewport::OnFocusLost() reason 0
[2019.01.16-20.49.41:449][584]LogTemp: Repeating last play command: Selected Viewport
[2019.01.16-20.49.41:464][584]LogPlayLevel: PlayLevel: No blueprints needed recompiling
[2019.01.16-20.49.41:464][584]PIE: New page: PIE session: JLiao_WBStreet (Jan 16, 2019, 6:49:41 AM)
[2019.01.16-20.49.41:464][584]LogPlayLevel: Creating play world package: /Game/UEDPIE_0_JLiao_WBStreet
[2019.01.16-20.49.41:521][584]LogPlayLevel: PIE: StaticDuplicateObject took: (0.057289s)
[2019.01.16-20.49.41:522][584]LogAIModule: Creating AISystem for world JLiao_WBStreet
[2019.01.16-20.49.41:522][584]LogPlayLevel: PIE: World Init took: (0.000739s)
[2019.01.16-20.49.41:522][584]LogPlayLevel: PIE: Created PIE world by copying editor world from /Game/JLiao_WBStreet.JLiao_WBStreet to /Game/UEDPIE_0_JLiao_WBStreet.JLiao_WBStreet (0.058269s)
[2019.01.16-20.49.41:553][584]LogInit: XAudio2 using '1 - CintiqPro24P (AMD High Definition Audio Device)' : 2 channels at 48 kHz using 16 bits per sample (channel mask 0x3)
[2019.01.16-20.49.41:561][584]LogInit: FAudioDevice initialized.
[2019.01.16-20.49.41:591][584]LogLoad: Game class is 'GameModeBase'
[2019.01.16-20.49.41:595][584]LogWorld: Bringing World /Game/UEDPIE_0_JLiao_WBStreet.JLiao_WBStreet up for play (max tick rate 0) at 2019.01.16-13.49.41
[2019.01.16-20.49.41:595][584]LogWorld: Bringing up level for play took: 0.003148
[2019.01.16-20.49.41:608][584]PIE: Play in editor start time for /Game/UEDPIE_0_JLiao_WBStreet 0.951
[2019.01.16-20.50.08:799][843]LogSlate: Updating window title bar state: overlay mode, drag disabled, window buttons hidden, title bar hidden
[2019.01.16-20.50.08:829][843]LogPlayLevel: Display: Shutting down PIE online subsystems
[2019.01.16-20.50.08:852][843]LogSlate: Updating window title bar state: overlay mode, drag disabled, window buttons hidden, title bar hidden
[2019.01.16-20.50.08:900][846]LogPlayLevel: Display: Destroying online subsystem :Context_5
[2019.01.16-20.50.10:797][ 66]LogEditorViewport: Clicking on Actor (LMB): StaticMeshActor (mann)
[2019.01.16-20.50.13:407][310]LogSlate: FSceneViewport::OnFocusLost() reason 0
[2019.01.16-20.50.20:804][125]LogEditorViewport: Clicking on Actor (LMB): StaticMeshActor (mann)
[2019.01.16-20.50.46:523][ 84]LogSlate: FSceneViewport::OnFocusLost() reason 2
[2019.01.16-20.50.47:980][242]LogSlate: FSceneViewport::OnFocusLost() reason 2
[2019.01.16-20.50.53:405][733]LogSavePackage: Moving '../../../../../../Users/u1195071/Documents/GitHub/J.Liao-AssetPipeline/JoeL_WBIC_sec2_AP/Saved/JLiao_WBStreet5C0DA57047FE26261CD743A5D3DB8615.tmp' to '../../../../../../Users/u1195071/Documents/GitHub/J.Liao-AssetPipeline/JoeL_WBIC_sec2_AP/Content/JLiao_WBStreet.umap'
[2019.01.16-20.50.53:454][733]LogSavePackage: Moving '../../../../../../Users/u1195071/Documents/GitHub/J.Liao-AssetPipeline/JoeL_WBIC_sec2_AP/Saved/JLiao_WBStreet_BuiltData91883D66416D91856CD50A9CD062859B.tmp' to '../../../../../../Users/u1195071/Documents/GitHub/J.Liao-AssetPipeline/JoeL_WBIC_sec2_AP/Content/JLiao_WBStreet_BuiltData.uasset'
[2019.01.16-20.51.56:087][218]LogSlate: FSceneViewport::OnFocusLost() reason 0
[2019.01.16-20.51.56:189][229]LogTemp: Repeating last play command: Selected Viewport
[2019.01.16-20.51.56:217][229]LogPlayLevel: PlayLevel: No blueprints needed recompiling
[2019.01.16-20.51.56:217][229]PIE: New page: PIE session: JLiao_WBStreet (Jan 16, 2019, 6:51:56 AM)
[2019.01.16-20.51.56:217][229]LogPlayLevel: Creating play world package: /Game/UEDPIE_0_JLiao_WBStreet
[2019.01.16-20.51.56:431][229]LogPlayLevel: PIE: StaticDuplicateObject took: (0.214236s)
[2019.01.16-20.51.56:432][229]LogAIModule: Creating AISystem for world JLiao_WBStreet
[2019.01.16-20.51.56:432][229]LogPlayLevel: PIE: World Init took: (0.000694s)
[2019.01.16-20.51.56:432][229]LogPlayLevel: PIE: Created PIE world by copying editor world from /Game/JLiao_WBStreet.JLiao_WBStreet to /Game/UEDPIE_0_JLiao_WBStreet.JLiao_WBStreet (0.215197s)
[2019.01.16-20.51.56:461][229]LogInit: XAudio2 using '1 - CintiqPro24P (AMD High Definition Audio Device)' : 2 channels at 48 kHz using 16 bits per sample (channel mask 0x3)
[2019.01.16-20.51.56:469][229]LogInit: FAudioDevice initialized.
[2019.01.16-20.51.56:501][229]LogLoad: Game class is 'GameModeBase'
[2019.01.16-20.51.56:505][229]LogWorld: Bringing World /Game/UEDPIE_0_JLiao_WBStreet.JLiao_WBStreet up for play (max tick rate 0) at 2019.01.16-13.51.56
[2019.01.16-20.51.56:505][229]LogWorld: Bringing up level for play took: 0.003095
[2019.01.16-20.51.56:518][229]PIE: Play in editor start time for /Game/UEDPIE_0_JLiao_WBStreet -0.138
[2019.01.16-20.51.57:051][287]LogSlate: Updating window title bar state: overlay mode, drag disabled, window buttons hidden, title bar hidden
[2019.01.16-20.51.57:082][287]LogPlayLevel: Display: Shutting down PIE online subsystems
[2019.01.16-20.51.57:104][287]LogSlate: Updating window title bar state: overlay mode, drag disabled, window buttons hidden, title bar hidden
[2019.01.16-20.51.57:154][292]LogPlayLevel: Display: Destroying online subsystem :Context_6
[2019.01.16-20.52.10:787][849]LogSlate: FSceneViewport::OnFocusLost() reason 0
[2019.01.16-20.52.36:942][912]Cmd: CAMERA ALIGN ACTIVEVIEWPORTONLY
[2019.01.16-20.52.49:604][370]LogSlate: FSceneViewport::OnFocusLost() reason 2
[2019.01.16-20.52.52:004][649]LogSlate: Updating window title bar state: overlay mode, drag disabled, window buttons hidden, title bar hidden
[2019.01.16-20.52.52:009][649]LogSlate: Updating window title bar state: overlay mode, drag disabled, window buttons hidden, title bar hidden
[2019.01.16-20.52.52:021][649]LogSlate: Updating window title bar state: overlay mode, drag disabled, window buttons hidden, title bar hidden
[2019.01.16-20.52.52:027][649]LogSlate: Updating window title bar state: overlay mode, drag disabled, window buttons hidden, title bar hidden
[2019.01.16-20.52.52:030][649]LogSlate: FSceneViewport::OnFocusLost() reason 2
[2019.01.16-20.52.55:920][ 81]LogSlate: FSceneViewport::OnFocusLost() reason 2
[2019.01.16-20.53.01:101][689]LogSlate: Updating window title bar state: overlay mode, drag disabled, window buttons hidden, title bar hidden
[2019.01.16-20.53.01:106][689]LogSlate: Updating window title bar state: overlay mode, drag disabled, window buttons hidden, title bar hidden
[2019.01.16-20.53.01:112][689]LogSlate: Updating window title bar state: overlay mode, drag disabled, window buttons hidden, title bar hidden
[2019.01.16-20.53.01:118][689]LogSlate: Updating window title bar state: overlay mode, drag disabled, window buttons hidden, title bar hidden
[2019.01.16-20.53.06:624][320]LogSlate: FSceneViewport::OnFocusLost() reason 0
[2019.01.16-20.53.10:318][735]Cmd: CAMERA ALIGN ACTIVEVIEWPORTONLY
[2019.01.16-20.53.11:954][912]Cmd: CAMERA ALIGN ACTIVEVIEWPORTONLY
[2019.01.16-20.53.13:586][ 81]Cmd: CAMERA ALIGN ACTIVEVIEWPORTONLY
[2019.01.16-20.53.34:657][570]LogEditorViewport: Clicking on Actor (LMB): StaticMeshActor (mann)
[2019.01.16-20.54.25:151][560]LogSlate: FSceneViewport::OnFocusLost() reason 0
[2019.01.16-20.55.23:747][946]LogSlate: FSceneViewport::OnFocusLost() reason 0
[2019.01.16-20.55.55:004][609]Cmd: OBJ SAVEPACKAGE PACKAGE="/Game/JLiao_Whitebox" FILE="../../../../../../Users/u1195071/Documents/GitHub/J.Liao-AssetPipeline/JoeL_WBIC_sec2_AP/Content/JLiao_Whitebox.uasset" SILENT=true
[2019.01.16-20.55.55:021][609]LogSavePackage: Moving '../../../../../../Users/u1195071/Documents/GitHub/J.Liao-AssetPipeline/JoeL_WBIC_sec2_AP/Saved/JLiao_Whitebox335C36B14475433A69D427A73316BB74.tmp' to '../../../../../../Users/u1195071/Documents/GitHub/J.Liao-AssetPipeline/JoeL_WBIC_sec2_AP/Content/JLiao_Whitebox.uasset'
[2019.01.16-20.55.55:200][609]LogSavePackage: Moving '../../../../../../Users/u1195071/Documents/GitHub/J.Liao-AssetPipeline/JoeL_WBIC_sec2_AP/Saved/MI_WhiteboxSidewalk_JLiaoD45953A6479250E47AEFA8BE3F665347.tmp' to '../../../../../../Users/u1195071/Documents/GitHub/J.Liao-AssetPipeline/JoeL_WBIC_sec2_AP/Content/MI_WhiteboxSidewalk_JLiao.uasset'
[2019.01.16-20.55.55:242][609]LogSavePackage: Moving '../../../../../../Users/u1195071/Documents/GitHub/J.Liao-AssetPipeline/JoeL_WBIC_sec2_AP/Saved/MI_WhiteboxStreet_JLiaoECBF37F04E6BFFAA104BC4935135FEAD.tmp' to '../../../../../../Users/u1195071/Documents/GitHub/J.Liao-AssetPipeline/JoeL_WBIC_sec2_AP/Content/MI_WhiteboxStreet_JLiao.uasset'
[2019.01.16-20.55.55:285][609]LogSavePackage: Moving '../../../../../../Users/u1195071/Documents/GitHub/J.Liao-AssetPipeline/JoeL_WBIC_sec2_AP/Saved/MI_WhiteboxGrass_JLiao0328FC634EEF37555EE7F29370F0A7E1.tmp' to '../../../../../../Users/u1195071/Documents/GitHub/J.Liao-AssetPipeline/JoeL_WBIC_sec2_AP/Content/MI_WhiteboxGrass_JLiao.uasset'
[2019.01.16-20.56.01:730][919]LogSlate: Window 'Delete Assets' being destroyed
[2019.01.16-20.56.13:309][797]Cmd: OBJ SAVEPACKAGE PACKAGE="/Game/JLiao_WhiteboxGrasS" FILE="../../../../../../Users/u1195071/Documents/GitHub/J.Liao-AssetPipeline/JoeL_WBIC_sec2_AP/Content/JLiao_WhiteboxGrasS.uasset" SILENT=true
[2019.01.16-20.56.13:335][797]LogSavePackage: Moving '../../../../../../Users/u1195071/Documents/GitHub/J.Liao-AssetPipeline/JoeL_WBIC_sec2_AP/Saved/JLiao_WhiteboxGrasSFA37A68E49E853905E026EAB0AD63D58.tmp' to '../../../../../../Users/u1195071/Documents/GitHub/J.Liao-AssetPipeline/JoeL_WBIC_sec2_AP/Content/JLiao_WhiteboxGrasS.uasset'
[2019.01.16-20.56.13:350][797]LogSavePackage: Moving '../../../../../../Users/u1195071/Documents/GitHub/J.Liao-AssetPipeline/JoeL_WBIC_sec2_AP/Saved/MI_WhiteboxGrass_JLiao549BEFD9432835B1E94BEEBDF50E5F40.tmp' to '../../../../../../Users/u1195071/Documents/GitHub/J.Liao-AssetPipeline/JoeL_WBIC_sec2_AP/Content/MI_WhiteboxGrass_JLiao.uasset'
[2019.01.16-20.56.20:750][405]LogSavePackage: Moving '../../../../../../Users/u1195071/Documents/GitHub/J.Liao-AssetPipeline/JoeL_WBIC_sec2_AP/Saved/JLiao_WhiteboxSidewalk_JLiaoC6F8575C4C89BCCA9FCE78897F243147.tmp' to '../../../../../../Users/u1195071/Documents/GitHub/J.Liao-AssetPipeline/JoeL_WBIC_sec2_AP/Content/JLiao_WhiteboxSidewalk_JLiao.uasset'
[2019.01.16-20.56.20:763][405]LogSavePackage: Moving '../../../../../../Users/u1195071/Documents/GitHub/J.Liao-AssetPipeline/JoeL_WBIC_sec2_AP/Saved/MI_WhiteboxSidewalk_JLiaoA95DCCD04948F6F6D1AD5A9C435FA15F.tmp' to '../../../../../../Users/u1195071/Documents/GitHub/J.Liao-AssetPipeline/JoeL_WBIC_sec2_AP/Content/MI_WhiteboxSidewalk_JLiao.uasset'
[2019.01.16-20.56.26:555][913]LogSavePackage: Moving '../../../../../../Users/u1195071/Documents/GitHub/J.Liao-AssetPipeline/JoeL_WBIC_sec2_AP/Saved/JLiao_WhiteboxSidewalkF91B48C643CFBE6B5F202DA72192FA34.tmp' to '../../../../../../Users/u1195071/Documents/GitHub/J.Liao-AssetPipeline/JoeL_WBIC_sec2_AP/Content/JLiao_WhiteboxSidewalk.uasset'
[2019.01.16-20.56.26:689][913]LogSavePackage: Moving '../../../../../../Users/u1195071/Documents/GitHub/J.Liao-AssetPipeline/JoeL_WBIC_sec2_AP/Saved/MI_WhiteboxSidewalk_JLiaoE684A77F494CD38ED439CE8A49E7DF4D.tmp' to '../../../../../../Users/u1195071/Documents/GitHub/J.Liao-AssetPipeline/JoeL_WBIC_sec2_AP/Content/MI_WhiteboxSidewalk_JLiao.uasset'
[2019.01.16-20.56.43:714][988]LogSavePackage: Moving '../../../../../../Users/u1195071/Documents/GitHub/J.Liao-AssetPipeline/JoeL_WBIC_sec2_AP/Saved/JLiao_WhiteboxStreet_JLiaoCDCC17674070107081974EB55F8554AD.tmp' to '../../../../../../Users/u1195071/Documents/GitHub/J.Liao-AssetPipeline/JoeL_WBIC_sec2_AP/Content/JLiao_WhiteboxStreet_JLiao.uasset'
[2019.01.16-20.56.43:728][988]LogSavePackage: Moving '../../../../../../Users/u1195071/Documents/GitHub/J.Liao-AssetPipeline/JoeL_WBIC_sec2_AP/Saved/MI_WhiteboxStreet_JLiao1E11B26B403B1A1905B2F1A7BC4A9C23.tmp' to '../../../../../../Users/u1195071/Documents/GitHub/J.Liao-AssetPipeline/JoeL_WBIC_sec2_AP/Content/MI_WhiteboxStreet_JLiao.uasset'
[2019.01.16-20.56.48:332][265]Cmd: OBJ SAVEPACKAGE PACKAGE="/Game/JLiao_WhiteboxStreet" FILE="../../../../../../Users/u1195071/Documents/GitHub/J.Liao-AssetPipeline/JoeL_WBIC_sec2_AP/Content/JLiao_WhiteboxStreet.uasset" SILENT=true
[2019.01.16-20.56.48:359][265]LogSavePackage: Moving '../../../../../../Users/u1195071/Documents/GitHub/J.Liao-AssetPipeline/JoeL_WBIC_sec2_AP/Saved/JLiao_WhiteboxStreet11E985A5457F19388DE1DDA93E73F952.tmp' to '../../../../../../Users/u1195071/Documents/GitHub/J.Liao-AssetPipeline/JoeL_WBIC_sec2_AP/Content/JLiao_WhiteboxStreet.uasset'
[2019.01.16-20.56.48:497][265]LogSavePackage: Moving '../../../../../../Users/u1195071/Documents/GitHub/J.Liao-AssetPipeline/JoeL_WBIC_sec2_AP/Saved/MI_WhiteboxStreet_JLiao940914AE469860EBB96AB093737DBEF3.tmp' to '../../../../../../Users/u1195071/Documents/GitHub/J.Liao-AssetPipeline/JoeL_WBIC_sec2_AP/Content/MI_WhiteboxStreet_JLiao.uasset'
[2019.01.16-20.56.58:517][928]LogSavePackage: Moving '../../../../../../Users/u1195071/Documents/GitHub/J.Liao-AssetPipeline/JoeL_WBIC_sec2_AP/Saved/JLiao_WBStreetCCD60FA046B743FC581E2D9180090A09.tmp' to '../../../../../../Users/u1195071/Documents/GitHub/J.Liao-AssetPipeline/JoeL_WBIC_sec2_AP/Content/JLiao_WBStreet.umap'
[2019.01.16-20.56.58:563][928]LogSavePackage: Moving '../../../../../../Users/u1195071/Documents/GitHub/J.Liao-AssetPipeline/JoeL_WBIC_sec2_AP/Saved/JLiao_WBStreet_BuiltDataE3B1358546636C6BE6ED0CA6911D3B45.tmp' to '../../../../../../Users/u1195071/Documents/GitHub/J.Liao-AssetPipeline/JoeL_WBIC_sec2_AP/Content/JLiao_WBStreet_BuiltData.uasset'
[2019.01.16-20.57.11:179][355]LogSlate: Window 'JoeL_WBIC_sec2_AP - Unreal Editor' being destroyed
[2019.01.16-20.57.11:386][356]Cmd: QUIT_EDITOR
[2019.01.16-20.57.12:035][356]LogWindowsTextInputMethodSystem: Display: IME system now deactivated.
[2019.01.16-20.57.12:530][356]LogExit: Preparing to exit.
[2019.01.16-20.57.12:866][356]LogExit: Editor shut down
[2019.01.16-20.57.12:867][356]LogExit: Transaction tracking system shut down
[2019.01.16-20.57.13:062][356]LogExit: Object subsystem successfully closed.
[2019.01.16-20.57.13:083][356]LogShaderCompilers: Display: Shaders left to compile 0
[2019.01.16-20.57.13:086][356]LogD3D11RHI: Shutdown
[2019.01.16-20.57.13:086][356]LogD3D11RHI: CleanupD3DDevice
[2019.01.16-20.57.13:091][356]LogD3D11RHI: ~FD3D11DynamicRHI
[2019.01.16-20.57.13:111][356]LogModuleManager: Shutting down and abandoning module MovieSceneCapture (618)
[2019.01.16-20.57.13:111][356]LogModuleManager: Shutting down and abandoning module Voice (616)
[2019.01.16-20.57.13:112][356]LogModuleManager: Shutting down and abandoning module MeshBuilder (614)
[2019.01.16-20.57.13:112][356]LogModuleManager: Shutting down and abandoning module HierarchicalLODOutliner (612)
[2019.01.16-20.57.13:113][356]LogModuleManager: Shutting down and abandoning module SceneOutliner (610)
[2019.01.16-20.57.13:113][356]LogModuleManager: Shutting down and abandoning module AddContentDialog (608)
[2019.01.16-20.57.13:113][356]LogModuleManager: Shutting down and abandoning module WidgetCarousel (607)
[2019.01.16-20.57.13:113][356]LogModuleManager: Shutting down and abandoning module EditorWidgets (604)
[2019.01.16-20.57.13:113][356]LogModuleManager: Shutting down and abandoning module CollectionManager (602)
[2019.01.16-20.57.13:113][356]LogModuleManager: Shutting down and abandoning module HierarchicalLODUtilities (600)
[2019.01.16-20.57.13:113][356]LogModuleManager: Shutting down and abandoning module StatsViewer (598)
[2019.01.16-20.57.13:113][356]LogModuleManager: Shutting down and abandoning module FoliageEdit (596)
[2019.01.16-20.57.13:113][356]LogModuleManager: Shutting down and abandoning module LandscapeEditor (594)
[2019.01.16-20.57.13:113][356]LogModuleManager: Shutting down and abandoning module MeshPaintMode (592)
[2019.01.16-20.57.13:113][356]LogModuleManager: Shutting down and abandoning module SceneDepthPickerMode (590)
[2019.01.16-20.57.13:113][356]LogModuleManager: Shutting down and abandoning module ActorPickerMode (588)
[2019.01.16-20.57.13:113][356]LogModuleManager: Shutting down and abandoning module GeometryMode (586)
[2019.01.16-20.57.13:113][356]LogModuleManager: Shutting down and abandoning module TextureAlignMode (584)
[2019.01.16-20.57.13:113][356]LogModuleManager: Shutting down and abandoning module BspMode (582)
[2019.01.16-20.57.13:113][356]LogModuleManager: Shutting down and abandoning module PIEPreviewDeviceProfileSelector (580)
[2019.01.16-20.57.13:113][356]LogModuleManager: Shutting down and abandoning module SequenceRecorderSections (578)
[2019.01.16-20.57.13:113][356]LogModuleManager: Shutting down and abandoning module AutomationWorker (576)
[2019.01.16-20.57.13:113][356]LogModuleManager: Shutting down and abandoning module AudioCaptureEditor (574)
[2019.01.16-20.57.13:113][356]LogModuleManager: Shutting down and abandoning module SequenceRecorder (573)
[2019.01.16-20.57.13:113][356]LogModuleManager: Shutting down and abandoning module MatineeToLevelSequence (570)
[2019.01.16-20.57.13:113][356]LogModuleManager: Shutting down and abandoning module LevelSequenceEditor (568)
[2019.01.16-20.57.13:114][356]LogModuleManager: Shutting down and abandoning module PlacementMode (567)
[2019.01.16-20.57.13:114][356]LogModuleManager: Shutting down and abandoning module MaterialEditor (566)
[2019.01.16-20.57.13:114][356]LogModuleManager: Shutting down and abandoning module WmfMediaFactory (562)
[2019.01.16-20.57.13:114][356]LogModuleManager: Shutting down and abandoning module WmfMediaEditor (560)
[2019.01.16-20.57.13:114][356]LogModuleManager: Shutting down and abandoning module MediaPlayerEditor (558)
[2019.01.16-20.57.13:114][356]LogModuleManager: Shutting down and abandoning module OpenExrWrapper (556)
[2019.01.16-20.57.13:114][356]LogModuleManager: Shutting down and abandoning module ImgMediaFactory (554)
[2019.01.16-20.57.13:114][356]LogModuleManager: Shutting down and abandoning module ImgMediaEditor (552)
[2019.01.16-20.57.13:114][356]LogModuleManager: Shutting down and abandoning module AvfMediaFactory (550)
[2019.01.16-20.57.13:114][356]LogModuleManager: Shutting down and abandoning module AvfMediaEditor (548)
[2019.01.16-20.57.13:114][356]LogModuleManager: Shutting down and abandoning module AndroidMediaFactory (546)
[2019.01.16-20.57.13:114][356]LogModuleManager: Shutting down and abandoning module AndroidMediaEditor (544)
[2019.01.16-20.57.13:114][356]LogModuleManager: Shutting down and abandoning module MagicLeapCameraPreviewFactory (542)
[2019.01.16-20.57.13:114][356]LogModuleManager: Shutting down and abandoning module MagicLeapMediaFactory (540)
[2019.01.16-20.57.13:114][356]LogModuleManager: Shutting down and abandoning module MagicLeapMediaEditor (538)
[2019.01.16-20.57.13:114][356]LogModuleManager: Shutting down and abandoning module CharacterAI (536)
[2019.01.16-20.57.13:114][356]LogModuleManager: Shutting down and abandoning module SmartSnapping (534)
[2019.01.16-20.57.13:114][356]LogModuleManager: Shutting down and abandoning module SessionServices (532)
[2019.01.16-20.57.13:114][356]LogModuleManager: Shutting down and abandoning module ViewportSnapping (530)
[2019.01.16-20.57.13:114][356]LogModuleManager: Shutting down and abandoning module ViewportInteraction (528)
[2019.01.16-20.57.13:114][356]LogModuleManager: Shutting down and abandoning module ClothPainter (526)
[2019.01.16-20.57.13:114][356]LogModuleManager: Shutting down and abandoning module SkeletalMeshEditor (525)
[2019.01.16-20.57.13:114][356]LogModuleManager: Shutting down and abandoning module LogVisualizer (522)
[2019.01.16-20.57.13:114][356]LogModuleManager: Shutting down and abandoning module IntroTutorials (520)
[2019.01.16-20.57.13:114][356]LogModuleManager: Shutting down and abandoning module GameProjectGeneration (519)
[2019.01.16-20.57.13:114][356]LogModuleManager: Shutting down and abandoning module LuminPlatformEditor (516)
[2019.01.16-20.57.13:114][356]LogModuleManager: Shutting down and abandoning module IOSPlatformEditor (514)
[2019.01.16-20.57.13:114][356]LogModuleManager: Shutting down and abandoning module HTML5PlatformEditor (512)
[2019.01.16-20.57.13:114][356]LogModuleManager: Shutting down and abandoning module AndroidPlatformEditor (510)
[2019.01.16-20.57.13:114][356]LogModuleManager: Shutting down and abandoning module AndroidDeviceDetection (509)
[2019.01.16-20.57.13:795][356]LogModuleManager: Shutting down and abandoning module WindowsPlatformEditor (506)
[2019.01.16-20.57.13:795][356]LogModuleManager: Shutting down and abandoning module LuminRuntimeSettings (504)
[2019.01.16-20.57.13:795][356]LogModuleManager: Shutting down and abandoning module IOSRuntimeSettings (502)
[2019.01.16-20.57.13:795][356]LogModuleManager: Shutting down and abandoning module AndroidRuntimeSettings (500)
[2019.01.16-20.57.13:795][356]LogModuleManager: Shutting down and abandoning module InputBindingEditor (498)
[2019.01.16-20.57.13:795][356]LogModuleManager: Shutting down and abandoning module MergeActors (496)
[2019.01.16-20.57.13:797][356]LogModuleManager: Shutting down and abandoning module LocalizationDashboard (494)
[2019.01.16-20.57.13:797][356]LogModuleManager: Shutting down and abandoning module LocalizationService (493)
[2019.01.16-20.57.13:797][356]LogModuleManager: Shutting down and abandoning module HardwareTargeting (490)
[2019.01.16-20.57.13:797][356]LogModuleManager: Shutting down and abandoning module DeviceProfileEditor (488)
[2019.01.16-20.57.13:797][356]LogModuleManager: Shutting down and abandoning module UndoHistory (486)
[2019.01.16-20.57.13:797][356]LogModuleManager: Shutting down and abandoning module XmlParser (484)
[2019.01.16-20.57.13:797][356]LogModuleManager: Shutting down and abandoning module Blutility (482)
[2019.01.16-20.57.13:797][356]LogModuleManager: Shutting down and abandoning module ProjectSettingsViewer (480)
[2019.01.16-20.57.13:797][356]LogModuleManager: Shutting down and abandoning module ProjectTargetPlatformEditor (479)
[2019.01.16-20.57.13:797][356]LogModuleManager: Shutting down and abandoning module EditorSettingsViewer (476)
[2019.01.16-20.57.13:797][356]LogModuleManager: Shutting down and abandoning module SettingsEditor (474)
[2019.01.16-20.57.13:797][356]LogModuleManager: Shutting down and abandoning module ProjectLauncher (472)
[2019.01.16-20.57.13:797][356]LogModuleManager: Shutting down and abandoning module SessionFrontend (470)
[2019.01.16-20.57.13:797][356]LogModuleManager: Shutting down and abandoning module ProfilerClient (468)
[2019.01.16-20.57.13:797][356]LogModuleManager: Shutting down and abandoning module DeviceManager (466)
[2019.01.16-20.57.13:797][356]LogModuleManager: Shutting down and abandoning module TargetDeviceServices (465)
[2019.01.16-20.57.13:862][356]LogModuleManager: Shutting down and abandoning module AutomationController (462)
[2019.01.16-20.57.13:862][356]LogModuleManager: Shutting down and abandoning module AutomationWindow (460)
[2019.01.16-20.57.13:862][356]LogModuleManager: Shutting down and abandoning module Layers (458)
[2019.01.16-20.57.13:862][356]LogModuleManager: Shutting down and abandoning module ComponentVisualizers (456)
[2019.01.16-20.57.13:862][356]LogModuleManager: Shutting down and abandoning module DetailCustomizations (454)
[2019.01.16-20.57.13:862][356]LogModuleManager: Shutting down and abandoning module PackagesDialog (452)
[2019.01.16-20.57.13:862][356]LogModuleManager: Shutting down and abandoning module Persona (450)
[2019.01.16-20.57.13:862][356]LogModuleManager: Shutting down and abandoning module AdvancedPreviewScene (449)
[2019.01.16-20.57.13:862][356]LogModuleManager: Shutting down and abandoning module AnimGraph (447)
[2019.01.16-20.57.13:862][356]LogModuleManager: Shutting down and abandoning module Kismet (444)
[2019.01.16-20.57.13:862][356]LogModuleManager: Shutting down and abandoning module GraphEditor (442)
[2019.01.16-20.57.13:862][356]LogModuleManager: Shutting down and abandoning module ClassViewer (440)
[2019.01.16-20.57.13:862][356]LogModuleManager: Shutting down and abandoning module Toolbox (438)
[2019.01.16-20.57.13:862][356]LogModuleManager: Shutting down and abandoning module ModuleUI (436)
[2019.01.16-20.57.13:862][356]LogModuleManager: Shutting down and abandoning module MovieSceneTools (434)
[2019.01.16-20.57.13:862][356]LogModuleManager: Shutting down and abandoning module OutputLog (432)
[2019.01.16-20.57.13:862][356]LogModuleManager: Shutting down and abandoning module GammaUI (430)
[2019.01.16-20.57.13:862][356]LogModuleManager: Shutting down and abandoning module Documentation (428)
[2019.01.16-20.57.13:862][356]LogModuleManager: Shutting down and abandoning module MovieSceneTracks (426)
[2019.01.16-20.57.13:862][356]LogModuleManager: Shutting down and abandoning module MovieScene (424)
[2019.01.16-20.57.13:862][356]LogModuleManager: Shutting down and abandoning module StreamingPauseRendering (422)
[2019.01.16-20.57.13:862][356]LogModuleManager: Shutting down and abandoning module LauncherPlatform (420)
[2019.01.16-20.57.13:863][356]LogModuleManager: Shutting down and abandoning module AnalyticsET (418)
[2019.01.16-20.57.13:863][356]LogModuleManager: Shutting down and abandoning module PortalServices (416)
[2019.01.16-20.57.13:863][356]LogModuleManager: Shutting down and abandoning module PortalRpc (414)
[2019.01.16-20.57.13:863][356]LogModuleManager: Shutting down and abandoning module MessagingRpc (412)
[2019.01.16-20.57.13:863][356]LogModuleManager: Shutting down and abandoning module AIModule (410)
[2019.01.16-20.57.13:863][356]LogModuleManager: Shutting down and abandoning module GameplayDebugger (409)
[2019.01.16-20.57.13:863][356]LogModuleManager: Shutting down and abandoning module AITestSuite (407)
[2019.01.16-20.57.13:863][356]LogModuleManager: Shutting down and abandoning module NavigationSystem (405)
[2019.01.16-20.57.13:863][356]LogModuleManager: Shutting down and abandoning module DesktopPlatform (402)
[2019.01.16-20.57.13:863][356]LogModuleManager: Shutting down and abandoning module ProfilerService (400)
[2019.01.16-20.57.13:985][356]LogModuleManager: Shutting down and abandoning module TaskGraph (398)
[2019.01.16-20.57.13:985][356]LogModuleManager: Shutting down and abandoning module SteamVRController (396)
[2019.01.16-20.57.13:985][356]LogModuleManager: Shutting down and abandoning module ProceduralMeshComponentEditor (394)
[2019.01.16-20.57.13:985][356]LogModuleManager: Shutting down and abandoning module ProceduralMeshComponent (392)
[2019.01.16-20.57.13:985][356]LogModuleManager: Shutting down and abandoning module OculusInput (390)
[2019.01.16-20.57.13:986][356]LogModuleManager: Shutting down and abandoning module MobilePatchingUtils (388)
[2019.01.16-20.57.13:986][356]LogModuleManager: Shutting down and abandoning module EditableMesh (386)
[2019.01.16-20.57.13:986][356]LogModuleManager: Shutting down and abandoning module CustomMeshComponent (384)
[2019.01.16-20.57.13:986][356]LogModuleManager: Shutting down and abandoning module CableComponent (382)
[2019.01.16-20.57.13:986][356]LogModuleManager: Shutting down and abandoning module AudioCapture (380)
[2019.01.16-20.57.13:986][356]LogModuleManager: Shutting down and abandoning module ArchVisCharacter (378)
[2019.01.16-20.57.13:986][356]LogModuleManager: Shutting down and abandoning module AndroidPermission (376)
[2019.01.16-20.57.13:986][356]LogModuleManager: Shutting down and abandoning module NUTUnrealEngine4 (374)
[2019.01.16-20.57.13:986][356]LogModuleManager: Shutting down and abandoning module NetcodeUnitTest (372)
[2019.01.16-20.57.13:986][356]LogModuleManager: Shutting down and abandoning module MediaCompositingEditor (370)
[2019.01.16-20.57.13:986][356]LogModuleManager: Shutting down and abandoning module MediaCompositing (368)
[2019.01.16-20.57.13:986][356]LogModuleManager: Shutting down and abandoning module LinearTimecode (366)
[2019.01.16-20.57.13:986][356]LogModuleManager: Shutting down and abandoning module ImgMedia (364)
[2019.01.16-20.57.13:988][356]LogModuleManager: Shutting down and abandoning module HTML5Networking (362)
[2019.01.16-20.57.13:988][356]LogModuleManager: Shutting down and abandoning module GeometryCacheTracks (360)
[2019.01.16-20.57.13:988][356]LogModuleManager: Shutting down and abandoning module GeometryCacheSequencer (358)
[2019.01.16-20.57.13:988][356]LogModuleManager: Shutting down and abandoning module BackChannel (356)
[2019.01.16-20.57.13:988][356]LogModuleManager: Shutting down and abandoning module AppleVision (354)
[2019.01.16-20.57.13:988][356]LogModuleManager: Shutting down and abandoning module AppleImageUtils (352)
[2019.01.16-20.57.13:988][356]LogModuleManager: Shutting down and abandoning module AlembicImporter (350)
[2019.01.16-20.57.13:989][356]LogModuleManager: Shutting down and abandoning module AlembicLibrary (349)
[2019.01.16-20.57.13:989][356]LogModuleManager: Shutting down and abandoning module GeometryCache (348)
[2019.01.16-20.57.13:989][356]LogModuleManager: Shutting down and abandoning module GeometryCacheEd (347)
[2019.01.16-20.57.13:989][356]LogModuleManager: Shutting down and abandoning module DatasmithContentEditor (342)
[2019.01.16-20.57.13:989][356]LogModuleManager: Shutting down and abandoning module DatasmithContent (340)
[2019.01.16-20.57.13:989][356]LogModuleManager: Shutting down and abandoning module SpeedTreeImporter (338)
[2019.01.16-20.57.13:989][356]LogModuleManager: Shutting down and abandoning module PluginBrowser (336)
[2019.01.16-20.57.13:989][356]LogModuleManager: Shutting down and abandoning module MobileLauncherProfileWizard (334)
[2019.01.16-20.57.13:989][356]LogModuleManager: Shutting down and abandoning module PolygonModeling (332)
[2019.01.16-20.57.13:989][356]LogModuleManager: Shutting down and abandoning module MeshEditor (330)
[2019.01.16-20.57.13:989][356]LogModuleManager: Shutting down and abandoning module CryptoKeysOpenSSL (328)
[2019.01.16-20.57.13:989][356]LogModuleManager: Shutting down and abandoning module CryptoKeys (326)
[2019.01.16-20.57.13:989][356]LogModuleManager: Shutting down and abandoning module VisualStudioSourceCodeAccess (324)
[2019.01.16-20.57.13:989][356]LogModuleManager: Shutting down and abandoning module VisualStudioCodeSourceCodeAccess (322)
[2019.01.16-20.57.13:989][356]LogModuleManager: Shutting down and abandoning module UObjectPlugin (320)
[2019.01.16-20.57.13:989][356]LogModuleManager: Shutting down and abandoning module SubversionSourceControl (318)
[2019.01.16-20.57.13:989][356]LogModuleManager: Shutting down and abandoning module PerforceSourceControl (316)
[2019.01.16-20.57.13:990][356]LogModuleManager: Shutting down and abandoning module GitSourceControl (314)
[2019.01.16-20.57.13:990][356]LogModuleManager: Shutting down and abandoning module SourceControl (313)
[2019.01.16-20.57.13:990][356]LogModuleManager: Shutting down and abandoning module CLionSourceCodeAccess (310)
[2019.01.16-20.57.13:990][356]LogModuleManager: Shutting down and abandoning module LightPropagationVolumeEditor (308)
[2019.01.16-20.57.13:990][356]LogModuleManager: Shutting down and abandoning module PaperTiledImporter (306)
[2019.01.16-20.57.13:990][356]LogModuleManager: Shutting down and abandoning module PaperSpriteSheetImporter (304)
[2019.01.16-20.57.13:990][356]LogModuleManager: Shutting down and abandoning module Paper2DEditor (302)
[2019.01.16-20.57.13:990][356]LogModuleManager: Shutting down and abandoning module MeshPaint (301)
[2019.01.16-20.57.13:990][356]LogModuleManager: Shutting down and abandoning module RuntimePhysXCooking (298)
[2019.01.16-20.57.13:990][356]LogModuleManager: Shutting down and abandoning module PhysXVehiclesEditor (296)
[2019.01.16-20.57.13:990][356]LogModuleManager: Shutting down and abandoning module PhysXVehicles (294)
[2019.01.16-20.57.13:990][356]LogModuleManager: Shutting down and abandoning module OculusEditor (292)
[2019.01.16-20.57.13:990][356]LogModuleManager: Shutting down and abandoning module LocationServicesBPLibrary (290)
[2019.01.16-20.57.13:990][356]LogModuleManager: Shutting down and abandoning module ImmediatePhysicsEditor (288)
[2019.01.16-20.57.13:990][356]LogModuleManager: Shutting down and abandoning module ImmediatePhysics (286)
[2019.01.16-20.57.13:990][356]LogModuleManager: Shutting down and abandoning module ActorSequence (284)
[2019.01.16-20.57.13:990][356]LogModuleManager: Shutting down and abandoning module UdpMessaging (282)
[2019.01.16-20.57.14:091][356]LogModuleManager: Shutting down and abandoning module TcpMessaging (280)
[2019.01.16-20.57.14:192][356]LogModuleManager: Shutting down and abandoning module MagicLeapAudio (278)
[2019.01.16-20.57.14:192][356]LogModuleManager: Shutting down and abandoning module GameplayTagsEditor (276)
[2019.01.16-20.57.14:192][356]LogModuleManager: Shutting down and abandoning module FacialAnimationEditor (274)
[2019.01.16-20.57.14:192][356]LogModuleManager: Shutting down and abandoning module FacialAnimation (272)
[2019.01.16-20.57.14:192][356]LogModuleManager: Shutting down and abandoning module DataValidation (270)
[2019.01.16-20.57.14:192][356]LogModuleManager: Shutting down and abandoning module AssetManagerEditor (268)
[2019.01.16-20.57.14:192][356]LogModuleManager: Shutting down and abandoning module LevelEditor (267)
[2019.01.16-20.57.14:192][356]LogModuleManager: Shutting down and abandoning module PixelInspectorModule (266)
[2019.01.16-20.57.14:192][356]LogModuleManager: Shutting down and abandoning module CommonMenuExtensions (264)
[2019.01.16-20.57.14:192][356]LogModuleManager: Shutting down and abandoning module MainFrame (262)
[2019.01.16-20.57.14:193][356]LogModuleManager: Shutting down and abandoning module HotReload (261)
[2019.01.16-20.57.14:193][356]LogModuleManager: Shutting down and abandoning module ContentBrowser (257)
[2019.01.16-20.57.14:194][356]LogModuleManager: Shutting down and abandoning module TreeMap (255)
[2019.01.16-20.57.14:194][356]LogModuleManager: Shutting down and abandoning module LightPropagationVolumeRuntime (252)
[2019.01.16-20.57.14:194][356]LogModuleManager: Shutting down and abandoning module AISupportModule (250)
[2019.01.16-20.57.14:194][356]LogModuleManager: Shutting down and abandoning module Paper2D (248)
[2019.01.16-20.57.14:194][356]LogModuleManager: Shutting down and abandoning module WindowsMoviePlayer (246)
[2019.01.16-20.57.14:194][356]LogModuleManager: Shutting down and abandoning module WmfMedia (244)
[2019.01.16-20.57.14:195][356]LogModuleManager: Shutting down and abandoning module Media (243)
[2019.01.16-20.57.14:201][356]LogModuleManager: Shutting down and abandoning module PacketHandler (240)
[2019.01.16-20.57.14:201][356]LogModuleManager: Shutting down and abandoning module ClothingSystemEditor (238)
[2019.01.16-20.57.14:201][356]LogModuleManager: Shutting down and abandoning module ClothingSystemRuntime (236)
[2019.01.16-20.57.14:201][356]LogModuleManager: Shutting down and abandoning module MediaAssets (234)
[2019.01.16-20.57.14:201][356]LogModuleManager: Shutting down and abandoning module Overlay (232)
[2019.01.16-20.57.14:201][356]LogModuleManager: Shutting down and abandoning module OverlayEditor (231)
[2019.01.16-20.57.14:201][356]LogModuleManager: Shutting down and abandoning module VREditor (228)
[2019.01.16-20.57.14:201][356]LogModuleManager: Shutting down and abandoning module StringTableEditor (226)
[2019.01.16-20.57.14:201][356]LogModuleManager: Shutting down and abandoning module GameplayTasksEditor (224)
[2019.01.16-20.57.14:201][356]LogModuleManager: Shutting down and abandoning module BehaviorTreeEditor (222)
[2019.01.16-20.57.14:201][356]LogModuleManager: Shutting down and abandoning module FunctionalTesting (220)
[2019.01.16-20.57.14:201][356]LogModuleManager: Shutting down and abandoning module CollisionAnalyzer (218)
[2019.01.16-20.57.14:201][356]LogModuleManager: Shutting down and abandoning module WorkspaceMenuStructure (217)
[2019.01.16-20.57.14:201][356]LogModuleManager: Shutting down and abandoning module UMG (214)
[2019.01.16-20.57.14:202][356]LogModuleManager: Shutting down and abandoning module UMGEditor (213)
[2019.01.16-20.57.14:202][356]LogModuleManager: Shutting down and abandoning module Sequencer (212)
[2019.01.16-20.57.14:202][356]LogModuleManager: Shutting down and abandoning module MessageLog (209)
[2019.01.16-20.57.14:202][356]LogModuleManager: Shutting down and abandoning module SlateReflector (204)
[2019.01.16-20.57.14:202][356]LogModuleManager: Shutting down and abandoning module Slate (202)
[2019.01.16-20.57.14:202][356]LogModuleManager: Shutting down and abandoning module EditorStyle (200)
[2019.01.16-20.57.14:203][356]LogModuleManager: Shutting down and abandoning module MRMesh (198)
[2019.01.16-20.57.14:203][356]LogModuleManager: Shutting down and abandoning module SourceCodeAccess (196)
[2019.01.16-20.57.14:203][356]LogModuleManager: Shutting down and abandoning module HeadMountedDisplay (194)
[2019.01.16-20.57.14:203][356]LogModuleManager: Shutting down and abandoning module XAudio2 (192)
[2019.01.16-20.57.14:203][356]LogModuleManager: Shutting down and abandoning module Networking (190)
[2019.01.16-20.57.14:203][356]LogModuleManager: Shutting down and abandoning module Core (188)
[2019.01.16-20.57.14:203][356]LogModuleManager: Shutting down and abandoning module LevelSequence (186)
[2019.01.16-20.57.14:203][356]LogModuleManager: Shutting down and abandoning module KismetCompiler (184)
[2019.01.16-20.57.14:203][356]LogModuleManager: Shutting down and abandoning module MeshUtilities (182)
[2019.01.16-20.57.14:203][356]LogModuleManager: Shutting down and abandoning module MeshMergeUtilities (181)
[2019.01.16-20.57.14:203][356]LogModuleManager: Shutting down and abandoning module MeshReductionInterface (180)
[2019.01.16-20.57.14:203][356]LogModuleManager: Shutting down and abandoning module SimplygonSwarm (179)
[2019.01.16-20.57.14:203][356]LogModuleManager: Shutting down and abandoning module ProxyLODMeshReduction (177)
[2019.01.16-20.57.14:203][356]LogModuleManager: Shutting down and abandoning module SimplygonMeshReduction (175)
[2019.01.16-20.57.14:203][356]LogModuleManager: Shutting down and abandoning module QuadricMeshReduction (173)
[2019.01.16-20.57.14:203][356]LogModuleManager: Shutting down and abandoning module MaterialBaking (169)
[2019.01.16-20.57.14:203][356]LogModuleManager: Shutting down and abandoning module DirectoryWatcher (165)
[2019.01.16-20.57.14:203][356]LogModuleManager: Shutting down and abandoning module DerivedDataCache (162)
[2019.01.16-20.57.14:254][356]LogDerivedDataCache: Shutdown
[2019.01.16-20.57.14:254][356]LogModuleManager: Shutting down and abandoning module XGEController (160)
[2019.01.16-20.57.14:254][356]LogModuleManager: Shutting down and abandoning module TargetPlatform (158)
[2019.01.16-20.57.14:254][356]LogModuleManager: Shutting down and abandoning module VulkanShaderFormat (157)
[2019.01.16-20.57.14:254][356]LogModuleManager: Shutting down and abandoning module ShaderFormatVectorVM (155)
[2019.01.16-20.57.14:254][356]LogModuleManager: Shutting down and abandoning module ShaderFormatOpenGL (153)
[2019.01.16-20.57.14:254][356]LogModuleManager: Shutting down and abandoning module ShaderFormatD3D (151)
[2019.01.16-20.57.14:254][356]LogModuleManager: Shutting down and abandoning module MetalShaderFormat (149)
[2019.01.16-20.57.14:254][356]LogModuleManager: Shutting down and abandoning module TextureFormatUncompressed (147)
[2019.01.16-20.57.14:254][356]LogModuleManager: Shutting down and abandoning module TextureFormatPVR (145)
[2019.01.16-20.57.14:254][356]LogModuleManager: Shutting down and abandoning module TextureFormatDXT (143)
[2019.01.16-20.57.14:254][356]LogModuleManager: Shutting down and abandoning module TextureFormatIntelISPCTexComp (141)
[2019.01.16-20.57.14:254][356]LogModuleManager: Shutting down and abandoning module TextureFormatASTC (139)
[2019.01.16-20.57.14:254][356]LogModuleManager: Shutting down and abandoning module ImageWrapper (138)
[2019.01.16-20.57.14:254][356]LogModuleManager: Shutting down and abandoning module TextureFormatAndroid (135)
[2019.01.16-20.57.14:254][356]LogModuleManager: Shutting down and abandoning module AudioFormatOpus (133)
[2019.01.16-20.57.14:255][356]LogModuleManager: Shutting down and abandoning module AudioFormatOgg (131)
[2019.01.16-20.57.14:255][356]LogModuleManager: Shutting down and abandoning module AudioFormatADPCM (129)
[2019.01.16-20.57.14:255][356]LogModuleManager: Shutting down and abandoning module LuminTargetPlatform (127)
[2019.01.16-20.57.14:255][356]LogModuleManager: Shutting down and abandoning module LinuxTargetPlatform (125)
[2019.01.16-20.57.14:255][356]LogModuleManager: Shutting down and abandoning module LinuxServerTargetPlatform (123)
[2019.01.16-20.57.14:255][356]LogModuleManager: Shutting down and abandoning module LinuxNoEditorTargetPlatform (121)
[2019.01.16-20.57.14:255][356]LogModuleManager: Shutting down and abandoning module LinuxClientTargetPlatform (119)
[2019.01.16-20.57.14:255][356]LogModuleManager: Shutting down and abandoning module TVOSTargetPlatform (117)
[2019.01.16-20.57.14:255][356]LogModuleManager: Shutting down and abandoning module Messaging (115)
[2019.01.16-20.57.14:255][356]LogModuleManager: Shutting down and abandoning module IOSTargetPlatform (113)
[2019.01.16-20.57.14:256][356]LogModuleManager: Shutting down and abandoning module HTML5TargetPlatform (111)
[2019.01.16-20.57.14:256][356]LogModuleManager: Shutting down and abandoning module AndroidTargetPlatform (109)
[2019.01.16-20.57.14:260][356]LogModuleManager: Shutting down and abandoning module WindowsTargetPlatform (107)
[2019.01.16-20.57.14:261][356]LogModuleManager: Shutting down and abandoning module WindowsServerTargetPlatform (105)
[2019.01.16-20.57.14:261][356]LogModuleManager: Shutting down and abandoning module WindowsNoEditorTargetPlatform (103)
[2019.01.16-20.57.14:261][356]LogModuleManager: Shutting down and abandoning module WindowsClientTargetPlatform (101)
[2019.01.16-20.57.14:261][356]LogModuleManager: Shutting down and abandoning module MacTargetPlatform (99)
[2019.01.16-20.57.14:261][356]LogModuleManager: Shutting down and abandoning module MacServerTargetPlatform (97)
[2019.01.16-20.57.14:261][356]LogModuleManager: Shutting down and abandoning module MacNoEditorTargetPlatform (95)
[2019.01.16-20.57.14:261][356]LogModuleManager: Shutting down and abandoning module MacClientTargetPlatform (93)
[2019.01.16-20.57.14:261][356]LogModuleManager: Shutting down and abandoning module AllDesktopTargetPlatform (91)
[2019.01.16-20.57.14:261][356]LogModuleManager: Shutting down and abandoning module InputCore (88)
[2019.01.16-20.57.14:261][356]LogModuleManager: Shutting down and abandoning module Settings (86)
[2019.01.16-20.57.14:261][356]LogModuleManager: Shutting down and abandoning module PhysXCooking (84)
[2019.01.16-20.57.14:261][356]LogModuleManager: Shutting down and abandoning module SteamVR (82)
[2019.01.16-20.57.14:261][356]LogModuleManager: Shutting down and abandoning module OculusHMD (80)
[2019.01.16-20.57.14:261][356]LogModuleManager: Shutting down and abandoning module ExampleDeviceProfileSelector (78)
[2019.01.16-20.57.14:261][356]LogModuleManager: Shutting down and abandoning module LauncherChunkInstaller (76)
[2019.01.16-20.57.14:261][356]LogModuleManager: Shutting down and abandoning module OnlineBlueprintSupport (74)
[2019.01.16-20.57.14:261][356]LogModuleManager: Shutting down and abandoning module OnlineSubsystem (70)
[2019.01.16-20.57.14:261][356]LogModuleManager: Shutting down and abandoning module XMPP (65)
[2019.01.16-20.57.14:261][356]LogModuleManager: Shutting down and abandoning module WebSockets (64)
[2019.01.16-20.57.14:265][356]LogModuleManager: Shutting down and abandoning module HTTP (61)
[2019.01.16-20.57.14:265][356]LogHttp: Display: Http module shutting down, but needs to wait on 1 outstanding Http requests:
[2019.01.16-20.57.14:265][356]LogHttp: Display: 	verb=[POST] url=[https://datarouter.ol.epicgames.com/datarouter/api/v1/public/data?SessionID=%7BFCC803FF-4316-08C6-E71A-73AF47A422F0%7D&AppID=UEEditor.Rocket.Release&AppVersion=4.20.3-4369336%2B%2B%2BUE4%2BRelease-4.20&UserID=494e472648b328147c31a7baf68fb636%7C7d8407c65419443c9dc9be316c9ed383%7Ce7b110cc-1a49-4b3b-976f-10b06697675e&AppEnvironment=datacollector-binary&UploadType=eteventstream] status=Processing
[2019.01.16-20.57.14:290][356]LogModuleManager: Shutting down and abandoning module SSL (60)
[2019.01.16-20.57.14:291][356]LogModuleManager: Shutting down and abandoning module MagicLeapEmulator (56)
[2019.01.16-20.57.14:291][356]LogModuleManager: Shutting down and abandoning module MagicLeapPrivileges (54)
[2019.01.16-20.57.14:291][356]LogModuleManager: Shutting down and abandoning module MagicLeapIdentity (52)
[2019.01.16-20.57.14:291][356]LogModuleManager: Shutting down and abandoning module MagicLeapHelperVulkan (50)
[2019.01.16-20.57.14:291][356]LogModuleManager: Shutting down and abandoning module MagicLeapHelperOpenGL (48)
[2019.01.16-20.57.14:291][356]LogModuleManager: Shutting down and abandoning module MagicLeapSecureStorage (46)
[2019.01.16-20.57.14:291][356]LogModuleManager: Shutting down and abandoning module MagicLeapGestures (44)
[2019.01.16-20.57.14:291][356]LogModuleManager: Shutting down and abandoning module MagicLeapEyeTracker (42)
[2019.01.16-20.57.14:291][356]LogModuleManager: Shutting down and abandoning module MagicLeapController (40)
[2019.01.16-20.57.14:291][356]LogSlate: Slate User Destroyed.  User Index 0, Is Virtual User: 0
[2019.01.16-20.57.14:291][356]LogModuleManager: Shutting down and abandoning module MagicLeap (38)
[2019.01.16-20.57.14:291][356]LogModuleManager: Shutting down and abandoning module AnimationModifiers (36)
[2019.01.16-20.57.14:291][356]LogModuleManager: Shutting down and abandoning module PropertyEditor (35)
[2019.01.16-20.57.14:291][356]LogModuleManager: Shutting down and abandoning module AudioEditor (32)
[2019.01.16-20.57.14:291][356]LogModuleManager: Shutting down and abandoning module TextureCompressor (30)
[2019.01.16-20.57.14:292][356]LogModuleManager: Shutting down and abandoning module ShaderCore (28)
[2019.01.16-20.57.14:292][356]LogModuleManager: Shutting down and abandoning module Landscape (26)
[2019.01.16-20.57.14:292][356]LogModuleManager: Shutting down and abandoning module SlateRHIRenderer (24)
[2019.01.16-20.57.14:292][356]LogModuleManager: Shutting down and abandoning module OpenGLDrv (22)
[2019.01.16-20.57.14:292][356]LogModuleManager: Shutting down and abandoning module D3D11RHI (20)
[2019.01.16-20.57.14:292][356]LogModuleManager: Shutting down and abandoning module AnimGraphRuntime (18)
[2019.01.16-20.57.14:292][356]LogModuleManager: Shutting down and abandoning module Renderer (16)
[2019.01.16-20.57.14:292][356]LogModuleManager: Shutting down and abandoning module Engine (14)
[2019.01.16-20.57.14:292][356]LogModuleManager: Shutting down and abandoning module CoreUObject (12)
[2019.01.16-20.57.14:292][356]LogModuleManager: Shutting down and abandoning module NetworkFile (10)
[2019.01.16-20.57.14:292][356]LogModuleManager: Shutting down and abandoning module CookedIterativeFile (8)
[2019.01.16-20.57.14:292][356]LogModuleManager: Shutting down and abandoning module StreamingFile (6)
[2019.01.16-20.57.14:292][356]LogModuleManager: Shutting down and abandoning module SandboxFile (4)
[2019.01.16-20.57.14:292][356]LogModuleManager: Shutting down and abandoning module PakFile (2)
[2019.01.16-20.57.14:298][356]LogExit: Exiting.
[2019.01.16-20.57.14:310][356]Log file closed, 01/16/19 13:57:14
